<?xml version="1.0" encoding="UTF-8"?>
<robot generator="Robot 6.1.1 (Python 3.9.0 on win32)" generated="20231108 13:28:09.131" rpa="true" schemaversion="4">
<suite id="s1" name="Run task" source="D:\automate\Onborad CC SPC SPL\3.Task\Run task.robot">
<test id="s1-t1" name="Onboarding And Get Names" line="131">
<kw name="Open web onbording" library="Keywords">
<kw name="Open Browser" library="SeleniumLibrary">
<arg>browser=gc</arg>
<arg>alias=BrowserA</arg>
<doc>Opens a new browser instance to the optional ``url``.</doc>
<msg timestamp="20231108 13:28:10.242" level="INFO">Opening browser 'gc' to base url 'None'.</msg>
<status status="PASS" starttime="20231108 13:28:10.242" endtime="20231108 13:28:11.369"/>
</kw>
<kw name="Go To" library="SeleniumLibrary">
<arg>${URL}</arg>
<doc>Navigates the current browser window to the provided ``url``.</doc>
<msg timestamp="20231108 13:28:11.369" level="INFO">Opening url 'https://cardxscb--uat.sandbox.my.salesforce.com/?ec=302&amp;startURL=%2Fvisualforce%2Fsession%3Furl%3Dhttps%253A%252F%252Fcardxscb--uat.sandbox.lightning.force.com%252Fvisualforce%252Fsession%253Furl%253Dhttps%25253A%25252F%25252Fcardxscb--uat--c.sandbox.vf.force.com%25252Fapex%25252FSLS_AssistedSalesApp'</msg>
<status status="PASS" starttime="20231108 13:28:11.369" endtime="20231108 13:28:13.259"/>
</kw>
<kw name="Maximize Browser Window" library="SeleniumLibrary">
<doc>Maximizes current browser window.</doc>
<status status="PASS" starttime="20231108 13:28:13.259" endtime="20231108 13:28:13.454"/>
</kw>
<status status="PASS" starttime="20231108 13:28:10.242" endtime="20231108 13:28:13.455"/>
</kw>
<kw name="login" library="Keywords">
<arg>${username_UAT}</arg>
<arg>${password_UAT}</arg>
<kw name="Wait Until Element Is Visible" library="SeleniumLibrary">
<arg>xpath=//*[@id="Login"]</arg>
<doc>Waits until the element ``locator`` is visible.</doc>
<status status="PASS" starttime="20231108 13:28:13.457" endtime="20231108 13:28:13.552"/>
</kw>
<kw name="Input Text" library="SeleniumLibrary">
<arg>id=username</arg>
<arg>${username}</arg>
<doc>Types the given ``text`` into the text field identified by ``locator``.</doc>
<msg timestamp="20231108 13:28:13.552" level="INFO">Typing text 'Alonggorn.p@cardx.uat' into text field 'id=username'.</msg>
<status status="PASS" starttime="20231108 13:28:13.552" endtime="20231108 13:28:13.783"/>
</kw>
<kw name="Input Password" library="SeleniumLibrary">
<arg>id=password</arg>
<arg>${password}</arg>
<doc>Types the given password into the text field identified by ``locator``.</doc>
<msg timestamp="20231108 13:28:13.784" level="INFO">Typing password into text field 'id=password'.</msg>
<msg timestamp="20231108 13:28:13.824" level="INFO">Temporally setting log level to: NONE</msg>
<msg timestamp="20231108 13:28:13.882" level="INFO">Log level changed from NONE to INFO.</msg>
<status status="PASS" starttime="20231108 13:28:13.784" endtime="20231108 13:28:13.882"/>
</kw>
<kw name="Click Button" library="SeleniumLibrary">
<arg>xpath=//*[@id="Login"]</arg>
<doc>Clicks the button identified by ``locator``.</doc>
<msg timestamp="20231108 13:28:13.883" level="INFO">Clicking button 'xpath=//*[@id="Login"]'.</msg>
<status status="PASS" starttime="20231108 13:28:13.883" endtime="20231108 13:28:16.770"/>
</kw>
<status status="PASS" starttime="20231108 13:28:13.455" endtime="20231108 13:28:16.770"/>
</kw>
<kw name="Pause Execution" library="Dialogs">
<arg>Please enter "Salesforce Authenticator"</arg>
<doc>Pauses execution until user clicks ``Ok`` button.</doc>
<status status="PASS" starttime="20231108 13:28:16.771" endtime="20231108 13:28:21.256"/>
</kw>
<for flavor="IN RANGE">
<var>${ROW}</var>
<value>2</value>
<value>${MAX_ROW}</value>
<iter>
<var name="${ROW}">2</var>
<kw name="Read Excel Data" library="Keywords">
<var>${CID_Excel}</var>
<var>${Phone number_Excel}</var>
<var>${Date of birth_Excel}</var>
<var>${thaiFirstName_Excel}</var>
<var>${thaiLastName_Excel}</var>
<var>${englishFirstName_Excel}</var>
<var>${englishLastName_Excel}</var>
<var>${Income_Excel}</var>
<var>${Email_Excel}</var>
<arg>${ROW}</arg>
<kw name="Open Workbook" library="RPA.Excel.Files">
<arg>${FILE_PATH}</arg>
<doc>Open an existing Excel workbook.</doc>
<msg timestamp="20231108 13:28:21.288" level="INFO">Opened workbook: &lt;RPA.Excel.Files.XlsxWorkbook object at 0x00000215269A8430&gt;</msg>
<status status="PASS" starttime="20231108 13:28:21.266" endtime="20231108 13:28:21.288"/>
</kw>
<kw name="Get Cell Value" library="RPA.Excel.Files">
<var>${value1}</var>
<arg>${row}</arg>
<arg>1</arg>
<doc>Get a cell value in the given worksheet.</doc>
<msg timestamp="20231108 13:28:21.289" level="INFO">${value1} = 3102268973232</msg>
<status status="PASS" starttime="20231108 13:28:21.288" endtime="20231108 13:28:21.289"/>
</kw>
<kw name="Get Cell Value" library="RPA.Excel.Files">
<var>${value2}</var>
<arg>${row}</arg>
<arg>2</arg>
<doc>Get a cell value in the given worksheet.</doc>
<msg timestamp="20231108 13:28:21.289" level="INFO">${value2} = 900015699</msg>
<status status="PASS" starttime="20231108 13:28:21.289" endtime="20231108 13:28:21.289"/>
</kw>
<kw name="Get Cell Value" library="RPA.Excel.Files">
<var>${value3}</var>
<arg>${row}</arg>
<arg>3</arg>
<doc>Get a cell value in the given worksheet.</doc>
<msg timestamp="20231108 13:28:21.290" level="INFO">${value3} = 1989-01-01 00:00:00</msg>
<status status="PASS" starttime="20231108 13:28:21.289" endtime="20231108 13:28:21.290"/>
</kw>
<kw name="Get Cell Value" library="RPA.Excel.Files">
<var>${value4}</var>
<arg>${row}</arg>
<arg>4</arg>
<doc>Get a cell value in the given worksheet.</doc>
<msg timestamp="20231108 13:28:21.290" level="INFO">${value4} = None</msg>
<status status="PASS" starttime="20231108 13:28:21.290" endtime="20231108 13:28:21.290"/>
</kw>
<kw name="Get Cell Value" library="RPA.Excel.Files">
<var>${value5}</var>
<arg>${row}</arg>
<arg>5</arg>
<doc>Get a cell value in the given worksheet.</doc>
<msg timestamp="20231108 13:28:21.290" level="INFO">${value5} = None</msg>
<status status="PASS" starttime="20231108 13:28:21.290" endtime="20231108 13:28:21.290"/>
</kw>
<kw name="Get Cell Value" library="RPA.Excel.Files">
<var>${value6}</var>
<arg>${row}</arg>
<arg>6</arg>
<doc>Get a cell value in the given worksheet.</doc>
<msg timestamp="20231108 13:28:21.291" level="INFO">${value6} = None</msg>
<status status="PASS" starttime="20231108 13:28:21.291" endtime="20231108 13:28:21.291"/>
</kw>
<kw name="Get Cell Value" library="RPA.Excel.Files">
<var>${value7}</var>
<arg>${row}</arg>
<arg>7</arg>
<doc>Get a cell value in the given worksheet.</doc>
<msg timestamp="20231108 13:28:21.291" level="INFO">${value7} = None</msg>
<status status="PASS" starttime="20231108 13:28:21.291" endtime="20231108 13:28:21.291"/>
</kw>
<kw name="Get Cell Value" library="RPA.Excel.Files">
<var>${value8}</var>
<arg>${row}</arg>
<arg>8</arg>
<doc>Get a cell value in the given worksheet.</doc>
<msg timestamp="20231108 13:28:21.292" level="INFO">${value8} = 50000</msg>
<status status="PASS" starttime="20231108 13:28:21.291" endtime="20231108 13:28:21.292"/>
</kw>
<kw name="Get Cell Value" library="RPA.Excel.Files">
<var>${value9}</var>
<arg>${row}</arg>
<arg>9</arg>
<doc>Get a cell value in the given worksheet.</doc>
<msg timestamp="20231108 13:28:21.292" level="INFO">${value9} = Testdata01_spc3223@gmail.com</msg>
<status status="PASS" starttime="20231108 13:28:21.292" endtime="20231108 13:28:21.292"/>
</kw>
<kw name="Close Workbook" library="RPA.Excel.Files">
<doc>Close the active workbook.</doc>
<msg timestamp="20231108 13:28:21.292" level="INFO">Closing workbook: &lt;RPA.Excel.Files.XlsxWorkbook object at 0x00000215269A8430&gt;</msg>
<status status="PASS" starttime="20231108 13:28:21.292" endtime="20231108 13:28:21.292"/>
</kw>
<msg timestamp="20231108 13:28:21.293" level="INFO">${CID_Excel} = 3102268973232</msg>
<msg timestamp="20231108 13:28:21.293" level="INFO">${Phone number_Excel} = 900015699</msg>
<msg timestamp="20231108 13:28:21.293" level="INFO">${Date of birth_Excel} = 1989-01-01 00:00:00</msg>
<msg timestamp="20231108 13:28:21.293" level="INFO">${thaiFirstName_Excel} = None</msg>
<msg timestamp="20231108 13:28:21.293" level="INFO">${thaiLastName_Excel} = None</msg>
<msg timestamp="20231108 13:28:21.293" level="INFO">${englishFirstName_Excel} = None</msg>
<msg timestamp="20231108 13:28:21.293" level="INFO">${englishLastName_Excel} = None</msg>
<msg timestamp="20231108 13:28:21.293" level="INFO">${Income_Excel} = 50000</msg>
<msg timestamp="20231108 13:28:21.293" level="INFO">${Email_Excel} = Testdata01_spc3223@gmail.com</msg>
<status status="PASS" starttime="20231108 13:28:21.256" endtime="20231108 13:28:21.293"/>
</kw>
<kw name="Convert To String" library="BuiltIn">
<var>${CID_Excel}</var>
<arg>${CID_Excel}</arg>
<doc>Converts the given item to a Unicode string.</doc>
<msg timestamp="20231108 13:28:21.293" level="INFO">${CID_Excel} = 3102268973232</msg>
<status status="PASS" starttime="20231108 13:28:21.293" endtime="20231108 13:28:21.293"/>
</kw>
<kw name="Convert To String" library="BuiltIn">
<var>${Phone number_Excel}</var>
<arg>${Phone number_Excel}</arg>
<doc>Converts the given item to a Unicode string.</doc>
<msg timestamp="20231108 13:28:21.293" level="INFO">${Phone number_Excel} = 900015699</msg>
<status status="PASS" starttime="20231108 13:28:21.293" endtime="20231108 13:28:21.293"/>
</kw>
<kw name="Convert To String" library="BuiltIn">
<var>${Date of birth_Excel}</var>
<arg>${Date of birth_Excel}</arg>
<doc>Converts the given item to a Unicode string.</doc>
<msg timestamp="20231108 13:28:21.294" level="INFO">${Date of birth_Excel} = 1989-01-01 00:00:00</msg>
<status status="PASS" starttime="20231108 13:28:21.294" endtime="20231108 13:28:21.294"/>
</kw>
<kw name="Convert To String" library="BuiltIn">
<var>${thaiFirstName_Excel}</var>
<arg>${thaiFirstName_Excel}</arg>
<doc>Converts the given item to a Unicode string.</doc>
<msg timestamp="20231108 13:28:21.294" level="INFO">${thaiFirstName_Excel} = None</msg>
<status status="PASS" starttime="20231108 13:28:21.294" endtime="20231108 13:28:21.294"/>
</kw>
<kw name="Convert To String" library="BuiltIn">
<var>${thaiLastName_Excel}</var>
<arg>${thaiLastName_Excel}</arg>
<doc>Converts the given item to a Unicode string.</doc>
<msg timestamp="20231108 13:28:21.294" level="INFO">${thaiLastName_Excel} = None</msg>
<status status="PASS" starttime="20231108 13:28:21.294" endtime="20231108 13:28:21.294"/>
</kw>
<kw name="Convert To String" library="BuiltIn">
<var>${englishFirstName_Excel}</var>
<arg>${englishFirstName_Excel}</arg>
<doc>Converts the given item to a Unicode string.</doc>
<msg timestamp="20231108 13:28:21.294" level="INFO">${englishFirstName_Excel} = None</msg>
<status status="PASS" starttime="20231108 13:28:21.294" endtime="20231108 13:28:21.294"/>
</kw>
<kw name="Convert To String" library="BuiltIn">
<var>${englishLastName_Excel}</var>
<arg>${englishLastName_Excel}</arg>
<doc>Converts the given item to a Unicode string.</doc>
<msg timestamp="20231108 13:28:21.295" level="INFO">${englishLastName_Excel} = None</msg>
<status status="PASS" starttime="20231108 13:28:21.295" endtime="20231108 13:28:21.295"/>
</kw>
<kw name="Convert To String" library="BuiltIn">
<var>${Income_Excel}</var>
<arg>${Income_Excel}</arg>
<doc>Converts the given item to a Unicode string.</doc>
<msg timestamp="20231108 13:28:21.295" level="INFO">${Income_Excel} = 50000</msg>
<status status="PASS" starttime="20231108 13:28:21.295" endtime="20231108 13:28:21.295"/>
</kw>
<kw name="Convert To String" library="BuiltIn">
<var>${Email_Excel}</var>
<arg>${Email_Excel}</arg>
<doc>Converts the given item to a Unicode string.</doc>
<msg timestamp="20231108 13:28:21.295" level="INFO">${Email_Excel} = Testdata01_spc3223@gmail.com</msg>
<status status="PASS" starttime="20231108 13:28:21.295" endtime="20231108 13:28:21.295"/>
</kw>
<kw name="Run Keyword And Return Status" library="BuiltIn">
<var>${isCIDEmpty}</var>
<arg>Should Be Empty</arg>
<arg>${CID_Excel}</arg>
<doc>Runs the given keyword with given arguments and returns the status as a Boolean value.</doc>
<kw name="Should Be Empty" library="BuiltIn">
<arg>${CID_Excel}</arg>
<doc>Verifies that the given item is empty.</doc>
<msg timestamp="20231108 13:28:21.297" level="INFO">Length is 13</msg>
<msg timestamp="20231108 13:28:21.297" level="FAIL">'3102268973232' should be empty.</msg>
<status status="FAIL" starttime="20231108 13:28:21.297" endtime="20231108 13:28:21.297"/>
</kw>
<msg timestamp="20231108 13:28:21.297" level="INFO">${isCIDEmpty} = False</msg>
<status status="PASS" starttime="20231108 13:28:21.295" endtime="20231108 13:28:21.297"/>
</kw>
<kw name="Run Keyword And Return Status" library="BuiltIn">
<var>${isPhoneEmpty}</var>
<arg>Should Be Empty</arg>
<arg>${Phone number_Excel}</arg>
<doc>Runs the given keyword with given arguments and returns the status as a Boolean value.</doc>
<kw name="Should Be Empty" library="BuiltIn">
<arg>${Phone number_Excel}</arg>
<doc>Verifies that the given item is empty.</doc>
<msg timestamp="20231108 13:28:21.298" level="INFO">Length is 9</msg>
<msg timestamp="20231108 13:28:21.298" level="FAIL">'900015699' should be empty.</msg>
<status status="FAIL" starttime="20231108 13:28:21.298" endtime="20231108 13:28:21.298"/>
</kw>
<msg timestamp="20231108 13:28:21.298" level="INFO">${isPhoneEmpty} = False</msg>
<status status="PASS" starttime="20231108 13:28:21.297" endtime="20231108 13:28:21.298"/>
</kw>
<kw name="Evaluate" library="BuiltIn">
<var>${shouldExit}</var>
<arg>${isCIDEmpty} and ${isPhoneEmpty}</arg>
<doc>Evaluates the given expression in Python and returns the result.</doc>
<msg timestamp="20231108 13:28:21.299" level="INFO">${shouldExit} = False</msg>
<status status="PASS" starttime="20231108 13:28:21.298" endtime="20231108 13:28:21.299"/>
</kw>
<kw name="Exit For Loop If" library="BuiltIn">
<arg>${shouldExit}</arg>
<doc>Stops executing the enclosing FOR loop if the ``condition`` is true.</doc>
<status status="PASS" starttime="20231108 13:28:21.299" endtime="20231108 13:28:21.299"/>
</kw>
<kw name="Get Names From Website A" library="Keywords">
<var>${thaiFirstName}</var>
<var>${thaiLastName}</var>
<var>${englishFirstName}</var>
<var>${englishLastName}</var>
<kw name="Open Headless Browser" library="Keywords">
<kw name="Evaluate" library="BuiltIn">
<var>${chrome_options}</var>
<arg>sys.modules['selenium.webdriver'].ChromeOptions()</arg>
<arg>sys, selenium.webdriver</arg>
<doc>Evaluates the given expression in Python and returns the result.</doc>
<msg timestamp="20231108 13:28:21.300" level="INFO">${chrome_options} = &lt;selenium.webdriver.chrome.options.Options object at 0x0000021526C04D00&gt;</msg>
<status status="PASS" starttime="20231108 13:28:21.300" endtime="20231108 13:28:21.300"/>
</kw>
<kw name="Call Method" library="BuiltIn">
<arg>${chrome_options}</arg>
<arg>add_argument</arg>
<arg>--headless</arg>
<doc>Calls the named method of the given object with the provided arguments.</doc>
<status status="PASS" starttime="20231108 13:28:21.300" endtime="20231108 13:28:21.300"/>
</kw>
<kw name="Call Method" library="BuiltIn">
<arg>${chrome_options}</arg>
<arg>add_argument</arg>
<arg>--disable-gpu</arg>
<doc>Calls the named method of the given object with the provided arguments.</doc>
<status status="PASS" starttime="20231108 13:28:21.300" endtime="20231108 13:28:21.301"/>
</kw>
<kw name="Create Webdriver" library="SeleniumLibrary">
<arg>Chrome</arg>
<arg>options=${chrome_options}</arg>
<doc>Creates an instance of Selenium WebDriver.</doc>
<msg timestamp="20231108 13:28:21.301" level="INFO">Creating an instance of the Chrome WebDriver.</msg>
<status status="PASS" starttime="20231108 13:28:21.301" endtime="20231108 13:28:22.335"/>
</kw>
<status status="PASS" starttime="20231108 13:28:21.299" endtime="20231108 13:28:22.335"/>
</kw>
<kw name="Go To" library="SeleniumLibrary">
<arg>${URL_A}</arg>
<doc>Navigates the current browser window to the provided ``url``.</doc>
<msg timestamp="20231108 13:28:22.335" level="INFO">Opening url 'https://kidhaina.com/thainamegenerator.html'</msg>
<status status="PASS" starttime="20231108 13:28:22.335" endtime="20231108 13:28:25.953"/>
</kw>
<kw name="Wait Until Page Contains Element" library="SeleniumLibrary">
<arg>//*[@class="first-name-th"]</arg>
<doc>Waits until the element ``locator`` appears on the current page.</doc>
<status status="PASS" starttime="20231108 13:28:25.953" endtime="20231108 13:28:25.970"/>
</kw>
<kw name="Get Text" library="SeleniumLibrary">
<var>${thaiFirstName}</var>
<arg>//*[@class="first-name-th"]</arg>
<doc>Returns the text value of the element identified by ``locator``.</doc>
<msg timestamp="20231108 13:28:25.995" level="INFO">${thaiFirstName} = ธาริกา</msg>
<status status="PASS" starttime="20231108 13:28:25.970" endtime="20231108 13:28:25.995"/>
</kw>
<kw name="Get Text" library="SeleniumLibrary">
<var>${thaiLastName}</var>
<arg>//*[@class="last-name-th"]</arg>
<doc>Returns the text value of the element identified by ``locator``.</doc>
<msg timestamp="20231108 13:28:26.021" level="INFO">${thaiLastName} = มงคลภักดี</msg>
<status status="PASS" starttime="20231108 13:28:25.996" endtime="20231108 13:28:26.021"/>
</kw>
<kw name="Get Text" library="SeleniumLibrary">
<var>${englishFirstName}</var>
<arg>//*[@class="first-name-en"]</arg>
<doc>Returns the text value of the element identified by ``locator``.</doc>
<msg timestamp="20231108 13:28:26.056" level="INFO">${englishFirstName} = Tharika</msg>
<status status="PASS" starttime="20231108 13:28:26.022" endtime="20231108 13:28:26.056"/>
</kw>
<kw name="Get Text" library="SeleniumLibrary">
<var>${englishLastName}</var>
<arg>(//*[@class="last-name-th"])[2]</arg>
<doc>Returns the text value of the element identified by ``locator``.</doc>
<msg timestamp="20231108 13:28:26.083" level="INFO">${englishLastName} = Mongkolpakdee</msg>
<status status="PASS" starttime="20231108 13:28:26.056" endtime="20231108 13:28:26.083"/>
</kw>
<kw name="Close Browser" library="SeleniumLibrary">
<doc>Closes the current browser.</doc>
<status status="PASS" starttime="20231108 13:28:26.083" endtime="20231108 13:28:28.118"/>
</kw>
<kw name="Switch Browser" library="SeleniumLibrary">
<arg>index_or_alias=BrowserA</arg>
<doc>Switches between active browsers using ``index_or_alias``.</doc>
<status status="PASS" starttime="20231108 13:28:28.118" endtime="20231108 13:28:28.118"/>
</kw>
<msg timestamp="20231108 13:28:28.118" level="INFO">${thaiFirstName} = ธาริกา</msg>
<msg timestamp="20231108 13:28:28.118" level="INFO">${thaiLastName} = มงคลภักดี</msg>
<msg timestamp="20231108 13:28:28.118" level="INFO">${englishFirstName} = Tharika</msg>
<msg timestamp="20231108 13:28:28.118" level="INFO">${englishLastName} = Mongkolpakdee</msg>
<status status="PASS" starttime="20231108 13:28:21.299" endtime="20231108 13:28:28.118"/>
</kw>
<kw name="Run Keyword If" library="BuiltIn">
<arg>'${SELECTED_CARD}' == '${CARD_TYPE_CC}'</arg>
<arg>Select card Credit Card</arg>
<doc>Runs the given keyword with the given arguments, if ``condition`` is true.</doc>
<kw name="Select card Credit Card" library="Keywords">
<kw name="Wait Until Element Is Not Visible" library="SeleniumLibrary">
<arg>text()="Please wait"]</arg>
<doc>Waits until the element ``locator`` is not visible.</doc>
<status status="PASS" starttime="20231108 13:28:28.121" endtime="20231108 13:28:31.817"/>
</kw>
<kw name="Wait Until Element Is Visible" library="SeleniumLibrary">
<arg>//*[text()="Credit Card"]</arg>
<doc>Waits until the element ``locator`` is visible.</doc>
<status status="PASS" starttime="20231108 13:28:31.817" endtime="20231108 13:28:32.707"/>
</kw>
<kw name="Click Element" library="SeleniumLibrary">
<arg>//*[text()="Credit Card"]</arg>
<doc>Click the element identified by ``locator``.</doc>
<msg timestamp="20231108 13:28:32.707" level="INFO">Clicking element '//*[text()="Credit Card"]'.</msg>
<status status="PASS" starttime="20231108 13:28:32.707" endtime="20231108 13:28:32.775"/>
</kw>
<kw name="Wait Until Element Is Not Visible" library="SeleniumLibrary">
<arg>text()="Please wait"]</arg>
<doc>Waits until the element ``locator`` is not visible.</doc>
<status status="PASS" starttime="20231108 13:28:32.775" endtime="20231108 13:28:32.787"/>
</kw>
<kw name="Wait Until Element Is Visible" library="SeleniumLibrary">
<arg>${Product}</arg>
<doc>Waits until the element ``locator`` is visible.</doc>
<status status="PASS" starttime="20231108 13:28:32.787" endtime="20231108 13:28:35.007"/>
</kw>
<kw name="Wait Until Element Is Enabled" library="SeleniumLibrary">
<arg>${Product}</arg>
<doc>Waits until the element ``locator`` is enabled.</doc>
<status status="PASS" starttime="20231108 13:28:35.007" endtime="20231108 13:28:35.043"/>
</kw>
<kw name="Click Element" library="SeleniumLibrary">
<arg>${Product}</arg>
<doc>Click the element identified by ``locator``.</doc>
<msg timestamp="20231108 13:28:35.044" level="INFO">Clicking element '//*[text()="CardX XTRA PLATINUM"]'.</msg>
<status status="PASS" starttime="20231108 13:28:35.044" endtime="20231108 13:28:35.119"/>
</kw>
<status status="PASS" starttime="20231108 13:28:28.118" endtime="20231108 13:28:35.119"/>
</kw>
<status status="PASS" starttime="20231108 13:28:28.118" endtime="20231108 13:28:35.119"/>
</kw>
<kw name="Run Keyword If" library="BuiltIn">
<arg>'${SELECTED_CARD}' == '${CARD_TYPE_SPC}'</arg>
<arg>Select card Speedy Cash</arg>
<doc>Runs the given keyword with the given arguments, if ``condition`` is true.</doc>
<status status="PASS" starttime="20231108 13:28:35.119" endtime="20231108 13:28:35.119"/>
</kw>
<kw name="Run Keyword If" library="BuiltIn">
<arg>'${SELECTED_CARD}' == '${CARD_TYPE_SPL}'</arg>
<arg>Select card Speedy Loan</arg>
<doc>Runs the given keyword with the given arguments, if ``condition`` is true.</doc>
<status status="PASS" starttime="20231108 13:28:35.120" endtime="20231108 13:28:35.120"/>
</kw>
<kw name="Wait Until Element Is Visible" library="SeleniumLibrary">
<arg>//*[text()='Apply']</arg>
<doc>Waits until the element ``locator`` is visible.</doc>
<status status="PASS" starttime="20231108 13:28:35.120" endtime="20231108 13:28:36.538"/>
</kw>
<kw name="Scroll Element Into View" library="SeleniumLibrary">
<arg>//*[text()='Apply']</arg>
<doc>Scrolls the element identified by ``locator`` into view.</doc>
<status status="PASS" starttime="20231108 13:28:36.538" endtime="20231108 13:28:36.839"/>
</kw>
<kw name="Wait Until Element Is Visible" library="SeleniumLibrary">
<arg>locator=//*[text()='Apply']</arg>
<doc>Waits until the element ``locator`` is visible.</doc>
<status status="PASS" starttime="20231108 13:28:36.839" endtime="20231108 13:28:36.863"/>
</kw>
<kw name="Click Element" library="SeleniumLibrary">
<arg>//*[text()='Apply']</arg>
<doc>Click the element identified by ``locator``.</doc>
<msg timestamp="20231108 13:28:36.864" level="INFO">Clicking element '//*[text()='Apply']'.</msg>
<status status="PASS" starttime="20231108 13:28:36.863" endtime="20231108 13:28:36.965"/>
</kw>
<kw name="Wait Until Element Is Not Visible" library="SeleniumLibrary">
<arg>locator=//*[text()="Please wait"]</arg>
<doc>Waits until the element ``locator`` is not visible.</doc>
<status status="PASS" starttime="20231108 13:28:36.966" endtime="20231108 13:28:36.981"/>
</kw>
<kw name="Sleep" library="BuiltIn">
<arg>2s</arg>
<doc>Pauses the test executed for the given time.</doc>
<msg timestamp="20231108 13:28:38.992" level="INFO">Slept 2 seconds</msg>
<status status="PASS" starttime="20231108 13:28:36.981" endtime="20231108 13:28:38.992"/>
</kw>
<kw name="Wait Until Element Is Visible" library="SeleniumLibrary">
<arg>//*[text()="Data privacy notice"]</arg>
<doc>Waits until the element ``locator`` is visible.</doc>
<status status="PASS" starttime="20231108 13:28:38.992" endtime="20231108 13:28:39.024"/>
</kw>
<kw name="Sleep" library="BuiltIn">
<arg>3s</arg>
<doc>Pauses the test executed for the given time.</doc>
<msg timestamp="20231108 13:28:42.032" level="INFO">Slept 3 seconds</msg>
<status status="PASS" starttime="20231108 13:28:39.024" endtime="20231108 13:28:42.032"/>
</kw>
<kw name="Execute Javascript" library="SeleniumLibrary">
<arg>document.getElementById('consent-content').scrollTop = document.getElementById('consent-content').scrollHeight;</arg>
<doc>Executes the given JavaScript code with possible arguments.</doc>
<msg timestamp="20231108 13:28:42.032" level="INFO">Executing JavaScript:
document.getElementById('consent-content').scrollTop = document.getElementById('consent-content').scrollHeight;
Without any arguments.</msg>
<status status="PASS" starttime="20231108 13:28:42.032" endtime="20231108 13:28:42.042"/>
</kw>
<kw name="Sleep" library="BuiltIn">
<arg>3s</arg>
<doc>Pauses the test executed for the given time.</doc>
<msg timestamp="20231108 13:28:45.058" level="INFO">Slept 3 seconds</msg>
<status status="PASS" starttime="20231108 13:28:42.044" endtime="20231108 13:28:45.058"/>
</kw>
<kw name="Click Element" library="SeleniumLibrary">
<arg>//*[text()='Continue']</arg>
<doc>Click the element identified by ``locator``.</doc>
<msg timestamp="20231108 13:28:45.058" level="INFO">Clicking element '//*[text()='Continue']'.</msg>
<status status="PASS" starttime="20231108 13:28:45.058" endtime="20231108 13:28:45.126"/>
</kw>
<kw name="Run Keyword If" library="BuiltIn">
<arg>'${SELECTED_CARD}' == '${CARD_TYPE_CC}'</arg>
<arg>Nationality</arg>
<doc>Runs the given keyword with the given arguments, if ``condition`` is true.</doc>
<kw name="Nationality" library="Keywords">
<kw name="Wait Until Element Is Visible" library="SeleniumLibrary">
<arg>//*[text()="Thai"]</arg>
<doc>Waits until the element ``locator`` is visible.</doc>
<status status="PASS" starttime="20231108 13:28:45.126" endtime="20231108 13:28:45.374"/>
</kw>
<kw name="Wait Until Element Is Enabled" library="SeleniumLibrary">
<arg>//*[text()="Thai"]</arg>
<doc>Waits until the element ``locator`` is enabled.</doc>
<status status="PASS" starttime="20231108 13:28:45.374" endtime="20231108 13:28:45.408"/>
</kw>
<kw name="Click Element" library="SeleniumLibrary">
<arg>//*[text()="Thai"]</arg>
<doc>Click the element identified by ``locator``.</doc>
<msg timestamp="20231108 13:28:45.408" level="INFO">Clicking element '//*[text()="Thai"]'.</msg>
<status status="PASS" starttime="20231108 13:28:45.408" endtime="20231108 13:28:45.469"/>
</kw>
<kw name="Wait Until Element Is Visible" library="SeleniumLibrary">
<arg>locator=//*[text()="Next"]</arg>
<doc>Waits until the element ``locator`` is visible.</doc>
<status status="PASS" starttime="20231108 13:28:45.469" endtime="20231108 13:28:45.491"/>
</kw>
<kw name="Click Element" library="SeleniumLibrary">
<arg>//*[text()="Next"]</arg>
<doc>Click the element identified by ``locator``.</doc>
<msg timestamp="20231108 13:28:45.491" level="INFO">Clicking element '//*[text()="Next"]'.</msg>
<status status="PASS" starttime="20231108 13:28:45.491" endtime="20231108 13:28:45.599"/>
</kw>
<status status="PASS" starttime="20231108 13:28:45.126" endtime="20231108 13:28:45.599"/>
</kw>
<status status="PASS" starttime="20231108 13:28:45.126" endtime="20231108 13:28:45.599"/>
</kw>
<kw name="Input data" library="Keywords">
<kw name="Wait Until Element Is Not Visible" library="SeleniumLibrary">
<arg>locator=//*[text()="Please wait"]</arg>
<doc>Waits until the element ``locator`` is not visible.</doc>
<status status="PASS" starttime="20231108 13:28:45.600" endtime="20231108 13:28:47.956"/>
</kw>
<kw name="Sleep" library="BuiltIn">
<arg>5s</arg>
<doc>Pauses the test executed for the given time.</doc>
<msg timestamp="20231108 13:28:52.959" level="INFO">Slept 5 seconds</msg>
<status status="PASS" starttime="20231108 13:28:47.956" endtime="20231108 13:28:52.959"/>
</kw>
<kw name="Wait Until Element Is Visible" library="SeleniumLibrary">
<arg>//*[text()='mockup data']</arg>
<doc>Waits until the element ``locator`` is visible.</doc>
<status status="PASS" starttime="20231108 13:28:52.959" endtime="20231108 13:28:52.975"/>
</kw>
<kw name="Execute Javascript" library="SeleniumLibrary">
<arg>window.scrollTo(0, document.body.scrollHeight)</arg>
<doc>Executes the given JavaScript code with possible arguments.</doc>
<msg timestamp="20231108 13:28:52.975" level="INFO">Executing JavaScript:
window.scrollTo(0, document.body.scrollHeight)
Without any arguments.</msg>
<status status="PASS" starttime="20231108 13:28:52.975" endtime="20231108 13:28:52.995"/>
</kw>
<kw name="Click Element" library="SeleniumLibrary">
<arg>//*[text()='mockup data']</arg>
<doc>Click the element identified by ``locator``.</doc>
<msg timestamp="20231108 13:28:52.997" level="INFO">Clicking element '//*[text()='mockup data']'.</msg>
<status status="PASS" starttime="20231108 13:28:52.995" endtime="20231108 13:28:53.085"/>
</kw>
<kw name="Click Element" library="SeleniumLibrary">
<arg>//*[text()="2021061790700"]</arg>
<doc>Click the element identified by ``locator``.</doc>
<msg timestamp="20231108 13:28:53.085" level="INFO">Clicking element '//*[text()="2021061790700"]'.</msg>
<status status="PASS" starttime="20231108 13:28:53.085" endtime="20231108 13:28:53.170"/>
</kw>
<status status="PASS" starttime="20231108 13:28:45.599" endtime="20231108 13:28:53.170"/>
</kw>
<kw name="Generate Random House Number" library="Keywords">
<var>${random_number}</var>
<kw name="Evaluate" library="BuiltIn">
<var>${random1}</var>
<arg>random.randint(0, 9)</arg>
<arg>random</arg>
<doc>Evaluates the given expression in Python and returns the result.</doc>
<msg timestamp="20231108 13:28:53.170" level="INFO">${random1} = 0</msg>
<status status="PASS" starttime="20231108 13:28:53.170" endtime="20231108 13:28:53.170"/>
</kw>
<kw name="Evaluate" library="BuiltIn">
<var>${random2}</var>
<arg>random.randint(0, 9)</arg>
<arg>random</arg>
<doc>Evaluates the given expression in Python and returns the result.</doc>
<msg timestamp="20231108 13:28:53.170" level="INFO">${random2} = 7</msg>
<status status="PASS" starttime="20231108 13:28:53.170" endtime="20231108 13:28:53.170"/>
</kw>
<kw name="Evaluate" library="BuiltIn">
<var>${random3}</var>
<arg>random.randint(0, 9)</arg>
<arg>random</arg>
<doc>Evaluates the given expression in Python and returns the result.</doc>
<msg timestamp="20231108 13:28:53.170" level="INFO">${random3} = 1</msg>
<status status="PASS" starttime="20231108 13:28:53.170" endtime="20231108 13:28:53.170"/>
</kw>
<kw name="Catenate" library="BuiltIn">
<var>${random_House_number}</var>
<arg>SEPARATOR=</arg>
<arg>${random1}</arg>
<arg>${random2}</arg>
<arg>${random3}</arg>
<doc>Catenates the given items together and returns the resulted string.</doc>
<msg timestamp="20231108 13:28:53.170" level="INFO">${random_House_number} = 071</msg>
<status status="PASS" starttime="20231108 13:28:53.170" endtime="20231108 13:28:53.170"/>
</kw>
<msg timestamp="20231108 13:28:53.170" level="INFO">${random_number} = 071</msg>
<status status="PASS" starttime="20231108 13:28:53.170" endtime="20231108 13:28:53.170"/>
</kw>
<kw name="Generate Random House Number 2" library="Keywords">
<var>${random_number2}</var>
<kw name="Evaluate" library="BuiltIn">
<var>${random1}</var>
<arg>random.randint(0, 9)</arg>
<arg>random</arg>
<doc>Evaluates the given expression in Python and returns the result.</doc>
<msg timestamp="20231108 13:28:53.170" level="INFO">${random1} = 8</msg>
<status status="PASS" starttime="20231108 13:28:53.170" endtime="20231108 13:28:53.170"/>
</kw>
<kw name="Evaluate" library="BuiltIn">
<var>${random2}</var>
<arg>random.randint(0, 9)</arg>
<arg>random</arg>
<doc>Evaluates the given expression in Python and returns the result.</doc>
<msg timestamp="20231108 13:28:53.170" level="INFO">${random2} = 4</msg>
<status status="PASS" starttime="20231108 13:28:53.170" endtime="20231108 13:28:53.170"/>
</kw>
<kw name="Evaluate" library="BuiltIn">
<var>${random3}</var>
<arg>random.randint(0, 9)</arg>
<arg>random</arg>
<doc>Evaluates the given expression in Python and returns the result.</doc>
<msg timestamp="20231108 13:28:53.170" level="INFO">${random3} = 2</msg>
<status status="PASS" starttime="20231108 13:28:53.170" endtime="20231108 13:28:53.170"/>
</kw>
<kw name="Catenate" library="BuiltIn">
<var>${random_House_number2}</var>
<arg>SEPARATOR=</arg>
<arg>${random1}</arg>
<arg>${random2}</arg>
<arg>${random3}</arg>
<doc>Catenates the given items together and returns the resulted string.</doc>
<msg timestamp="20231108 13:28:53.170" level="INFO">${random_House_number2} = 842</msg>
<status status="PASS" starttime="20231108 13:28:53.170" endtime="20231108 13:28:53.170"/>
</kw>
<msg timestamp="20231108 13:28:53.170" level="INFO">${random_number2} = 842</msg>
<status status="PASS" starttime="20231108 13:28:53.170" endtime="20231108 13:28:53.170"/>
</kw>
<kw name="Press Keys" library="SeleniumLibrary">
<arg>//*[@placeholder="House number"]</arg>
<arg>CTRL+a+DELETE</arg>
<doc>Simulates the user pressing key(s) to an element or on the active browser.</doc>
<msg timestamp="20231108 13:28:53.170" level="INFO">Sending key(s) ('CTRL+a+DELETE',) to //*[@placeholder="House number"] element.</msg>
<msg timestamp="20231108 13:28:53.484" level="INFO">Pressing special key CONTROL down.</msg>
<msg timestamp="20231108 13:28:53.484" level="INFO">Sending key a</msg>
<msg timestamp="20231108 13:28:53.484" level="INFO">Pressing special key DELETE down.</msg>
<msg timestamp="20231108 13:28:53.484" level="INFO">Releasing special key CONTROL.</msg>
<msg timestamp="20231108 13:28:53.484" level="INFO">Releasing special key DELETE.</msg>
<status status="PASS" starttime="20231108 13:28:53.170" endtime="20231108 13:28:53.499"/>
</kw>
<kw name="Input Text" library="SeleniumLibrary">
<arg>//*[@placeholder="House number"]</arg>
<arg>${random_number}/${random_number2}</arg>
<doc>Types the given ``text`` into the text field identified by ``locator``.</doc>
<msg timestamp="20231108 13:28:53.500" level="INFO">Typing text '071/842' into text field '//*[@placeholder="House number"]'.</msg>
<status status="PASS" starttime="20231108 13:28:53.499" endtime="20231108 13:28:53.598"/>
</kw>
<kw name="Input Names To Website B" library="Keywords">
<arg>${thaiFirstName}</arg>
<arg>${thaiLastName}</arg>
<arg>${englishFirstName}</arg>
<arg>${englishLastName}</arg>
<kw name="Press Keys" library="SeleniumLibrary">
<arg>//*[@placeholder="thaiFirstName"]</arg>
<arg>CTRL+a+DELETE</arg>
<doc>Simulates the user pressing key(s) to an element or on the active browser.</doc>
<msg timestamp="20231108 13:28:53.598" level="INFO">Sending key(s) ('CTRL+a+DELETE',) to //*[@placeholder="thaiFirstName"] element.</msg>
<msg timestamp="20231108 13:28:53.897" level="INFO">Pressing special key CONTROL down.</msg>
<msg timestamp="20231108 13:28:53.897" level="INFO">Sending key a</msg>
<msg timestamp="20231108 13:28:53.897" level="INFO">Pressing special key DELETE down.</msg>
<msg timestamp="20231108 13:28:53.897" level="INFO">Releasing special key CONTROL.</msg>
<msg timestamp="20231108 13:28:53.897" level="INFO">Releasing special key DELETE.</msg>
<status status="PASS" starttime="20231108 13:28:53.598" endtime="20231108 13:28:53.914"/>
</kw>
<kw name="Input Text" library="SeleniumLibrary">
<arg>//*[@placeholder="thaiFirstName"]</arg>
<arg>${thaiFirstName}</arg>
<doc>Types the given ``text`` into the text field identified by ``locator``.</doc>
<msg timestamp="20231108 13:28:53.914" level="INFO">Typing text 'ธาริกา' into text field '//*[@placeholder="thaiFirstName"]'.</msg>
<status status="PASS" starttime="20231108 13:28:53.914" endtime="20231108 13:28:53.990"/>
</kw>
<kw name="Press Keys" library="SeleniumLibrary">
<arg>//*[@placeholder="thaiLastName"]</arg>
<arg>CTRL+a+DELETE</arg>
<doc>Simulates the user pressing key(s) to an element or on the active browser.</doc>
<msg timestamp="20231108 13:28:53.991" level="INFO">Sending key(s) ('CTRL+a+DELETE',) to //*[@placeholder="thaiLastName"] element.</msg>
<msg timestamp="20231108 13:28:54.294" level="INFO">Pressing special key CONTROL down.</msg>
<msg timestamp="20231108 13:28:54.294" level="INFO">Sending key a</msg>
<msg timestamp="20231108 13:28:54.294" level="INFO">Pressing special key DELETE down.</msg>
<msg timestamp="20231108 13:28:54.294" level="INFO">Releasing special key CONTROL.</msg>
<msg timestamp="20231108 13:28:54.294" level="INFO">Releasing special key DELETE.</msg>
<status status="PASS" starttime="20231108 13:28:53.990" endtime="20231108 13:28:54.309"/>
</kw>
<kw name="Input Text" library="SeleniumLibrary">
<arg>//*[@placeholder="thaiLastName"]</arg>
<arg>${thaiLastName}</arg>
<doc>Types the given ``text`` into the text field identified by ``locator``.</doc>
<msg timestamp="20231108 13:28:54.309" level="INFO">Typing text 'มงคลภักดี' into text field '//*[@placeholder="thaiLastName"]'.</msg>
<status status="PASS" starttime="20231108 13:28:54.309" endtime="20231108 13:28:54.401"/>
</kw>
<kw name="Press Keys" library="SeleniumLibrary">
<arg>//*[@placeholder="englishFirstName"]</arg>
<arg>CTRL+a+DELETE</arg>
<doc>Simulates the user pressing key(s) to an element or on the active browser.</doc>
<msg timestamp="20231108 13:28:54.401" level="INFO">Sending key(s) ('CTRL+a+DELETE',) to //*[@placeholder="englishFirstName"] element.</msg>
<msg timestamp="20231108 13:28:54.695" level="INFO">Pressing special key CONTROL down.</msg>
<msg timestamp="20231108 13:28:54.695" level="INFO">Sending key a</msg>
<msg timestamp="20231108 13:28:54.695" level="INFO">Pressing special key DELETE down.</msg>
<msg timestamp="20231108 13:28:54.695" level="INFO">Releasing special key CONTROL.</msg>
<msg timestamp="20231108 13:28:54.695" level="INFO">Releasing special key DELETE.</msg>
<status status="PASS" starttime="20231108 13:28:54.401" endtime="20231108 13:28:54.711"/>
</kw>
<kw name="Input Text" library="SeleniumLibrary">
<arg>//*[@placeholder="englishFirstName"]</arg>
<arg>${englishFirstName}</arg>
<doc>Types the given ``text`` into the text field identified by ``locator``.</doc>
<msg timestamp="20231108 13:28:54.711" level="INFO">Typing text 'Tharika' into text field '//*[@placeholder="englishFirstName"]'.</msg>
<status status="PASS" starttime="20231108 13:28:54.711" endtime="20231108 13:28:54.797"/>
</kw>
<kw name="Press Keys" library="SeleniumLibrary">
<arg>//*[@placeholder="englishLastName"]</arg>
<arg>CTRL+a+DELETE</arg>
<doc>Simulates the user pressing key(s) to an element or on the active browser.</doc>
<msg timestamp="20231108 13:28:54.797" level="INFO">Sending key(s) ('CTRL+a+DELETE',) to //*[@placeholder="englishLastName"] element.</msg>
<msg timestamp="20231108 13:28:55.091" level="INFO">Pressing special key CONTROL down.</msg>
<msg timestamp="20231108 13:28:55.091" level="INFO">Sending key a</msg>
<msg timestamp="20231108 13:28:55.091" level="INFO">Pressing special key DELETE down.</msg>
<msg timestamp="20231108 13:28:55.091" level="INFO">Releasing special key CONTROL.</msg>
<msg timestamp="20231108 13:28:55.091" level="INFO">Releasing special key DELETE.</msg>
<status status="PASS" starttime="20231108 13:28:54.797" endtime="20231108 13:28:55.105"/>
</kw>
<kw name="Input Text" library="SeleniumLibrary">
<arg>//*[@placeholder="englishLastName"]</arg>
<arg>${englishLastName}</arg>
<doc>Types the given ``text`` into the text field identified by ``locator``.</doc>
<msg timestamp="20231108 13:28:55.105" level="INFO">Typing text 'Mongkolpakdee' into text field '//*[@placeholder="englishLastName"]'.</msg>
<status status="PASS" starttime="20231108 13:28:55.105" endtime="20231108 13:28:55.197"/>
</kw>
<status status="PASS" starttime="20231108 13:28:53.598" endtime="20231108 13:28:55.197"/>
</kw>
<kw name="Sleep" library="BuiltIn">
<arg>2s</arg>
<doc>Pauses the test executed for the given time.</doc>
<msg timestamp="20231108 13:28:57.205" level="INFO">Slept 2 seconds</msg>
<status status="PASS" starttime="20231108 13:28:55.199" endtime="20231108 13:28:57.205"/>
</kw>
<kw name="Click Element" library="SeleniumLibrary">
<arg>//*[@name="nIDNumber"]</arg>
<doc>Click the element identified by ``locator``.</doc>
<msg timestamp="20231108 13:28:57.205" level="INFO">Clicking element '//*[@name="nIDNumber"]'.</msg>
<status status="PASS" starttime="20231108 13:28:57.205" endtime="20231108 13:28:57.270"/>
</kw>
<kw name="Press Keys" library="SeleniumLibrary">
<arg>//*[@name="nIDNumber"]</arg>
<arg>CTRL+a+DELETE</arg>
<doc>Simulates the user pressing key(s) to an element or on the active browser.</doc>
<msg timestamp="20231108 13:28:57.270" level="INFO">Sending key(s) ('CTRL+a+DELETE',) to //*[@name="nIDNumber"] element.</msg>
<msg timestamp="20231108 13:28:57.568" level="INFO">Pressing special key CONTROL down.</msg>
<msg timestamp="20231108 13:28:57.568" level="INFO">Sending key a</msg>
<msg timestamp="20231108 13:28:57.568" level="INFO">Pressing special key DELETE down.</msg>
<msg timestamp="20231108 13:28:57.568" level="INFO">Releasing special key CONTROL.</msg>
<msg timestamp="20231108 13:28:57.568" level="INFO">Releasing special key DELETE.</msg>
<status status="PASS" starttime="20231108 13:28:57.270" endtime="20231108 13:28:57.593"/>
</kw>
<kw name="Input Text" library="SeleniumLibrary">
<arg>//*[@name="nIDNumber"]</arg>
<arg>${CID_Excel}</arg>
<doc>Types the given ``text`` into the text field identified by ``locator``.</doc>
<msg timestamp="20231108 13:28:57.593" level="INFO">Typing text '3102268973232' into text field '//*[@name="nIDNumber"]'.</msg>
<status status="PASS" starttime="20231108 13:28:57.593" endtime="20231108 13:28:57.694"/>
</kw>
<kw name="Set Variable" library="BuiltIn">
<var>${Date of birth_Excel}</var>
<arg>1983-01-01 00:00:00</arg>
<doc>Returns the given values which can then be assigned to a variables.</doc>
<msg timestamp="20231108 13:28:57.694" level="INFO">${Date of birth_Excel} = 1983-01-01 00:00:00</msg>
<status status="PASS" starttime="20231108 13:28:57.694" endtime="20231108 13:28:57.694"/>
</kw>
<kw name="Format Date From Excel" library="Keywords">
<var>${formatted_date}</var>
<arg>${Date of birth_Excel}</arg>
<kw name="Get Date Without Time" library="Keywords">
<var>${date}</var>
<arg>${date_with_time}</arg>
<kw name="Set Variable" library="BuiltIn">
<var>${date}</var>
<arg>${date_with_time.split(' ')[0]}</arg>
<doc>Returns the given values which can then be assigned to a variables.</doc>
<msg timestamp="20231108 13:28:57.694" level="INFO">${date} = 1983-01-01</msg>
<status status="PASS" starttime="20231108 13:28:57.694" endtime="20231108 13:28:57.694"/>
</kw>
<msg timestamp="20231108 13:28:57.694" level="INFO">${date} = 1983-01-01</msg>
<status status="PASS" starttime="20231108 13:28:57.694" endtime="20231108 13:28:57.694"/>
</kw>
<kw name="Replace String" library="String">
<var>${formatted_date}</var>
<arg>${date}</arg>
<arg>-</arg>
<arg>-</arg>
<doc>Replaces ``search_for`` in the given ``string`` with ``replace_with``.</doc>
<msg timestamp="20231108 13:28:57.694" level="INFO">${formatted_date} = 1983-01-01</msg>
<status status="PASS" starttime="20231108 13:28:57.694" endtime="20231108 13:28:57.694"/>
</kw>
<msg timestamp="20231108 13:28:57.694" level="INFO">${formatted_date} = 1983-01-01</msg>
<status status="PASS" starttime="20231108 13:28:57.694" endtime="20231108 13:28:57.694"/>
</kw>
<kw name="Log" library="BuiltIn">
<arg>${formatted_date}</arg>
<doc>Logs the given message with the given level.</doc>
<msg timestamp="20231108 13:28:57.694" level="INFO">1983-01-01</msg>
<status status="PASS" starttime="20231108 13:28:57.694" endtime="20231108 13:28:57.694"/>
</kw>
<kw name="Press Keys" library="SeleniumLibrary">
<arg>//*[@name="birthDate"]</arg>
<arg>CTRL+a+DELETE</arg>
<doc>Simulates the user pressing key(s) to an element or on the active browser.</doc>
<msg timestamp="20231108 13:28:57.694" level="INFO">Sending key(s) ('CTRL+a+DELETE',) to //*[@name="birthDate"] element.</msg>
<msg timestamp="20231108 13:28:57.984" level="INFO">Pressing special key CONTROL down.</msg>
<msg timestamp="20231108 13:28:57.984" level="INFO">Sending key a</msg>
<msg timestamp="20231108 13:28:57.984" level="INFO">Pressing special key DELETE down.</msg>
<msg timestamp="20231108 13:28:57.984" level="INFO">Releasing special key CONTROL.</msg>
<msg timestamp="20231108 13:28:57.984" level="INFO">Releasing special key DELETE.</msg>
<status status="PASS" starttime="20231108 13:28:57.694" endtime="20231108 13:28:57.997"/>
</kw>
<kw name="Input Text" library="SeleniumLibrary">
<arg>name=birthDate</arg>
<arg>${formatted_date}</arg>
<doc>Types the given ``text`` into the text field identified by ``locator``.</doc>
<msg timestamp="20231108 13:28:57.997" level="INFO">Typing text '1983-01-01' into text field 'name=birthDate'.</msg>
<status status="PASS" starttime="20231108 13:28:57.997" endtime="20231108 13:28:58.092"/>
</kw>
<kw name="clil svae mockup data" library="Keywords">
<kw name="Wait Until Element Is Visible" library="SeleniumLibrary">
<arg>//*[@class="MuiButton-label" and text()="save"]</arg>
<doc>Waits until the element ``locator`` is visible.</doc>
<status status="PASS" starttime="20231108 13:28:58.092" endtime="20231108 13:28:58.122"/>
</kw>
<kw name="Set Variable" library="BuiltIn">
<var>${button_locator}</var>
<arg>//*[@class="MuiButton-label" and text()="save"]</arg>
<doc>Returns the given values which can then be assigned to a variables.</doc>
<msg timestamp="20231108 13:28:58.122" level="INFO">${button_locator} = //*[@class="MuiButton-label" and text()="save"]</msg>
<status status="PASS" starttime="20231108 13:28:58.122" endtime="20231108 13:28:58.122"/>
</kw>
<kw name="Execute Javascript" library="SeleniumLibrary">
<arg>document.evaluate('${button_locator}', document, null, XPathResult.FIRST_ORDERED_NODE_TYPE, null).singleNodeValue.click();</arg>
<doc>Executes the given JavaScript code with possible arguments.</doc>
<msg timestamp="20231108 13:28:58.123" level="INFO">Executing JavaScript:
document.evaluate('//*[@class="MuiButton-label" and text()="save"]', document, null, XPathResult.FIRST_ORDERED_NODE_TYPE, null).singleNodeValue.click();
Without any arguments.</msg>
<status status="PASS" starttime="20231108 13:28:58.122" endtime="20231108 13:28:58.157"/>
</kw>
<status status="PASS" starttime="20231108 13:28:58.092" endtime="20231108 13:28:58.157"/>
</kw>
<kw name="Wait Until Element Is Visible" library="SeleniumLibrary">
<arg>//*[text()="Next"]</arg>
<doc>Waits until the element ``locator`` is visible.</doc>
<status status="PASS" starttime="20231108 13:28:58.157" endtime="20231108 13:28:58.179"/>
</kw>
<kw name="Click Element" library="SeleniumLibrary">
<arg>//*[text()="Next"]</arg>
<doc>Click the element identified by ``locator``.</doc>
<msg timestamp="20231108 13:28:58.180" level="INFO">Clicking element '//*[text()="Next"]'.</msg>
<status status="PASS" starttime="20231108 13:28:58.179" endtime="20231108 13:28:58.231"/>
</kw>
<kw name="Wait Until Element Is Not Visible" library="SeleniumLibrary">
<arg>locator=//*[text()="Please wait"]</arg>
<doc>Waits until the element ``locator`` is not visible.</doc>
<status status="PASS" starttime="20231108 13:28:58.232" endtime="20231108 13:29:00.098"/>
</kw>
<kw name="Sleep" library="BuiltIn">
<arg>7s</arg>
<doc>Pauses the test executed for the given time.</doc>
<msg timestamp="20231108 13:29:07.102" level="INFO">Slept 7 seconds</msg>
<status status="PASS" starttime="20231108 13:29:00.098" endtime="20231108 13:29:07.102"/>
</kw>
<kw name="Wait Until Element Is Visible" library="SeleniumLibrary">
<arg>(//*[text()='Next'])[2]</arg>
<doc>Waits until the element ``locator`` is visible.</doc>
<status status="PASS" starttime="20231108 13:29:07.102" endtime="20231108 13:29:07.128"/>
</kw>
<kw name="Click Element" library="SeleniumLibrary">
<arg>(//*[text()='Next'])[2]</arg>
<doc>Click the element identified by ``locator``.</doc>
<msg timestamp="20231108 13:29:07.128" level="INFO">Clicking element '(//*[text()='Next'])[2]'.</msg>
<status status="PASS" starttime="20231108 13:29:07.128" endtime="20231108 13:29:07.202"/>
</kw>
<kw name="Wait Until Element Is Not Visible" library="SeleniumLibrary">
<arg>locator=//*[text()="Please wait"]</arg>
<doc>Waits until the element ``locator`` is not visible.</doc>
<status status="PASS" starttime="20231108 13:29:07.202" endtime="20231108 13:29:07.212"/>
</kw>
<kw name="Wait Until Element Is Visible" library="SeleniumLibrary">
<arg>//*[text()="Customer Photo"]</arg>
<doc>Waits until the element ``locator`` is visible.</doc>
<status status="PASS" starttime="20231108 13:29:07.213" endtime="20231108 13:29:07.464"/>
</kw>
<kw name="Sleep" library="BuiltIn">
<arg>2s</arg>
<doc>Pauses the test executed for the given time.</doc>
<msg timestamp="20231108 13:29:09.478" level="INFO">Slept 2 seconds</msg>
<status status="PASS" starttime="20231108 13:29:07.464" endtime="20231108 13:29:09.479"/>
</kw>
<kw name="Execute Javascript" library="SeleniumLibrary">
<arg>window.scrollTo(0, document.body.scrollHeight);</arg>
<doc>Executes the given JavaScript code with possible arguments.</doc>
<msg timestamp="20231108 13:29:09.479" level="INFO">Executing JavaScript:
window.scrollTo(0, document.body.scrollHeight);
Without any arguments.</msg>
<status status="PASS" starttime="20231108 13:29:09.479" endtime="20231108 13:29:09.487"/>
</kw>
<kw name="Choose File" library="SeleniumLibrary">
<arg>id=file1</arg>
<arg>D:\\automate\\Setup\\test.jpg</arg>
<doc>Inputs the ``file_path`` into the file input field ``locator``.</doc>
<msg timestamp="20231108 13:29:09.487" level="INFO">Sending D:\automate\Setup\test.jpg to browser.</msg>
<status status="PASS" starttime="20231108 13:29:09.487" endtime="20231108 13:29:09.530"/>
</kw>
<kw name="Click Element" library="SeleniumLibrary">
<arg>//*[text()="Confirm"]</arg>
<doc>Click the element identified by ``locator``.</doc>
<msg timestamp="20231108 13:29:09.530" level="INFO">Clicking element '//*[text()="Confirm"]'.</msg>
<status status="PASS" starttime="20231108 13:29:09.530" endtime="20231108 13:29:09.592"/>
</kw>
<kw name="Click Element" library="SeleniumLibrary">
<arg>//*[text()="Yes"]</arg>
<doc>Click the element identified by ``locator``.</doc>
<msg timestamp="20231108 13:29:09.594" level="INFO">Clicking element '//*[text()="Yes"]'.</msg>
<status status="PASS" starttime="20231108 13:29:09.592" endtime="20231108 13:29:09.657"/>
</kw>
<kw name="Wait Until Element Is Not Visible" library="SeleniumLibrary">
<arg>//*[text()="Please wait"]</arg>
<doc>Waits until the element ``locator`` is not visible.</doc>
<status status="PASS" starttime="20231108 13:29:09.657" endtime="20231108 13:29:10.340"/>
</kw>
<kw name="Sleep" library="BuiltIn">
<arg>4s</arg>
<doc>Pauses the test executed for the given time.</doc>
<msg timestamp="20231108 13:29:14.354" level="INFO">Slept 4 seconds</msg>
<status status="PASS" starttime="20231108 13:29:10.340" endtime="20231108 13:29:14.354"/>
</kw>
<kw name="Execute Javascript" library="SeleniumLibrary">
<arg>window.scrollBy(0, 300)</arg>
<doc>Executes the given JavaScript code with possible arguments.</doc>
<msg timestamp="20231108 13:29:14.354" level="INFO">Executing JavaScript:
window.scrollBy(0, 300)
Without any arguments.</msg>
<status status="PASS" starttime="20231108 13:29:14.354" endtime="20231108 13:29:14.365"/>
</kw>
<kw name="Set Focus To Element" library="SeleniumLibrary">
<arg>//*[@class="MuiInputBase-input MuiOutlinedInput-input"]</arg>
<doc>Sets the focus to the element identified by ``locator``.</doc>
<status status="PASS" starttime="20231108 13:29:14.365" endtime="20231108 13:29:14.393"/>
</kw>
<kw name="Wait Until Element Is Not Visible" library="SeleniumLibrary">
<arg>locator=//*[text()="Please wait"]</arg>
<doc>Waits until the element ``locator`` is not visible.</doc>
<status status="PASS" starttime="20231108 13:29:14.393" endtime="20231108 13:29:14.400"/>
</kw>
<kw name="Sleep" library="BuiltIn">
<arg>1s</arg>
<doc>Pauses the test executed for the given time.</doc>
<msg timestamp="20231108 13:29:15.401" level="INFO">Slept 1 second</msg>
<status status="PASS" starttime="20231108 13:29:14.400" endtime="20231108 13:29:15.401"/>
</kw>
<kw name="Wait Until Element Is Visible" library="SeleniumLibrary">
<arg>//*[@class="MuiInputBase-input MuiOutlinedInput-input"]</arg>
<doc>Waits until the element ``locator`` is visible.</doc>
<status status="PASS" starttime="20231108 13:29:15.401" endtime="20231108 13:29:15.428"/>
</kw>
<kw name="Input Text" library="SeleniumLibrary">
<arg>//*[@class="MuiInputBase-input MuiOutlinedInput-input"]</arg>
<arg>${Phone number_Excel}</arg>
<doc>Types the given ``text`` into the text field identified by ``locator``.</doc>
<msg timestamp="20231108 13:29:15.428" level="INFO">Typing text '900015699' into text field '//*[@class="MuiInputBase-input MuiOutlinedInput-input"]'.</msg>
<status status="PASS" starttime="20231108 13:29:15.428" endtime="20231108 13:29:15.558"/>
</kw>
<kw name="Execute Javascript" library="SeleniumLibrary">
<arg>window.scrollBy(0, 300)</arg>
<doc>Executes the given JavaScript code with possible arguments.</doc>
<msg timestamp="20231108 13:29:15.558" level="INFO">Executing JavaScript:
window.scrollBy(0, 300)
Without any arguments.</msg>
<status status="PASS" starttime="20231108 13:29:15.558" endtime="20231108 13:29:15.565"/>
</kw>
<kw name="Wait Until Element Is Not Visible" library="SeleniumLibrary">
<arg>//*[text()="Please wait"]</arg>
<doc>Waits until the element ``locator`` is not visible.</doc>
<status status="PASS" starttime="20231108 13:29:15.565" endtime="20231108 13:29:15.574"/>
</kw>
<kw name="Wait Until Element Is Visible" library="SeleniumLibrary">
<arg>//*[text()="Next"]</arg>
<doc>Waits until the element ``locator`` is visible.</doc>
<status status="PASS" starttime="20231108 13:29:15.574" endtime="20231108 13:29:15.594"/>
</kw>
<kw name="Click Element" library="SeleniumLibrary">
<arg>//*[text()="Next"]</arg>
<doc>Click the element identified by ``locator``.</doc>
<msg timestamp="20231108 13:29:15.595" level="INFO">Clicking element '//*[text()="Next"]'.</msg>
<status status="PASS" starttime="20231108 13:29:15.594" endtime="20231108 13:29:15.657"/>
</kw>
<kw name="Wait Until Element Is Visible" library="SeleniumLibrary">
<arg>//*[text()="skipOTP"]</arg>
<doc>Waits until the element ``locator`` is visible.</doc>
<status status="PASS" starttime="20231108 13:29:15.657" endtime="20231108 13:29:16.953"/>
</kw>
<kw name="Click Element" library="SeleniumLibrary">
<arg>//*[text()="skipOTP"]</arg>
<doc>Click the element identified by ``locator``.</doc>
<msg timestamp="20231108 13:29:16.953" level="INFO">Clicking element '//*[text()="skipOTP"]'.</msg>
<status status="PASS" starttime="20231108 13:29:16.953" endtime="20231108 13:29:17.054"/>
</kw>
<kw name="Wait Until Element Is Not Visible" library="SeleniumLibrary">
<arg>locator=//*[text()="Please wait"]</arg>
<doc>Waits until the element ``locator`` is not visible.</doc>
<status status="PASS" starttime="20231108 13:29:17.054" endtime="20231108 13:29:17.064"/>
</kw>
<kw name="Run Keyword If" library="BuiltIn">
<arg>'${SELECTED_CARD}' == '${CARD_TYPE_CC}'</arg>
<arg>Select income</arg>
<doc>Runs the given keyword with the given arguments, if ``condition`` is true.</doc>
<kw name="Select income" library="Keywords">
<kw name="Wait Until Element Is Visible" library="SeleniumLibrary">
<arg>(//*[@class="MuiSvgIcon-root"])[2]</arg>
<doc>Waits until the element ``locator`` is visible.</doc>
<status status="PASS" starttime="20231108 13:29:17.065" endtime="20231108 13:29:17.315"/>
</kw>
<kw name="Click Element" library="SeleniumLibrary">
<arg>(//*[@class="MuiSvgIcon-root"])[2]</arg>
<doc>Click the element identified by ``locator``.</doc>
<msg timestamp="20231108 13:29:17.316" level="INFO">Clicking element '(//*[@class="MuiSvgIcon-root"])[2]'.</msg>
<status status="PASS" starttime="20231108 13:29:17.315" endtime="20231108 13:29:17.372"/>
</kw>
<kw name="Wait Until Element Is Visible" library="SeleniumLibrary">
<arg>//*[contains(text(),'Monthly Income')]</arg>
<doc>Waits until the element ``locator`` is visible.</doc>
<status status="PASS" starttime="20231108 13:29:17.373" endtime="20231108 13:29:17.396"/>
</kw>
<kw name="Click Element" library="SeleniumLibrary">
<arg>//*[contains(text(),'Monthly Income')]</arg>
<doc>Click the element identified by ``locator``.</doc>
<msg timestamp="20231108 13:29:17.396" level="INFO">Clicking element '//*[contains(text(),'Monthly Income')]'.</msg>
<status status="PASS" starttime="20231108 13:29:17.396" endtime="20231108 13:29:17.448"/>
</kw>
<status status="PASS" starttime="20231108 13:29:17.065" endtime="20231108 13:29:17.448"/>
</kw>
<status status="PASS" starttime="20231108 13:29:17.064" endtime="20231108 13:29:17.448"/>
</kw>
<kw name="Wait Until Element Is Visible" library="SeleniumLibrary">
<arg>//*[@id="income"]</arg>
<doc>Waits until the element ``locator`` is visible.</doc>
<status status="PASS" starttime="20231108 13:29:17.448" endtime="20231108 13:29:17.474"/>
</kw>
<kw name="Press Keys" library="SeleniumLibrary">
<arg>//*[@id="income"]</arg>
<arg>CTRL+a+DELETE</arg>
<doc>Simulates the user pressing key(s) to an element or on the active browser.</doc>
<msg timestamp="20231108 13:29:17.475" level="INFO">Sending key(s) ('CTRL+a+DELETE',) to //*[@id="income"] element.</msg>
<msg timestamp="20231108 13:29:17.768" level="INFO">Pressing special key CONTROL down.</msg>
<msg timestamp="20231108 13:29:17.769" level="INFO">Sending key a</msg>
<msg timestamp="20231108 13:29:17.769" level="INFO">Pressing special key DELETE down.</msg>
<msg timestamp="20231108 13:29:17.769" level="INFO">Releasing special key CONTROL.</msg>
<msg timestamp="20231108 13:29:17.769" level="INFO">Releasing special key DELETE.</msg>
<status status="PASS" starttime="20231108 13:29:17.474" endtime="20231108 13:29:17.779"/>
</kw>
<kw name="Input Text" library="SeleniumLibrary">
<arg>id=income</arg>
<arg>${Income_Excel}</arg>
<doc>Types the given ``text`` into the text field identified by ``locator``.</doc>
<msg timestamp="20231108 13:29:17.779" level="INFO">Typing text '50000' into text field 'id=income'.</msg>
<status status="PASS" starttime="20231108 13:29:17.779" endtime="20231108 13:29:17.877"/>
</kw>
<kw name="Click Element" library="SeleniumLibrary">
<arg>//*[text()="Calculate"]</arg>
<doc>Click the element identified by ``locator``.</doc>
<msg timestamp="20231108 13:29:17.877" level="INFO">Clicking element '//*[text()="Calculate"]'.</msg>
<status status="PASS" starttime="20231108 13:29:17.877" endtime="20231108 13:29:17.968"/>
</kw>
<kw name="Click Element If Visible" library="Keywords">
<arg>//*[text()="No thanks, next"]</arg>
<kw name="Run Keyword And Return Status" library="BuiltIn">
<var>${status}</var>
<arg>Wait Until Element Is Visible</arg>
<arg>${locator}</arg>
<arg>5s</arg>
<doc>Runs the given keyword with given arguments and returns the status as a Boolean value.</doc>
<kw name="Wait Until Element Is Visible" library="SeleniumLibrary">
<arg>${locator}</arg>
<arg>5s</arg>
<doc>Waits until the element ``locator`` is visible.</doc>
<status status="PASS" starttime="20231108 13:29:17.968" endtime="20231108 13:29:17.989"/>
</kw>
<msg timestamp="20231108 13:29:17.989" level="INFO">${status} = True</msg>
<status status="PASS" starttime="20231108 13:29:17.968" endtime="20231108 13:29:17.989"/>
</kw>
<kw name="Run Keyword If" library="BuiltIn">
<arg>${status}</arg>
<arg>Wait And Click Element</arg>
<arg>${locator}</arg>
<doc>Runs the given keyword with the given arguments, if ``condition`` is true.</doc>
<kw name="Wait And Click Element" library="Keywords">
<arg>${locator}</arg>
<kw name="Wait Until Keyword Succeeds" library="BuiltIn">
<arg>3x</arg>
<arg>2s</arg>
<arg>Click Element</arg>
<arg>${locator}</arg>
<doc>Runs the specified keyword and retries if it fails.</doc>
<kw name="Click Element" library="SeleniumLibrary">
<arg>${locator}</arg>
<doc>Click the element identified by ``locator``.</doc>
<msg timestamp="20231108 13:29:17.997" level="INFO">Clicking element '//*[text()="No thanks, next"]'.</msg>
<status status="PASS" starttime="20231108 13:29:17.997" endtime="20231108 13:29:18.072"/>
</kw>
<status status="PASS" starttime="20231108 13:29:17.997" endtime="20231108 13:29:18.072"/>
</kw>
<status status="PASS" starttime="20231108 13:29:17.989" endtime="20231108 13:29:18.073"/>
</kw>
<status status="PASS" starttime="20231108 13:29:17.989" endtime="20231108 13:29:18.073"/>
</kw>
<status status="PASS" starttime="20231108 13:29:17.968" endtime="20231108 13:29:18.073"/>
</kw>
<kw name="Run Keyword If" library="BuiltIn">
<arg>'${SELECTED_CARD}' == '${CARD_TYPE_CC}'</arg>
<arg>Select Credit limit CC,SPC</arg>
<doc>Runs the given keyword with the given arguments, if ``condition`` is true.</doc>
<kw name="Select Credit limit CC,SPC" library="Keywords">
<kw name="Sleep" library="BuiltIn">
<arg>6s</arg>
<doc>Pauses the test executed for the given time.</doc>
<msg timestamp="20231108 13:29:24.077" level="INFO">Slept 6 seconds</msg>
<status status="PASS" starttime="20231108 13:29:18.074" endtime="20231108 13:29:24.077"/>
</kw>
<kw name="Execute Javascript" library="SeleniumLibrary">
<arg>window.scrollTo(0, document.body.scrollHeight/2)</arg>
<doc>Executes the given JavaScript code with possible arguments.</doc>
<msg timestamp="20231108 13:29:24.077" level="INFO">Executing JavaScript:
window.scrollTo(0, document.body.scrollHeight/2)
Without any arguments.</msg>
<status status="PASS" starttime="20231108 13:29:24.077" endtime="20231108 13:29:24.088"/>
</kw>
<status status="PASS" starttime="20231108 13:29:18.073" endtime="20231108 13:29:24.088"/>
</kw>
<status status="PASS" starttime="20231108 13:29:18.073" endtime="20231108 13:29:24.088"/>
</kw>
<kw name="Run Keyword If" library="BuiltIn">
<arg>'${SELECTED_CARD}' == '${CARD_TYPE_SPC}'</arg>
<arg>Select Credit limit CC,SPC</arg>
<doc>Runs the given keyword with the given arguments, if ``condition`` is true.</doc>
<status status="PASS" starttime="20231108 13:29:24.088" endtime="20231108 13:29:24.088"/>
</kw>
<kw name="Run Keyword If" library="BuiltIn">
<arg>'${SELECTED_CARD}' == '${CARD_TYPE_SPL}'</arg>
<arg>Run Keywords</arg>
<arg>Execute JavaScript</arg>
<arg>window.scrollTo(0, document.body.scrollHeight / 2);</arg>
<arg>AND</arg>
<arg>Sleep</arg>
<arg>5s</arg>
<arg>AND</arg>
<arg>Drag And Drop By Offset</arg>
<arg>//span[contains(@class, 'MuiSlider-colorPrimary')]</arg>
<arg>50</arg>
<arg>0</arg>
<arg>AND</arg>
<arg>Click Element</arg>
<arg>//*[text()="${Select installment period (month)}"]</arg>
<arg>AND</arg>
<arg>Sleep</arg>
<arg>3s</arg>
<arg>AND</arg>
<arg>Execute JavaScript</arg>
<arg>window.scrollTo(0, document.body.scrollHeight)</arg>
<doc>Runs the given keyword with the given arguments, if ``condition`` is true.</doc>
<status status="PASS" starttime="20231108 13:29:24.088" endtime="20231108 13:29:24.088"/>
</kw>
<kw name="Wait Until Element Is Visible" library="SeleniumLibrary">
<arg>locator=//*[text()="Next"]</arg>
<doc>Waits until the element ``locator`` is visible.</doc>
<status status="PASS" starttime="20231108 13:29:24.088" endtime="20231108 13:29:24.112"/>
</kw>
<kw name="Sleep" library="BuiltIn">
<arg>1s</arg>
<doc>Pauses the test executed for the given time.</doc>
<msg timestamp="20231108 13:29:25.124" level="INFO">Slept 1 second</msg>
<status status="PASS" starttime="20231108 13:29:24.112" endtime="20231108 13:29:25.124"/>
</kw>
<kw name="Click Element" library="SeleniumLibrary">
<arg>//*[text()="Next"]</arg>
<doc>Click the element identified by ``locator``.</doc>
<msg timestamp="20231108 13:29:25.124" level="INFO">Clicking element '//*[text()="Next"]'.</msg>
<status status="PASS" starttime="20231108 13:29:25.124" endtime="20231108 13:29:25.191"/>
</kw>
<kw name="Wait Until Element Is Not Visible" library="SeleniumLibrary">
<arg>locator=//*[text()="Please wait"]</arg>
<doc>Waits until the element ``locator`` is not visible.</doc>
<status status="PASS" starttime="20231108 13:29:25.192" endtime="20231108 13:29:25.203"/>
</kw>
<kw name="Run Keyword And Return Status" library="BuiltIn">
<var>${status}</var>
<arg>Page Should Contain</arg>
<arg>Reference Loan Account</arg>
<doc>Runs the given keyword with given arguments and returns the status as a Boolean value.</doc>
<kw name="Page Should Contain" library="SeleniumLibrary">
<arg>Reference Loan Account</arg>
<doc>Verifies that current page contains ``text``.</doc>
<msg timestamp="20231108 13:29:25.587" level="INFO" html="true">&lt;/td&gt;&lt;/tr&gt;&lt;tr&gt;&lt;td colspan="3"&gt;&lt;a href="../../results/selenium-screenshot-1.png"&gt;&lt;img src="../../results/selenium-screenshot-1.png" width="800px"&gt;&lt;/a&gt;</msg>
<msg timestamp="20231108 13:29:25.587" level="FAIL">Page should have contained text 'Reference Loan Account' but did not.</msg>
<status status="FAIL" starttime="20231108 13:29:25.204" endtime="20231108 13:29:25.597"/>
</kw>
<msg timestamp="20231108 13:29:25.597" level="INFO">${status} = False</msg>
<status status="PASS" starttime="20231108 13:29:25.204" endtime="20231108 13:29:25.597"/>
</kw>
<kw name="Run Keyword If" library="BuiltIn">
<arg>${status}</arg>
<arg>Reference Loan SPL</arg>
<doc>Runs the given keyword with the given arguments, if ``condition`` is true.</doc>
<status status="PASS" starttime="20231108 13:29:25.597" endtime="20231108 13:29:25.597"/>
</kw>
<kw name="Click Element" library="SeleniumLibrary">
<arg>//*[text()="Confirm"]</arg>
<doc>Click the element identified by ``locator``.</doc>
<msg timestamp="20231108 13:29:25.603" level="INFO">Clicking element '//*[text()="Confirm"]'.</msg>
<status status="PASS" starttime="20231108 13:29:25.597" endtime="20231108 13:29:25.660"/>
</kw>
<kw name="Wait Until Element Is Visible" library="SeleniumLibrary">
<arg>//*[text()="Current address"]</arg>
<doc>Waits until the element ``locator`` is visible.</doc>
<status status="PASS" starttime="20231108 13:29:25.660" endtime="20231108 13:29:34.323"/>
</kw>
<kw name="Scroll Element Into View" library="SeleniumLibrary">
<arg>//*[text()="Current address"]</arg>
<doc>Scrolls the element identified by ``locator`` into view.</doc>
<status status="PASS" starttime="20231108 13:29:34.323" endtime="20231108 13:29:34.631"/>
</kw>
<kw name="Wait Until Element Is Visible" library="SeleniumLibrary">
<arg>//*[@placeholder="Select education level"]</arg>
<doc>Waits until the element ``locator`` is visible.</doc>
<status status="PASS" starttime="20231108 13:29:34.631" endtime="20231108 13:29:34.659"/>
</kw>
<kw name="Wait Until Element Is Visible" library="SeleniumLibrary">
<arg>//*[@placeholder="Select education level"]</arg>
<doc>Waits until the element ``locator`` is visible.</doc>
<status status="PASS" starttime="20231108 13:29:34.659" endtime="20231108 13:29:34.679"/>
</kw>
<kw name="Click Element" library="SeleniumLibrary">
<arg>//*[@placeholder="Select education level"]</arg>
<doc>Click the element identified by ``locator``.</doc>
<msg timestamp="20231108 13:29:34.682" level="INFO">Clicking element '//*[@placeholder="Select education level"]'.</msg>
<status status="PASS" starttime="20231108 13:29:34.679" endtime="20231108 13:29:34.740"/>
</kw>
<kw name="Wait Until Element Is Visible" library="SeleniumLibrary">
<arg>(//*[@placeholder="Select education level"])[2]</arg>
<doc>Waits until the element ``locator`` is visible.</doc>
<status status="PASS" starttime="20231108 13:29:34.756" endtime="20231108 13:29:34.779"/>
</kw>
<kw name="Input Text" library="SeleniumLibrary">
<arg>(//*[@placeholder="Select education level"])[2]</arg>
<arg>BACHELOR'S DEGREE</arg>
<doc>Types the given ``text`` into the text field identified by ``locator``.</doc>
<msg timestamp="20231108 13:29:34.779" level="INFO">Typing text 'BACHELOR'S DEGREE' into text field '(//*[@placeholder="Select education level"])[2]'.</msg>
<status status="PASS" starttime="20231108 13:29:34.779" endtime="20231108 13:29:34.924"/>
</kw>
<kw name="Click Element" library="SeleniumLibrary">
<arg>//*[text()="BACHELOR'S DEGREE"]</arg>
<doc>Click the element identified by ``locator``.</doc>
<msg timestamp="20231108 13:29:34.924" level="INFO">Clicking element '//*[text()="BACHELOR'S DEGREE"]'.</msg>
<status status="PASS" starttime="20231108 13:29:34.924" endtime="20231108 13:29:35.011"/>
</kw>
<kw name="Click Element" library="SeleniumLibrary">
<arg>//*[@placeholder="Select marital status"]</arg>
<doc>Click the element identified by ``locator``.</doc>
<msg timestamp="20231108 13:29:35.011" level="INFO">Clicking element '//*[@placeholder="Select marital status"]'.</msg>
<status status="PASS" starttime="20231108 13:29:35.011" endtime="20231108 13:29:35.083"/>
</kw>
<kw name="Input Text" library="SeleniumLibrary">
<arg>(//*[@placeholder="Select marital status"])[2]</arg>
<arg>SINGLE</arg>
<doc>Types the given ``text`` into the text field identified by ``locator``.</doc>
<msg timestamp="20231108 13:29:35.084" level="INFO">Typing text 'SINGLE' into text field '(//*[@placeholder="Select marital status"])[2]'.</msg>
<status status="PASS" starttime="20231108 13:29:35.083" endtime="20231108 13:29:35.206"/>
</kw>
<kw name="Click Element" library="SeleniumLibrary">
<arg>//*[text()="SINGLE"]</arg>
<doc>Click the element identified by ``locator``.</doc>
<msg timestamp="20231108 13:29:35.207" level="INFO">Clicking element '//*[text()="SINGLE"]'.</msg>
<status status="PASS" starttime="20231108 13:29:35.206" endtime="20231108 13:29:35.300"/>
</kw>
<kw name="Press Keys" library="SeleniumLibrary">
<arg>//*[@name="emailAddressForStatement"]</arg>
<arg>CTRL+a+DELETE</arg>
<doc>Simulates the user pressing key(s) to an element or on the active browser.</doc>
<msg timestamp="20231108 13:29:35.303" level="INFO">Sending key(s) ('CTRL+a+DELETE',) to //*[@name="emailAddressForStatement"] element.</msg>
<msg timestamp="20231108 13:29:35.614" level="INFO">Pressing special key CONTROL down.</msg>
<msg timestamp="20231108 13:29:35.614" level="INFO">Sending key a</msg>
<msg timestamp="20231108 13:29:35.614" level="INFO">Pressing special key DELETE down.</msg>
<msg timestamp="20231108 13:29:35.614" level="INFO">Releasing special key CONTROL.</msg>
<msg timestamp="20231108 13:29:35.614" level="INFO">Releasing special key DELETE.</msg>
<status status="PASS" starttime="20231108 13:29:35.300" endtime="20231108 13:29:35.622"/>
</kw>
<kw name="Input Text" library="SeleniumLibrary">
<arg>//*[@name="emailAddressForStatement"]</arg>
<arg>${Email_Excel}</arg>
<doc>Types the given ``text`` into the text field identified by ``locator``.</doc>
<msg timestamp="20231108 13:29:35.622" level="INFO">Typing text 'Testdata01_spc3223@gmail.com' into text field '//*[@name="emailAddressForStatement"]'.</msg>
<status status="PASS" starttime="20231108 13:29:35.622" endtime="20231108 13:29:36.057"/>
</kw>
<kw name="Execute Javascript" library="SeleniumLibrary">
<arg>window.scrollTo(0, document.body.scrollHeight)</arg>
<doc>Executes the given JavaScript code with possible arguments.</doc>
<msg timestamp="20231108 13:29:36.060" level="INFO">Executing JavaScript:
window.scrollTo(0, document.body.scrollHeight)
Without any arguments.</msg>
<status status="PASS" starttime="20231108 13:29:36.057" endtime="20231108 13:29:36.070"/>
</kw>
<kw name="Click Element" library="SeleniumLibrary">
<arg>//*[text()="Use address as specified in National ID Card"]</arg>
<doc>Click the element identified by ``locator``.</doc>
<msg timestamp="20231108 13:29:36.070" level="INFO">Clicking element '//*[text()="Use address as specified in National ID Card"]'.</msg>
<status status="PASS" starttime="20231108 13:29:36.070" endtime="20231108 13:29:36.164"/>
</kw>
<kw name="Click Element" library="SeleniumLibrary">
<arg>//*[text()="National ID Card"]</arg>
<doc>Click the element identified by ``locator``.</doc>
<msg timestamp="20231108 13:29:36.164" level="INFO">Clicking element '//*[text()="National ID Card"]'.</msg>
<status status="PASS" starttime="20231108 13:29:36.164" endtime="20231108 13:29:36.244"/>
</kw>
<kw name="Click Element" library="SeleniumLibrary">
<arg>//*[text()="Next"]</arg>
<doc>Click the element identified by ``locator``.</doc>
<msg timestamp="20231108 13:29:36.246" level="INFO">Clicking element '//*[text()="Next"]'.</msg>
<status status="PASS" starttime="20231108 13:29:36.246" endtime="20231108 13:29:36.324"/>
</kw>
<kw name="Wait Until Element Is Visible" library="SeleniumLibrary">
<arg>locator=//*[text()="skipOTP"]</arg>
<doc>Waits until the element ``locator`` is visible.</doc>
<status status="PASS" starttime="20231108 13:29:36.324" endtime="20231108 13:29:37.618"/>
</kw>
<kw name="Click Element" library="SeleniumLibrary">
<arg>//*[text()="skipOTP"]</arg>
<doc>Click the element identified by ``locator``.</doc>
<msg timestamp="20231108 13:29:37.618" level="INFO">Clicking element '//*[text()="skipOTP"]'.</msg>
<status status="PASS" starttime="20231108 13:29:37.618" endtime="20231108 13:29:37.736"/>
</kw>
<kw name="Wait Until Element Is Not Visible" library="SeleniumLibrary">
<arg>locator=//*[text()="Please wait"]</arg>
<doc>Waits until the element ``locator`` is not visible.</doc>
<status status="PASS" starttime="20231108 13:29:37.737" endtime="20231108 13:29:45.885"/>
</kw>
<kw name="Wait Until Element Is Visible" library="SeleniumLibrary">
<arg>locator=(//*[@class="MuiIconButton-label"])[3]</arg>
<doc>Waits until the element ``locator`` is visible.</doc>
<status status="PASS" starttime="20231108 13:29:45.885" endtime="20231108 13:29:45.911"/>
</kw>
<kw name="Click Element" library="SeleniumLibrary">
<arg>(//*[@class="MuiIconButton-label"])[3]</arg>
<doc>Click the element identified by ``locator``.</doc>
<msg timestamp="20231108 13:29:45.912" level="INFO">Clicking element '(//*[@class="MuiIconButton-label"])[3]'.</msg>
<status status="PASS" starttime="20231108 13:29:45.911" endtime="20231108 13:29:45.996"/>
</kw>
<kw name="Click Element" library="SeleniumLibrary">
<arg>//*[@placeholder="Select occupation"]</arg>
<doc>Click the element identified by ``locator``.</doc>
<msg timestamp="20231108 13:29:45.996" level="INFO">Clicking element '//*[@placeholder="Select occupation"]'.</msg>
<status status="PASS" starttime="20231108 13:29:45.996" endtime="20231108 13:29:46.086"/>
</kw>
<kw name="Input Text" library="SeleniumLibrary">
<arg>//*[@placeholder="Search"]</arg>
<arg>Doctor</arg>
<doc>Types the given ``text`` into the text field identified by ``locator``.</doc>
<msg timestamp="20231108 13:29:46.092" level="INFO">Typing text 'Doctor' into text field '//*[@placeholder="Search"]'.</msg>
<status status="PASS" starttime="20231108 13:29:46.086" endtime="20231108 13:29:46.213"/>
</kw>
<kw name="Wait Until Element Is Visible" library="SeleniumLibrary">
<arg>locator=//*[text()="Doctor"]</arg>
<doc>Waits until the element ``locator`` is visible.</doc>
<status status="PASS" starttime="20231108 13:29:46.214" endtime="20231108 13:29:46.662"/>
</kw>
<kw name="Click Element" library="SeleniumLibrary">
<arg>//*[text()="Doctor"]</arg>
<doc>Click the element identified by ``locator``.</doc>
<msg timestamp="20231108 13:29:46.662" level="INFO">Clicking element '//*[text()="Doctor"]'.</msg>
<status status="PASS" starttime="20231108 13:29:46.662" endtime="20231108 13:29:46.725"/>
</kw>
<kw name="Input Text" library="SeleniumLibrary">
<arg>name=companyName</arg>
<arg>${Company name}</arg>
<doc>Types the given ``text`` into the text field identified by ``locator``.</doc>
<msg timestamp="20231108 13:29:46.726" level="INFO">Typing text 'Nospital' into text field 'name=companyName'.</msg>
<status status="PASS" starttime="20231108 13:29:46.725" endtime="20231108 13:29:46.868"/>
</kw>
<kw name="Click Element" library="SeleniumLibrary">
<arg>//*[@placeholder="Select year(s) and month(s)"]</arg>
<doc>Click the element identified by ``locator``.</doc>
<msg timestamp="20231108 13:29:46.868" level="INFO">Clicking element '//*[@placeholder="Select year(s) and month(s)"]'.</msg>
<status status="PASS" starttime="20231108 13:29:46.868" endtime="20231108 13:29:46.938"/>
</kw>
<kw name="Click Plus Button 4 Times" library="Keywords">
<arg>//*[name()='path' and @d='M14 8H8V14H6V8H0V6H6V0H8V6H14V8Z']</arg>
<for flavor="IN RANGE">
<var>${i}</var>
<value>4</value>
<iter>
<var name="${i}">0</var>
<kw name="Click Element" library="SeleniumLibrary">
<arg>${locator}</arg>
<doc>Click the element identified by ``locator``.</doc>
<msg timestamp="20231108 13:29:46.938" level="INFO">Clicking element '//*[name()='path' and @d='M14 8H8V14H6V8H0V6H6V0H8V6H14V8Z']'.</msg>
<status status="PASS" starttime="20231108 13:29:46.938" endtime="20231108 13:29:46.994"/>
</kw>
<status status="PASS" starttime="20231108 13:29:46.938" endtime="20231108 13:29:46.994"/>
</iter>
<iter>
<var name="${i}">1</var>
<kw name="Click Element" library="SeleniumLibrary">
<arg>${locator}</arg>
<doc>Click the element identified by ``locator``.</doc>
<msg timestamp="20231108 13:29:46.994" level="INFO">Clicking element '//*[name()='path' and @d='M14 8H8V14H6V8H0V6H6V0H8V6H14V8Z']'.</msg>
<status status="PASS" starttime="20231108 13:29:46.994" endtime="20231108 13:29:47.038"/>
</kw>
<status status="PASS" starttime="20231108 13:29:46.994" endtime="20231108 13:29:47.038"/>
</iter>
<iter>
<var name="${i}">2</var>
<kw name="Click Element" library="SeleniumLibrary">
<arg>${locator}</arg>
<doc>Click the element identified by ``locator``.</doc>
<msg timestamp="20231108 13:29:47.040" level="INFO">Clicking element '//*[name()='path' and @d='M14 8H8V14H6V8H0V6H6V0H8V6H14V8Z']'.</msg>
<status status="PASS" starttime="20231108 13:29:47.038" endtime="20231108 13:29:47.084"/>
</kw>
<status status="PASS" starttime="20231108 13:29:47.038" endtime="20231108 13:29:47.084"/>
</iter>
<iter>
<var name="${i}">3</var>
<kw name="Click Element" library="SeleniumLibrary">
<arg>${locator}</arg>
<doc>Click the element identified by ``locator``.</doc>
<msg timestamp="20231108 13:29:47.084" level="INFO">Clicking element '//*[name()='path' and @d='M14 8H8V14H6V8H0V6H6V0H8V6H14V8Z']'.</msg>
<status status="PASS" starttime="20231108 13:29:47.084" endtime="20231108 13:29:47.153"/>
</kw>
<status status="PASS" starttime="20231108 13:29:47.084" endtime="20231108 13:29:47.153"/>
</iter>
<status status="PASS" starttime="20231108 13:29:46.938" endtime="20231108 13:29:47.153"/>
</for>
<status status="PASS" starttime="20231108 13:29:46.938" endtime="20231108 13:29:47.153"/>
</kw>
<kw name="Wait Until Element Is Visible" library="SeleniumLibrary">
<arg>//*[text()="OK"]</arg>
<doc>Waits until the element ``locator`` is visible.</doc>
<status status="PASS" starttime="20231108 13:29:47.153" endtime="20231108 13:29:47.179"/>
</kw>
<kw name="Sleep" library="BuiltIn">
<arg>3s</arg>
<doc>Pauses the test executed for the given time.</doc>
<msg timestamp="20231108 13:29:50.190" level="INFO">Slept 3 seconds</msg>
<status status="PASS" starttime="20231108 13:29:47.179" endtime="20231108 13:29:50.190"/>
</kw>
<kw name="Click Element" library="SeleniumLibrary">
<arg>//*[text()="OK"]</arg>
<doc>Click the element identified by ``locator``.</doc>
<msg timestamp="20231108 13:29:50.191" level="INFO">Clicking element '//*[text()="OK"]'.</msg>
<status status="PASS" starttime="20231108 13:29:50.190" endtime="20231108 13:29:50.259"/>
</kw>
<kw name="Wait Until Element Is Not Visible" library="SeleniumLibrary">
<arg>//*[text()="Please wait"]</arg>
<doc>Waits until the element ``locator`` is not visible.</doc>
<status status="PASS" starttime="20231108 13:29:50.259" endtime="20231108 13:29:50.270"/>
</kw>
<kw name="Execute Javascript" library="SeleniumLibrary">
<arg>window.scrollTo(0, document.body.scrollHeight)</arg>
<doc>Executes the given JavaScript code with possible arguments.</doc>
<msg timestamp="20231108 13:29:50.272" level="INFO">Executing JavaScript:
window.scrollTo(0, document.body.scrollHeight)
Without any arguments.</msg>
<status status="PASS" starttime="20231108 13:29:50.271" endtime="20231108 13:29:50.282"/>
</kw>
<kw name="Input Text" library="SeleniumLibrary">
<arg>//*[@name="mobileNo"]</arg>
<arg>${PhoneNumber}</arg>
[...]
</kw>
<kw name="Run Keyword If" library="BuiltIn">
<arg>'${SELECTED_CARD}' == '${CARD_TYPE_SPL}'</arg>
<arg>Select add account number or not</arg>
<doc>Runs the given keyword with the given arguments, if ``condition`` is true.</doc>
<status status="NOT RUN" starttime="20231108 13:32:48.372" endtime="20231108 13:32:48.372"/>
</kw>
<kw name="Wait Until Element Is Visible" library="SeleniumLibrary">
<arg>locator=//*[@alt="arrowdown"]</arg>
<doc>Waits until the element ``locator`` is visible.</doc>
<status status="NOT RUN" starttime="20231108 13:32:48.372" endtime="20231108 13:32:48.372"/>
</kw>
<kw name="Click Element" library="SeleniumLibrary">
<arg>//*[@alt="arrowdown"]</arg>
<doc>Click the element identified by ``locator``.</doc>
<status status="NOT RUN" starttime="20231108 13:32:48.372" endtime="20231108 13:32:48.372"/>
</kw>
<kw name="Sleep" library="BuiltIn">
<arg>2s</arg>
<doc>Pauses the test executed for the given time.</doc>
<status status="NOT RUN" starttime="20231108 13:32:48.372" endtime="20231108 13:32:48.372"/>
</kw>
<kw name="Click Element" library="SeleniumLibrary">
<arg>//*[text()="Accept"]</arg>
<doc>Click the element identified by ``locator``.</doc>
<status status="NOT RUN" starttime="20231108 13:32:48.372" endtime="20231108 13:32:48.372"/>
</kw>
<kw name="Click Element" library="SeleniumLibrary">
<arg>//*[text()="skipOTP"]</arg>
<doc>Click the element identified by ``locator``.</doc>
<status status="NOT RUN" starttime="20231108 13:32:48.372" endtime="20231108 13:32:48.372"/>
</kw>
<kw name="Wait Until Element Is Not Visible" library="SeleniumLibrary">
<arg>//*[text()="Please wait"]</arg>
<doc>Waits until the element ``locator`` is not visible.</doc>
<status status="NOT RUN" starttime="20231108 13:32:48.372" endtime="20231108 13:32:48.372"/>
</kw>
<kw name="Execute Javascript" library="SeleniumLibrary">
<arg>window.scrollTo(0, document.body.scrollHeight)</arg>
<doc>Executes the given JavaScript code with possible arguments.</doc>
<status status="NOT RUN" starttime="20231108 13:32:48.372" endtime="20231108 13:32:48.372"/>
</kw>
<kw name="Click Element" library="SeleniumLibrary">
<arg>(//*[@class="MuiButton-label"])[2]</arg>
<doc>Click the element identified by ``locator``.</doc>
<status status="NOT RUN" starttime="20231108 13:32:48.372" endtime="20231108 13:32:48.372"/>
</kw>
<kw name="Wait Until Element Is Not Visible" library="SeleniumLibrary">
<arg>//*[text()="Please wait"]</arg>
<doc>Waits until the element ``locator`` is not visible.</doc>
<status status="NOT RUN" starttime="20231108 13:32:48.372" endtime="20231108 13:32:48.372"/>
</kw>
<kw name="Scroll Element Into View" library="SeleniumLibrary">
<arg>//*[text()="Accept all"]</arg>
<doc>Scrolls the element identified by ``locator`` into view.</doc>
<status status="NOT RUN" starttime="20231108 13:32:48.372" endtime="20231108 13:32:48.372"/>
</kw>
<kw name="Click Element" library="SeleniumLibrary">
<arg>//*[text()="Accept all"]</arg>
<doc>Click the element identified by ``locator``.</doc>
<status status="NOT RUN" starttime="20231108 13:32:48.372" endtime="20231108 13:32:48.372"/>
</kw>
<kw name="Click Element" library="SeleniumLibrary">
<arg>//*[text()="I have read and agreed to the"]</arg>
<doc>Click the element identified by ``locator``.</doc>
<status status="NOT RUN" starttime="20231108 13:32:48.372" endtime="20231108 13:32:48.372"/>
</kw>
<kw name="Execute Javascript" library="SeleniumLibrary">
<arg>window.scrollTo(0, document.body.scrollHeight)</arg>
<doc>Executes the given JavaScript code with possible arguments.</doc>
<status status="NOT RUN" starttime="20231108 13:32:48.372" endtime="20231108 13:32:48.372"/>
</kw>
<kw name="Click Element" library="SeleniumLibrary">
<arg>//*[text()="Next"]</arg>
<doc>Click the element identified by ``locator``.</doc>
<status status="NOT RUN" starttime="20231108 13:32:48.372" endtime="20231108 13:32:48.372"/>
</kw>
<kw name="Wait Until Element Is Not Visible" library="SeleniumLibrary">
<arg>//*[text()="Please wait"]</arg>
<doc>Waits until the element ``locator`` is not visible.</doc>
<status status="NOT RUN" starttime="20231108 13:32:48.372" endtime="20231108 13:32:48.372"/>
</kw>
<kw name="Wait Until Element Is Visible" library="SeleniumLibrary">
<arg>locator=//*[@name="ReferralCode1"]</arg>
<doc>Waits until the element ``locator`` is visible.</doc>
<status status="NOT RUN" starttime="20231108 13:32:48.372" endtime="20231108 13:32:48.372"/>
</kw>
<kw name="Input Text" library="SeleniumLibrary">
<arg>//*[@name="ReferralCode1"]</arg>
<arg>${Sales code 1_uat}</arg>
<doc>Types the given ``text`` into the text field identified by ``locator``.</doc>
<status status="NOT RUN" starttime="20231108 13:32:48.372" endtime="20231108 13:32:48.372"/>
</kw>
<kw name="Sleep" library="BuiltIn">
<arg>4s</arg>
<doc>Pauses the test executed for the given time.</doc>
<status status="NOT RUN" starttime="20231108 13:32:48.372" endtime="20231108 13:32:48.372"/>
</kw>
<kw name="Next" library="Keywords">
<status status="NOT RUN" starttime="20231108 13:32:48.372" endtime="20231108 13:32:48.372"/>
</kw>
<kw name="Wait Until Element Is Not Visible" library="SeleniumLibrary">
<arg>//*[text()="Please wait"]</arg>
<doc>Waits until the element ``locator`` is not visible.</doc>
<status status="NOT RUN" starttime="20231108 13:32:48.372" endtime="20231108 13:32:48.372"/>
</kw>
<kw name="Execute Javascript" library="SeleniumLibrary">
<arg>window.scrollTo(0, document.body.scrollHeight)</arg>
<doc>Executes the given JavaScript code with possible arguments.</doc>
<status status="NOT RUN" starttime="20231108 13:32:48.386" endtime="20231108 13:32:48.386"/>
</kw>
<kw name="Click Element" library="SeleniumLibrary">
<arg>//*[text()="Confirm application"]</arg>
<doc>Click the element identified by ``locator``.</doc>
<status status="NOT RUN" starttime="20231108 13:32:48.386" endtime="20231108 13:32:48.386"/>
</kw>
<kw name="Wait Until Element Is Visible" library="SeleniumLibrary">
<arg>//*[text()="skipOTP"]</arg>
<doc>Waits until the element ``locator`` is visible.</doc>
<status status="NOT RUN" starttime="20231108 13:32:48.386" endtime="20231108 13:32:48.386"/>
</kw>
<kw name="Click Element" library="SeleniumLibrary">
<arg>//*[text()="skipOTP"]</arg>
<doc>Click the element identified by ``locator``.</doc>
<status status="NOT RUN" starttime="20231108 13:32:48.386" endtime="20231108 13:32:48.386"/>
</kw>
<kw name="Wait Until Element Is Not Visible" library="SeleniumLibrary">
<arg>//*[text()="Application is being processed,please wait a few minutes"]</arg>
<arg>200s</arg>
<doc>Waits until the element ``locator`` is not visible.</doc>
<status status="NOT RUN" starttime="20231108 13:32:48.386" endtime="20231108 13:32:48.386"/>
</kw>
<kw name="Wait Until Element Is Visible" library="SeleniumLibrary">
<arg>//*[text()="Submit document via Sale Tablet"]</arg>
<doc>Waits until the element ``locator`` is visible.</doc>
<status status="NOT RUN" starttime="20231108 13:32:48.386" endtime="20231108 13:32:48.386"/>
</kw>
<kw name="Click Element" library="SeleniumLibrary">
<arg>//*[text()="Submit document via Sale Tablet"]</arg>
<doc>Click the element identified by ``locator``.</doc>
<status status="NOT RUN" starttime="20231108 13:32:48.386" endtime="20231108 13:32:48.386"/>
</kw>
<kw name="Wait Until Element Is Visible" library="SeleniumLibrary">
<arg>//*[text()="Upload"]</arg>
<doc>Waits until the element ``locator`` is visible.</doc>
<status status="NOT RUN" starttime="20231108 13:32:48.386" endtime="20231108 13:32:48.386"/>
</kw>
<kw name="Sleep" library="BuiltIn">
<arg>3s</arg>
<doc>Pauses the test executed for the given time.</doc>
<status status="NOT RUN" starttime="20231108 13:32:48.386" endtime="20231108 13:32:48.386"/>
</kw>
<kw name="Click Element" library="SeleniumLibrary">
<arg>//*[text()="Upload"]</arg>
<doc>Click the element identified by ``locator``.</doc>
<status status="NOT RUN" starttime="20231108 13:32:48.387" endtime="20231108 13:32:48.387"/>
</kw>
<kw name="Wait Until Element Is Not Visible" library="SeleniumLibrary">
<arg>//*[text()="Please wait"]</arg>
<doc>Waits until the element ``locator`` is not visible.</doc>
<status status="NOT RUN" starttime="20231108 13:32:48.387" endtime="20231108 13:32:48.387"/>
</kw>
<kw name="Wait Until Element Is Visible" library="SeleniumLibrary">
<arg>//*[text()="Add photo"]</arg>
<doc>Waits until the element ``locator`` is visible.</doc>
<status status="NOT RUN" starttime="20231108 13:32:48.387" endtime="20231108 13:32:48.387"/>
</kw>
<kw name="Sleep" library="BuiltIn">
<arg>5s</arg>
<doc>Pauses the test executed for the given time.</doc>
<status status="NOT RUN" starttime="20231108 13:32:48.387" endtime="20231108 13:32:48.388"/>
</kw>
<kw name="Click Element" library="SeleniumLibrary">
<arg>//*[text()="Add photo"]</arg>
<doc>Click the element identified by ``locator``.</doc>
<status status="NOT RUN" starttime="20231108 13:32:48.388" endtime="20231108 13:32:48.388"/>
</kw>
<kw name="Sleep" library="BuiltIn">
<arg>2s</arg>
<doc>Pauses the test executed for the given time.</doc>
<status status="NOT RUN" starttime="20231108 13:32:48.388" endtime="20231108 13:32:48.388"/>
</kw>
<kw name="Choose File" library="SeleniumLibrary">
<arg>xpath=//*[@id="selectImage"]</arg>
<arg>D:\\automate\\Setup\\test.jpg</arg>
<doc>Inputs the ``file_path`` into the file input field ``locator``.</doc>
<status status="NOT RUN" starttime="20231108 13:32:48.388" endtime="20231108 13:32:48.388"/>
</kw>
<kw name="Sleep" library="BuiltIn">
<arg>3s</arg>
<doc>Pauses the test executed for the given time.</doc>
<status status="NOT RUN" starttime="20231108 13:32:48.388" endtime="20231108 13:32:48.388"/>
</kw>
<kw name="Wait Until Element Is Not Visible" library="SeleniumLibrary">
<arg>locator=//*[text()="Please wait"]</arg>
<doc>Waits until the element ``locator`` is not visible.</doc>
<status status="NOT RUN" starttime="20231108 13:32:48.388" endtime="20231108 13:32:48.388"/>
</kw>
<kw name="Sleep" library="BuiltIn">
<arg>1s</arg>
<doc>Pauses the test executed for the given time.</doc>
<status status="NOT RUN" starttime="20231108 13:32:48.388" endtime="20231108 13:32:48.388"/>
</kw>
<kw name="Execute Javascript" library="SeleniumLibrary">
<arg>window.scrollTo(0, document.body.scrollHeight)</arg>
<doc>Executes the given JavaScript code with possible arguments.</doc>
<status status="NOT RUN" starttime="20231108 13:32:48.388" endtime="20231108 13:32:48.388"/>
</kw>
<kw name="Sleep" library="BuiltIn">
<arg>5s</arg>
<doc>Pauses the test executed for the given time.</doc>
<status status="NOT RUN" starttime="20231108 13:32:48.388" endtime="20231108 13:32:48.388"/>
</kw>
<kw name="Wait Until Element Is Visible" library="SeleniumLibrary">
<arg>locator=//*[text()="Done"]</arg>
<doc>Waits until the element ``locator`` is visible.</doc>
<status status="NOT RUN" starttime="20231108 13:32:48.388" endtime="20231108 13:32:48.388"/>
</kw>
<kw name="Sleep" library="BuiltIn">
<arg>3s</arg>
<doc>Pauses the test executed for the given time.</doc>
<status status="NOT RUN" starttime="20231108 13:32:48.388" endtime="20231108 13:32:48.388"/>
</kw>
<kw name="Click Element" library="SeleniumLibrary">
<arg>//*[text()="Done"]</arg>
<doc>Click the element identified by ``locator``.</doc>
<status status="NOT RUN" starttime="20231108 13:32:48.388" endtime="20231108 13:32:48.388"/>
</kw>
<kw name="Sleep" library="BuiltIn">
<arg>10s</arg>
<doc>Pauses the test executed for the given time.</doc>
<status status="NOT RUN" starttime="20231108 13:32:48.388" endtime="20231108 13:32:48.388"/>
</kw>
<kw name="Wait Until Element Is Not Visible" library="SeleniumLibrary">
<arg>//*[text()="Please wait"]</arg>
<doc>Waits until the element ``locator`` is not visible.</doc>
<status status="NOT RUN" starttime="20231108 13:32:48.388" endtime="20231108 13:32:48.388"/>
</kw>
<kw name="Sleep" library="BuiltIn">
<arg>4s</arg>
<doc>Pauses the test executed for the given time.</doc>
<status status="NOT RUN" starttime="20231108 13:32:48.388" endtime="20231108 13:32:48.388"/>
</kw>
<kw name="Execute Javascript" library="SeleniumLibrary">
<arg>window.scrollTo(0, document.body.scrollHeight)</arg>
<doc>Executes the given JavaScript code with possible arguments.</doc>
<status status="NOT RUN" starttime="20231108 13:32:48.388" endtime="20231108 13:32:48.388"/>
</kw>
<kw name="Sleep" library="BuiltIn">
<arg>5s</arg>
<doc>Pauses the test executed for the given time.</doc>
<status status="NOT RUN" starttime="20231108 13:32:48.389" endtime="20231108 13:32:48.389"/>
</kw>
<kw name="Run Keyword And Return Status" library="BuiltIn">
<var>${status1}</var>
<arg>Wait Until Element Is Visible</arg>
<arg>//*[@id="5"]//div[text()="Upload"]</arg>
<arg>1s</arg>
<doc>Runs the given keyword with given arguments and returns the status as a Boolean value.</doc>
<status status="NOT RUN" starttime="20231108 13:32:48.389" endtime="20231108 13:32:48.389"/>
</kw>
<kw name="Run Keyword If" library="BuiltIn">
<arg>${status1}</arg>
<arg>Run Keywords</arg>
<arg>Wait Until Element Is Visible</arg>
<arg>//*[@id="5"]//div[text()="Upload"]</arg>
<arg>AND</arg>
<arg>Click Element</arg>
<arg>//*[@id="5"]//div[text()="Upload"]</arg>
<arg>AND</arg>
<arg>Upload picture</arg>
<doc>Runs the given keyword with the given arguments, if ``condition`` is true.</doc>
<status status="NOT RUN" starttime="20231108 13:32:48.389" endtime="20231108 13:32:48.389"/>
</kw>
<kw name="Run Keyword And Return Status" library="BuiltIn">
<var>${status2}</var>
<arg>Wait Until Element Is Visible</arg>
<arg>//*[@id="6"]//div[text()="Upload"]</arg>
<arg>1s</arg>
<doc>Runs the given keyword with given arguments and returns the status as a Boolean value.</doc>
<status status="NOT RUN" starttime="20231108 13:32:48.389" endtime="20231108 13:32:48.389"/>
</kw>
<kw name="Run Keyword If" library="BuiltIn">
<arg>${status2}</arg>
<arg>Run Keywords</arg>
<arg>Wait Until Element Is Visible</arg>
<arg>//*[@id="6"]//div[text()="Upload"]</arg>
<arg>5s</arg>
<arg>AND</arg>
<arg>Click Element</arg>
<arg>//*[@id="6"]//div[text()="Upload"]</arg>
<arg>AND</arg>
<arg>Upload picture</arg>
<doc>Runs the given keyword with the given arguments, if ``condition`` is true.</doc>
<status status="NOT RUN" starttime="20231108 13:32:48.390" endtime="20231108 13:32:48.390"/>
</kw>
<kw name="Run Keyword And Return Status" library="BuiltIn">
<var>${status3}</var>
<arg>Wait Until Element Is Visible</arg>
<arg>//*[@id="7"]//div[text()="Upload"]</arg>
<arg>1s</arg>
<doc>Runs the given keyword with given arguments and returns the status as a Boolean value.</doc>
<status status="NOT RUN" starttime="20231108 13:32:48.390" endtime="20231108 13:32:48.390"/>
</kw>
<kw name="Run Keyword If" library="BuiltIn">
<arg>${status3}</arg>
<arg>Run Keywords</arg>
<arg>Wait Until Element Is Visible</arg>
<arg>//*[@id="7"]//div[text()="Upload"]</arg>
<arg>AND</arg>
<arg>Click Element</arg>
<arg>//*[@id="7"]//div[text()="Upload"]</arg>
<arg>AND</arg>
<arg>Upload picture</arg>
<doc>Runs the given keyword with the given arguments, if ``condition`` is true.</doc>
<status status="NOT RUN" starttime="20231108 13:32:48.390" endtime="20231108 13:32:48.390"/>
</kw>
<kw name="Wait Until Element Is Visible" library="SeleniumLibrary">
<arg>//*[text()="Submit document"]</arg>
<doc>Waits until the element ``locator`` is visible.</doc>
<status status="NOT RUN" starttime="20231108 13:32:48.390" endtime="20231108 13:32:48.390"/>
</kw>
<kw name="Click Element" library="SeleniumLibrary">
<arg>//*[text()="Submit document"]</arg>
<doc>Click the element identified by ``locator``.</doc>
<status status="NOT RUN" starttime="20231108 13:32:48.390" endtime="20231108 13:32:48.390"/>
</kw>
<kw name="Click Element" library="SeleniumLibrary">
<arg>//*[text()="Confirm"]</arg>
<doc>Click the element identified by ``locator``.</doc>
<status status="NOT RUN" starttime="20231108 13:32:48.390" endtime="20231108 13:32:48.390"/>
</kw>
<kw name="Wait Until Element Is Visible" library="SeleniumLibrary">
<arg>xpath=//*[text()="Back to home page"]</arg>
<doc>Waits until the element ``locator`` is visible.</doc>
<status status="NOT RUN" starttime="20231108 13:32:48.390" endtime="20231108 13:32:48.390"/>
</kw>
<kw name="Input Ref no" library="Keywords">
<arg>${ROW}</arg>
<status status="NOT RUN" starttime="20231108 13:32:48.390" endtime="20231108 13:32:48.390"/>
</kw>
<kw name="Scroll Element Into View" library="SeleniumLibrary">
<arg>xpath=//*[text()="Back to home page"]</arg>
<doc>Scrolls the element identified by ``locator`` into view.</doc>
<status status="NOT RUN" starttime="20231108 13:32:48.390" endtime="20231108 13:32:48.390"/>
</kw>
<kw name="Click Element" library="SeleniumLibrary">
<arg>xpath=//*[text()="Back to home page"]</arg>
<doc>Click the element identified by ``locator``.</doc>
<status status="NOT RUN" starttime="20231108 13:32:48.390" endtime="20231108 13:32:48.390"/>
</kw>
<kw name="Wait Until Element Is Not Visible" library="SeleniumLibrary">
<arg>locator=//*[text()="Please wait"]</arg>
<doc>Waits until the element ``locator`` is not visible.</doc>
<status status="NOT RUN" starttime="20231108 13:32:48.390" endtime="20231108 13:32:48.390"/>
</kw>
<status status="FAIL" starttime="20231108 13:32:42.688" endtime="20231108 13:32:48.390"/>
</iter>
<status status="FAIL" starttime="20231108 13:28:21.256" endtime="20231108 13:32:48.390"/>
</for>
<status status="FAIL" starttime="20231108 13:28:10.242" endtime="20231108 13:32:48.390">NoSuchWindowException: Message: no such window: target window already closed
from unknown error: web view not found
  (Session info: chrome=119.0.6045.106)
Stacktrace:
	GetHandleVerifier [0x00007FF71ACB82B2+55298]
	(No symbol) [0x00007FF71AC25E02]
	(No symbol) [0x00007FF71AAE05AB]
	(No symbol) [0x00007FF71AAC0038]
	(No symbol) [0x00007FF71AB46BC7]
	(No symbol) [0x00007FF71AB5A15F]
	(No symbol) [0x00007FF71AB41E83]
	(No symbol) [0x00007FF71AB1670A]
	(No symbol) [0x00007FF71AB17964]
	GetHandleVerifier [0x00007FF71B030AAB+3694587]
	GetHandleVerifier [0x00007FF71B08728E+4048862]
	GetHandleVerifier [0x00007FF71B07F173+4015811]
	GetHandleVerifier [0x00007FF71AD547D6+695590]
	(No symbol) [0x00007FF71AC30CE8]
	(No symbol) [0x00007FF71AC2CF34]
	(No symbol) [0x00007FF71AC2D062]
	(No symbol) [0x00007FF71AC1D3A3]
	BaseThreadInitThunk [0x00007FFBD0B1257D+29]
	RtlUserThreadStart [0x00007FFBD102AA58+40]
</status>
</test>
<status status="FAIL" starttime="20231108 13:28:09.133" endtime="20231108 13:32:48.395"/>
</suite>
<statistics>
<total>
<stat pass="0" fail="1" skip="0">All Tasks</stat>
</total>
<tag>
</tag>
<suite>
<stat pass="0" fail="1" skip="0" id="s1" name="Run task">Run task</stat>
</suite>
</statistics>
<errors>
<msg timestamp="20231108 13:28:10.242" level="ERROR">Error in file 'D:\automate\Onborad CC SPC SPL\1.Setting\Setting.robot' on line 15: Error in file 'D:\automate\Onborad CC SPC SPL\3.Task\Run task.robot' on line 128: Resource file with 'Tasks' section is invalid.</msg>
<msg timestamp="20231108 13:32:48.324" level="WARN">Keyword 'Capture Page Screenshot' could not be run on failure: Message: no such window: target window already closed
from unknown error: web view not found
  (Session info: chrome=119.0.6045.106)
Stacktrace:
	GetHandleVerifier [0x00007FF71ACB82B2+55298]
	(No symbol) [0x00007FF71AC25E02]
	(No symbol) [0x00007FF71AAE05AB]
	(No symbol) [0x00007FF71AAC0038]
	(No symbol) [0x00007FF71AB46BC7]
	(No symbol) [0x00007FF71AB5A15F]
	(No symbol) [0x00007FF71AB41E83]
	(No symbol) [0x00007FF71AB1670A]
	(No symbol) [0x00007FF71AB17964]
	GetHandleVerifier [0x00007FF71B030AAB+3694587]
	GetHandleVerifier [0x00007FF71B08728E+4048862]
	GetHandleVerifier [0x00007FF71B07F173+4015811]
	GetHandleVerifier [0x00007FF71AD547D6+695590]
	(No symbol) [0x00007FF71AC30CE8]
	(No symbol) [0x00007FF71AC2CF34]
	(No symbol) [0x00007FF71AC2D062]
	(No symbol) [0x00007FF71AC1D3A3]
	BaseThreadInitThunk [0x00007FFBD0B1257D+29]
	RtlUserThreadStart [0x00007FFBD102AA58+40]
</msg>
</errors>
</robot>
