<?xml version="1.0" encoding="UTF-8"?>
<robot generator="Robot 6.1.1 (Python 3.9.0 on win32)" generated="20240212 09:02:25.108" rpa="true" schemaversion="4">
<suite id="s1" name="Run Task" source="D:\automate\Onborad CC SPC SPL\3.Task\run task.robot">
<test id="s1-t1" name="Onboarding And Get Names" line="131">
<kw name="Open web onbording" library="Keywords">
<kw name="Open Browser" library="SeleniumLibrary">
<arg>browser=gc</arg>
<arg>alias=BrowserA</arg>
<doc>Opens a new browser instance to the optional ``url``.</doc>
<msg timestamp="20240212 09:02:27.715" level="INFO">Opening browser 'gc' to base url 'None'.</msg>
<status status="PASS" starttime="20240212 09:02:27.714" endtime="20240212 09:02:29.008"/>
</kw>
<kw name="Go To" library="SeleniumLibrary">
<arg>${URL}</arg>
<doc>Navigates the current browser window to the provided ``url``.</doc>
<msg timestamp="20240212 09:02:29.009" level="INFO">Opening url 'https://cardxscb--uat.sandbox.my.salesforce.com/?ec=302&amp;startURL=%2Fvisualforce%2Fsession%3Furl%3Dhttps%253A%252F%252Fcardxscb--uat.sandbox.lightning.force.com%252Fvisualforce%252Fsession%253Furl%253Dhttps%25253A%25252F%25252Fcardxscb--uat--c.sandbox.vf.force.com%25252Fapex%25252FSLS_AssistedSalesApp'</msg>
<status status="PASS" starttime="20240212 09:02:29.009" endtime="20240212 09:02:30.272"/>
</kw>
<kw name="Maximize Browser Window" library="SeleniumLibrary">
<doc>Maximizes current browser window.</doc>
<status status="PASS" starttime="20240212 09:02:30.272" endtime="20240212 09:02:32.119"/>
</kw>
<status status="PASS" starttime="20240212 09:02:27.713" endtime="20240212 09:02:32.119"/>
</kw>
<kw name="login" library="Keywords">
<arg>${username_UAT}</arg>
<arg>${password_UAT}</arg>
<kw name="Wait Until Element Is Visible" library="SeleniumLibrary">
<arg>xpath=//*[@id="Login"]</arg>
<doc>Waits until the element ``locator`` is visible.</doc>
<status status="PASS" starttime="20240212 09:02:32.122" endtime="20240212 09:02:32.267"/>
</kw>
<kw name="Input Text" library="SeleniumLibrary">
<arg>id=username</arg>
<arg>${username}</arg>
<doc>Types the given ``text`` into the text field identified by ``locator``.</doc>
<msg timestamp="20240212 09:02:32.268" level="INFO">Typing text 'Alonggorn.p@cardx.uat' into text field 'id=username'.</msg>
<status status="PASS" starttime="20240212 09:02:32.267" endtime="20240212 09:02:32.659"/>
</kw>
<kw name="Input Password" library="SeleniumLibrary">
<arg>id=password</arg>
<arg>${password}</arg>
<doc>Types the given password into the text field identified by ``locator``.</doc>
<msg timestamp="20240212 09:02:32.660" level="INFO">Typing password into text field 'id=password'.</msg>
<msg timestamp="20240212 09:02:32.718" level="INFO">Temporally setting log level to: NONE</msg>
<msg timestamp="20240212 09:02:32.891" level="INFO">Log level changed from NONE to INFO.</msg>
<status status="PASS" starttime="20240212 09:02:32.659" endtime="20240212 09:02:32.891"/>
</kw>
<kw name="Click Button" library="SeleniumLibrary">
<arg>xpath=//*[@id="Login"]</arg>
<doc>Clicks the button identified by ``locator``.</doc>
<msg timestamp="20240212 09:02:32.892" level="INFO">Clicking button 'xpath=//*[@id="Login"]'.</msg>
<status status="PASS" starttime="20240212 09:02:32.891" endtime="20240212 09:02:33.901"/>
</kw>
<status status="PASS" starttime="20240212 09:02:32.120" endtime="20240212 09:02:33.902"/>
</kw>
<kw name="Pause Execution" library="Dialogs">
<arg>Please enter "Salesforce Authenticator"</arg>
<doc>Pauses execution until user clicks ``Ok`` button.</doc>
<status status="PASS" starttime="20240212 09:02:33.904" endtime="20240212 09:04:05.428"/>
</kw>
<for flavor="IN RANGE">
<var>${ROW}</var>
<value>2</value>
<value>${MAX_ROW}</value>
<iter>
<var name="${ROW}">2</var>
<kw name="Read Excel Data" library="Keywords">
<var>${CID_Excel}</var>
<var>${Phone number_Excel}</var>
<var>${Date of birth_Excel}</var>
<var>${thaiFirstName_Excel}</var>
<var>${thaiLastName_Excel}</var>
<var>${englishFirstName_Excel}</var>
<var>${englishLastName_Excel}</var>
<var>${Income_Excel}</var>
<var>${Email_Excel}</var>
<arg>${ROW}</arg>
<kw name="Open Workbook" library="RPA.Excel.Files">
<arg>${FILE_PATH}</arg>
<doc>Open an existing Excel workbook.</doc>
<msg timestamp="20240212 09:04:05.485" level="INFO">Opened workbook: &lt;RPA.Excel.Files.XlsxWorkbook object at 0x0000020E71D48B80&gt;</msg>
<status status="PASS" starttime="20240212 09:04:05.430" endtime="20240212 09:04:05.485"/>
</kw>
<kw name="Get Cell Value" library="RPA.Excel.Files">
<var>${value1}</var>
<arg>${row}</arg>
<arg>1</arg>
<doc>Get a cell value in the given worksheet.</doc>
<msg timestamp="20240212 09:04:05.486" level="INFO">${value1} = 3102268973232</msg>
<status status="PASS" starttime="20240212 09:04:05.485" endtime="20240212 09:04:05.486"/>
</kw>
<kw name="Get Cell Value" library="RPA.Excel.Files">
<var>${value2}</var>
<arg>${row}</arg>
<arg>2</arg>
<doc>Get a cell value in the given worksheet.</doc>
<msg timestamp="20240212 09:04:05.487" level="INFO">${value2} = 900015699</msg>
<status status="PASS" starttime="20240212 09:04:05.486" endtime="20240212 09:04:05.487"/>
</kw>
<kw name="Get Cell Value" library="RPA.Excel.Files">
<var>${value3}</var>
<arg>${row}</arg>
<arg>3</arg>
<doc>Get a cell value in the given worksheet.</doc>
<msg timestamp="20240212 09:04:05.487" level="INFO">${value3} = 1989-01-01 00:00:00</msg>
<status status="PASS" starttime="20240212 09:04:05.487" endtime="20240212 09:04:05.487"/>
</kw>
<kw name="Get Cell Value" library="RPA.Excel.Files">
<var>${value4}</var>
<arg>${row}</arg>
<arg>4</arg>
<doc>Get a cell value in the given worksheet.</doc>
<msg timestamp="20240212 09:04:05.488" level="INFO">${value4} = None</msg>
<status status="PASS" starttime="20240212 09:04:05.487" endtime="20240212 09:04:05.488"/>
</kw>
<kw name="Get Cell Value" library="RPA.Excel.Files">
<var>${value5}</var>
<arg>${row}</arg>
<arg>5</arg>
<doc>Get a cell value in the given worksheet.</doc>
<msg timestamp="20240212 09:04:05.489" level="INFO">${value5} = None</msg>
<status status="PASS" starttime="20240212 09:04:05.488" endtime="20240212 09:04:05.489"/>
</kw>
<kw name="Get Cell Value" library="RPA.Excel.Files">
<var>${value6}</var>
<arg>${row}</arg>
<arg>6</arg>
<doc>Get a cell value in the given worksheet.</doc>
<msg timestamp="20240212 09:04:05.490" level="INFO">${value6} = None</msg>
<status status="PASS" starttime="20240212 09:04:05.489" endtime="20240212 09:04:05.490"/>
</kw>
<kw name="Get Cell Value" library="RPA.Excel.Files">
<var>${value7}</var>
<arg>${row}</arg>
<arg>7</arg>
<doc>Get a cell value in the given worksheet.</doc>
<msg timestamp="20240212 09:04:05.490" level="INFO">${value7} = None</msg>
<status status="PASS" starttime="20240212 09:04:05.490" endtime="20240212 09:04:05.490"/>
</kw>
<kw name="Get Cell Value" library="RPA.Excel.Files">
<var>${value8}</var>
<arg>${row}</arg>
<arg>8</arg>
<doc>Get a cell value in the given worksheet.</doc>
<msg timestamp="20240212 09:04:05.492" level="INFO">${value8} = 50000</msg>
<status status="PASS" starttime="20240212 09:04:05.491" endtime="20240212 09:04:05.492"/>
</kw>
<kw name="Get Cell Value" library="RPA.Excel.Files">
<var>${value9}</var>
<arg>${row}</arg>
<arg>9</arg>
<doc>Get a cell value in the given worksheet.</doc>
<msg timestamp="20240212 09:04:05.492" level="INFO">${value9} = Testdata01_spc3223@gmail.com</msg>
<status status="PASS" starttime="20240212 09:04:05.492" endtime="20240212 09:04:05.492"/>
</kw>
<kw name="Close Workbook" library="RPA.Excel.Files">
<doc>Close the active workbook.</doc>
<msg timestamp="20240212 09:04:05.494" level="INFO">Closing workbook: &lt;RPA.Excel.Files.XlsxWorkbook object at 0x0000020E71D48B80&gt;</msg>
<status status="PASS" starttime="20240212 09:04:05.494" endtime="20240212 09:04:05.494"/>
</kw>
<msg timestamp="20240212 09:04:05.495" level="INFO">${CID_Excel} = 3102268973232</msg>
<msg timestamp="20240212 09:04:05.495" level="INFO">${Phone number_Excel} = 900015699</msg>
<msg timestamp="20240212 09:04:05.495" level="INFO">${Date of birth_Excel} = 1989-01-01 00:00:00</msg>
<msg timestamp="20240212 09:04:05.495" level="INFO">${thaiFirstName_Excel} = None</msg>
<msg timestamp="20240212 09:04:05.495" level="INFO">${thaiLastName_Excel} = None</msg>
<msg timestamp="20240212 09:04:05.495" level="INFO">${englishFirstName_Excel} = None</msg>
<msg timestamp="20240212 09:04:05.495" level="INFO">${englishLastName_Excel} = None</msg>
<msg timestamp="20240212 09:04:05.495" level="INFO">${Income_Excel} = 50000</msg>
<msg timestamp="20240212 09:04:05.495" level="INFO">${Email_Excel} = Testdata01_spc3223@gmail.com</msg>
<status status="PASS" starttime="20240212 09:04:05.429" endtime="20240212 09:04:05.495"/>
</kw>
<kw name="Convert To String" library="BuiltIn">
<var>${CID_Excel}</var>
<arg>${CID_Excel}</arg>
<doc>Converts the given item to a Unicode string.</doc>
<msg timestamp="20240212 09:04:05.496" level="INFO">${CID_Excel} = 3102268973232</msg>
<status status="PASS" starttime="20240212 09:04:05.496" endtime="20240212 09:04:05.496"/>
</kw>
<kw name="Convert To String" library="BuiltIn">
<var>${Phone number_Excel}</var>
<arg>${Phone number_Excel}</arg>
<doc>Converts the given item to a Unicode string.</doc>
<msg timestamp="20240212 09:04:05.496" level="INFO">${Phone number_Excel} = 900015699</msg>
<status status="PASS" starttime="20240212 09:04:05.496" endtime="20240212 09:04:05.496"/>
</kw>
<kw name="Convert To String" library="BuiltIn">
<var>${Date of birth_Excel}</var>
<arg>${Date of birth_Excel}</arg>
<doc>Converts the given item to a Unicode string.</doc>
<msg timestamp="20240212 09:04:05.497" level="INFO">${Date of birth_Excel} = 1989-01-01 00:00:00</msg>
<status status="PASS" starttime="20240212 09:04:05.496" endtime="20240212 09:04:05.497"/>
</kw>
<kw name="Convert To String" library="BuiltIn">
<var>${thaiFirstName_Excel}</var>
<arg>${thaiFirstName_Excel}</arg>
<doc>Converts the given item to a Unicode string.</doc>
<msg timestamp="20240212 09:04:05.497" level="INFO">${thaiFirstName_Excel} = None</msg>
<status status="PASS" starttime="20240212 09:04:05.497" endtime="20240212 09:04:05.497"/>
</kw>
<kw name="Convert To String" library="BuiltIn">
<var>${thaiLastName_Excel}</var>
<arg>${thaiLastName_Excel}</arg>
<doc>Converts the given item to a Unicode string.</doc>
<msg timestamp="20240212 09:04:05.498" level="INFO">${thaiLastName_Excel} = None</msg>
<status status="PASS" starttime="20240212 09:04:05.497" endtime="20240212 09:04:05.498"/>
</kw>
<kw name="Convert To String" library="BuiltIn">
<var>${englishFirstName_Excel}</var>
<arg>${englishFirstName_Excel}</arg>
<doc>Converts the given item to a Unicode string.</doc>
<msg timestamp="20240212 09:04:05.498" level="INFO">${englishFirstName_Excel} = None</msg>
<status status="PASS" starttime="20240212 09:04:05.498" endtime="20240212 09:04:05.498"/>
</kw>
<kw name="Convert To String" library="BuiltIn">
<var>${englishLastName_Excel}</var>
<arg>${englishLastName_Excel}</arg>
<doc>Converts the given item to a Unicode string.</doc>
<msg timestamp="20240212 09:04:05.498" level="INFO">${englishLastName_Excel} = None</msg>
<status status="PASS" starttime="20240212 09:04:05.498" endtime="20240212 09:04:05.498"/>
</kw>
<kw name="Convert To String" library="BuiltIn">
<var>${Income_Excel}</var>
<arg>${Income_Excel}</arg>
<doc>Converts the given item to a Unicode string.</doc>
<msg timestamp="20240212 09:04:05.499" level="INFO">${Income_Excel} = 50000</msg>
<status status="PASS" starttime="20240212 09:04:05.498" endtime="20240212 09:04:05.499"/>
</kw>
<kw name="Convert To String" library="BuiltIn">
<var>${Email_Excel}</var>
<arg>${Email_Excel}</arg>
<doc>Converts the given item to a Unicode string.</doc>
<msg timestamp="20240212 09:04:05.499" level="INFO">${Email_Excel} = Testdata01_spc3223@gmail.com</msg>
<status status="PASS" starttime="20240212 09:04:05.499" endtime="20240212 09:04:05.499"/>
</kw>
<kw name="Run Keyword And Return Status" library="BuiltIn">
<var>${isCIDEmpty}</var>
<arg>Should Be Empty</arg>
<arg>${CID_Excel}</arg>
<doc>Runs the given keyword with given arguments and returns the status as a Boolean value.</doc>
<kw name="Should Be Empty" library="BuiltIn">
<arg>${CID_Excel}</arg>
<doc>Verifies that the given item is empty.</doc>
<msg timestamp="20240212 09:04:05.500" level="INFO">Length is 13</msg>
<msg timestamp="20240212 09:04:05.500" level="FAIL">'3102268973232' should be empty.</msg>
<status status="FAIL" starttime="20240212 09:04:05.500" endtime="20240212 09:04:05.500"/>
</kw>
<msg timestamp="20240212 09:04:05.500" level="INFO">${isCIDEmpty} = False</msg>
<status status="PASS" starttime="20240212 09:04:05.499" endtime="20240212 09:04:05.500"/>
</kw>
<kw name="Run Keyword And Return Status" library="BuiltIn">
<var>${isPhoneEmpty}</var>
<arg>Should Be Empty</arg>
<arg>${Phone number_Excel}</arg>
<doc>Runs the given keyword with given arguments and returns the status as a Boolean value.</doc>
<kw name="Should Be Empty" library="BuiltIn">
<arg>${Phone number_Excel}</arg>
<doc>Verifies that the given item is empty.</doc>
<msg timestamp="20240212 09:04:05.501" level="INFO">Length is 9</msg>
<msg timestamp="20240212 09:04:05.501" level="FAIL">'900015699' should be empty.</msg>
<status status="FAIL" starttime="20240212 09:04:05.500" endtime="20240212 09:04:05.501"/>
</kw>
<msg timestamp="20240212 09:04:05.501" level="INFO">${isPhoneEmpty} = False</msg>
<status status="PASS" starttime="20240212 09:04:05.500" endtime="20240212 09:04:05.501"/>
</kw>
<kw name="Evaluate" library="BuiltIn">
<var>${shouldExit}</var>
<arg>${isCIDEmpty} and ${isPhoneEmpty}</arg>
<doc>Evaluates the given expression in Python and returns the result.</doc>
<msg timestamp="20240212 09:04:05.501" level="INFO">${shouldExit} = False</msg>
<status status="PASS" starttime="20240212 09:04:05.501" endtime="20240212 09:04:05.501"/>
</kw>
<kw name="Exit For Loop If" library="BuiltIn">
<arg>${shouldExit}</arg>
<doc>Stops executing the enclosing FOR loop if the ``condition`` is true.</doc>
<status status="PASS" starttime="20240212 09:04:05.502" endtime="20240212 09:04:05.502"/>
</kw>
<kw name="Get Names From Website A" library="Keywords">
<var>${thaiFirstName}</var>
<var>${thaiLastName}</var>
<var>${englishFirstName}</var>
<var>${englishLastName}</var>
<kw name="Open Headless Browser" library="Keywords">
<kw name="Evaluate" library="BuiltIn">
<var>${chrome_options}</var>
<arg>sys.modules['selenium.webdriver'].ChromeOptions()</arg>
<arg>sys, selenium.webdriver</arg>
<doc>Evaluates the given expression in Python and returns the result.</doc>
<msg timestamp="20240212 09:04:05.503" level="INFO">${chrome_options} = &lt;selenium.webdriver.chrome.options.Options object at 0x0000020E71CEDDF0&gt;</msg>
<status status="PASS" starttime="20240212 09:04:05.503" endtime="20240212 09:04:05.503"/>
</kw>
<kw name="Call Method" library="BuiltIn">
<arg>${chrome_options}</arg>
<arg>add_argument</arg>
<arg>--headless</arg>
<doc>Calls the named method of the given object with the provided arguments.</doc>
<status status="PASS" starttime="20240212 09:04:05.503" endtime="20240212 09:04:05.503"/>
</kw>
<kw name="Call Method" library="BuiltIn">
<arg>${chrome_options}</arg>
<arg>add_argument</arg>
<arg>--disable-gpu</arg>
<doc>Calls the named method of the given object with the provided arguments.</doc>
<status status="PASS" starttime="20240212 09:04:05.503" endtime="20240212 09:04:05.505"/>
</kw>
<kw name="Create Webdriver" library="SeleniumLibrary">
<arg>Chrome</arg>
<arg>options=${chrome_options}</arg>
<doc>Creates an instance of Selenium WebDriver.</doc>
<msg timestamp="20240212 09:04:05.505" level="INFO">Creating an instance of the Chrome WebDriver.</msg>
<status status="PASS" starttime="20240212 09:04:05.505" endtime="20240212 09:04:06.648"/>
</kw>
<status status="PASS" starttime="20240212 09:04:05.502" endtime="20240212 09:04:06.648"/>
</kw>
<kw name="Go To" library="SeleniumLibrary">
<arg>${URL_A}</arg>
<doc>Navigates the current browser window to the provided ``url``.</doc>
<msg timestamp="20240212 09:04:06.649" level="INFO">Opening url 'https://kidhaina.com/thainamegenerator.html'</msg>
<msg timestamp="20240212 09:04:51.712" level="INFO" html="true">&lt;/td&gt;&lt;/tr&gt;&lt;tr&gt;&lt;td colspan="3"&gt;&lt;a href="../../results/selenium-screenshot-11.png"&gt;&lt;img src="../../results/selenium-screenshot-11.png" width="800px"&gt;&lt;/a&gt;</msg>
<msg timestamp="20240212 09:04:51.713" level="FAIL">WebDriverException: Message: unknown error: net::ERR_CONNECTION_TIMED_OUT
  (Session info: chrome-headless-shell=121.0.6167.161)
Stacktrace:
	GetHandleVerifier [0x00007FF704632142+3514994]
	(No symbol) [0x00007FF704250CE2]
	(No symbol) [0x00007FF7040F76AA]
	(No symbol) [0x00007FF7040EFB39]
	(No symbol) [0x00007FF7040E25DD]
	(No symbol) [0x00007FF7040E16FD]
	(No symbol) [0x00007FF7040E0746]
	(No symbol) [0x00007FF7040E06EB]
	(No symbol) [0x00007FF7040DEE3D]
	(No symbol) [0x00007FF7040DF603]
	(No symbol) [0x00007FF7040FA0FD]
	(No symbol) [0x00007FF704182E01]
	(No symbol) [0x00007FF704165FEA]
	(No symbol) [0x00007FF7041828F6]
	(No symbol) [0x00007FF704165D93]
	(No symbol) [0x00007FF704134BDC]
	(No symbol) [0x00007FF704135C64]
	GetHandleVerifier [0x00007FF70465E16B+3695259]
	GetHandleVerifier [0x00007FF7046B6737+4057191]
	GetHandleVerifier [0x00007FF7046AE4E3+4023827]
	GetHandleVerifier [0x00007FF7043804F9+689705]
	(No symbol) [0x00007FF70425C048]
	(No symbol) [0x00007FF704258044]
	(No symbol) [0x00007FF7042581C9]
	(No symbol) [0x00007FF7042488C4]
	BaseThreadInitThunk [0x00007FFC6F42257D+29]
	RtlUserThreadStart [0x00007FFC714EAA58+40]
</msg>
<status status="FAIL" starttime="20240212 09:04:06.649" endtime="20240212 09:04:51.740"/>
</kw>
<kw name="Wait Until Page Contains Element" library="SeleniumLibrary">
<arg>//*[@class="first-name-th"]</arg>
<doc>Waits until the element ``locator`` appears on the current page.</doc>
<status status="NOT RUN" starttime="20240212 09:04:51.740" endtime="20240212 09:04:51.741"/>
</kw>
<kw name="Get Text" library="SeleniumLibrary">
<var>${thaiFirstName}</var>
<arg>//*[@class="first-name-th"]</arg>
<doc>Returns the text value of the element identified by ``locator``.</doc>
<status status="NOT RUN" starttime="20240212 09:04:51.741" endtime="20240212 09:04:51.741"/>
</kw>
<kw name="Get Text" library="SeleniumLibrary">
<var>${thaiLastName}</var>
<arg>//*[@class="last-name-th"]</arg>
<doc>Returns the text value of the element identified by ``locator``.</doc>
<status status="NOT RUN" starttime="20240212 09:04:51.741" endtime="20240212 09:04:51.741"/>
</kw>
<kw name="Get Text" library="SeleniumLibrary">
<var>${englishFirstName}</var>
<arg>//*[@class="first-name-en"]</arg>
<doc>Returns the text value of the element identified by ``locator``.</doc>
<status status="NOT RUN" starttime="20240212 09:04:51.741" endtime="20240212 09:04:51.741"/>
</kw>
<kw name="Get Text" library="SeleniumLibrary">
<var>${englishLastName}</var>
<arg>(//*[@class="last-name-th"])[2]</arg>
<doc>Returns the text value of the element identified by ``locator``.</doc>
<status status="NOT RUN" starttime="20240212 09:04:51.741" endtime="20240212 09:04:51.742"/>
</kw>
<kw name="Close Browser" library="SeleniumLibrary">
<doc>Closes the current browser.</doc>
<status status="NOT RUN" starttime="20240212 09:04:51.742" endtime="20240212 09:04:51.742"/>
</kw>
<kw name="Switch Browser" library="SeleniumLibrary">
<arg>index_or_alias=BrowserA</arg>
<doc>Switches between active browsers using ``index_or_alias``.</doc>
<status status="NOT RUN" starttime="20240212 09:04:51.742" endtime="20240212 09:04:51.742"/>
</kw>
<status status="FAIL" starttime="20240212 09:04:05.502" endtime="20240212 09:04:51.742"/>
</kw>
<kw name="Run Keyword If" library="BuiltIn">
<arg>'${SELECTED_CARD}' == '${CARD_TYPE_CC}'</arg>
<arg>Select card Credit Card</arg>
<doc>Runs the given keyword with the given arguments, if ``condition`` is true.</doc>
<status status="NOT RUN" starttime="20240212 09:04:51.743" endtime="20240212 09:04:51.743"/>
</kw>
<kw name="Run Keyword If" library="BuiltIn">
<arg>'${SELECTED_CARD}' == '${CARD_TYPE_SPC}'</arg>
<arg>Select card Speedy Cash</arg>
<doc>Runs the given keyword with the given arguments, if ``condition`` is true.</doc>
<status status="NOT RUN" starttime="20240212 09:04:51.743" endtime="20240212 09:04:51.743"/>
</kw>
<kw name="Run Keyword If" library="BuiltIn">
<arg>'${SELECTED_CARD}' == '${CARD_TYPE_SPL}'</arg>
<arg>Select card Speedy Loan</arg>
<doc>Runs the given keyword with the given arguments, if ``condition`` is true.</doc>
<status status="NOT RUN" starttime="20240212 09:04:51.743" endtime="20240212 09:04:51.743"/>
</kw>
<kw name="Wait Until Element Is Visible" library="SeleniumLibrary">
<arg>//*[text()='Apply']</arg>
<doc>Waits until the element ``locator`` is visible.</doc>
<status status="NOT RUN" starttime="20240212 09:04:51.743" endtime="20240212 09:04:51.743"/>
</kw>
<kw name="Scroll Element Into View" library="SeleniumLibrary">
<arg>//*[text()='Apply']</arg>
<doc>Scrolls the element identified by ``locator`` into view.</doc>
<status status="NOT RUN" starttime="20240212 09:04:51.743" endtime="20240212 09:04:51.743"/>
</kw>
<kw name="Wait Until Element Is Visible" library="SeleniumLibrary">
<arg>locator=//*[text()='Apply']</arg>
<doc>Waits until the element ``locator`` is visible.</doc>
<status status="NOT RUN" starttime="20240212 09:04:51.743" endtime="20240212 09:04:51.745"/>
</kw>
<kw name="Click Element" library="SeleniumLibrary">
<arg>//*[text()='Apply']</arg>
<doc>Click the element identified by ``locator``.</doc>
<status status="NOT RUN" starttime="20240212 09:04:51.745" endtime="20240212 09:04:51.745"/>
</kw>
<kw name="Wait Until Element Is Not Visible" library="SeleniumLibrary">
<arg>locator=//*[text()="Please wait"]</arg>
<doc>Waits until the element ``locator`` is not visible.</doc>
<status status="NOT RUN" starttime="20240212 09:04:51.745" endtime="20240212 09:04:51.745"/>
</kw>
<kw name="Sleep" library="BuiltIn">
<arg>2s</arg>
<doc>Pauses the test executed for the given time.</doc>
<status status="NOT RUN" starttime="20240212 09:04:51.745" endtime="20240212 09:04:51.745"/>
</kw>
<kw name="Wait Until Element Is Visible" library="SeleniumLibrary">
<arg>//*[text()="Data privacy notice"]</arg>
<doc>Waits until the element ``locator`` is visible.</doc>
<status status="NOT RUN" starttime="20240212 09:04:51.745" endtime="20240212 09:04:51.745"/>
</kw>
<kw name="Sleep" library="BuiltIn">
<arg>3s</arg>
<doc>Pauses the test executed for the given time.</doc>
<status status="NOT RUN" starttime="20240212 09:04:51.745" endtime="20240212 09:04:51.745"/>
</kw>
<kw name="Execute Javascript" library="SeleniumLibrary">
<arg>document.getElementById('consent-content').scrollTop = document.getElementById('consent-content').scrollHeight;</arg>
<doc>Executes the given JavaScript code with possible arguments.</doc>
<status status="NOT RUN" starttime="20240212 09:04:51.746" endtime="20240212 09:04:51.746"/>
</kw>
<kw name="Sleep" library="BuiltIn">
<arg>3s</arg>
<doc>Pauses the test executed for the given time.</doc>
<status status="NOT RUN" starttime="20240212 09:04:51.746" endtime="20240212 09:04:51.746"/>
</kw>
<kw name="Click Element" library="SeleniumLibrary">
<arg>//*[text()='Continue']</arg>
<doc>Click the element identified by ``locator``.</doc>
<status status="NOT RUN" starttime="20240212 09:04:51.746" endtime="20240212 09:04:51.746"/>
</kw>
<kw name="Run Keyword If" library="BuiltIn">
<arg>'${SELECTED_CARD}' == '${CARD_TYPE_CC}'</arg>
<arg>Nationality</arg>
<doc>Runs the given keyword with the given arguments, if ``condition`` is true.</doc>
<status status="NOT RUN" starttime="20240212 09:04:51.746" endtime="20240212 09:04:51.746"/>
</kw>
<kw name="Input data" library="Keywords">
<status status="NOT RUN" starttime="20240212 09:04:51.747" endtime="20240212 09:04:51.747"/>
</kw>
<kw name="Generate Random House Number" library="Keywords">
<var>${random_number}</var>
<status status="NOT RUN" starttime="20240212 09:04:51.747" endtime="20240212 09:04:51.747"/>
</kw>
<kw name="Generate Random House Number 2" library="Keywords">
<var>${random_number2}</var>
<status status="NOT RUN" starttime="20240212 09:04:51.747" endtime="20240212 09:04:51.747"/>
</kw>
<kw name="Press Keys" library="SeleniumLibrary">
<arg>//*[@placeholder="House number"]</arg>
<arg>CTRL+a+DELETE</arg>
<doc>Simulates the user pressing key(s) to an element or on the active browser.</doc>
<status status="NOT RUN" starttime="20240212 09:04:51.747" endtime="20240212 09:04:51.747"/>
</kw>
<kw name="Input Text" library="SeleniumLibrary">
<arg>//*[@placeholder="House number"]</arg>
<arg>${random_number}/${random_number2}</arg>
<doc>Types the given ``text`` into the text field identified by ``locator``.</doc>
<status status="NOT RUN" starttime="20240212 09:04:51.747" endtime="20240212 09:04:51.747"/>
</kw>
<kw name="Input Names To Website B" library="Keywords">
<arg>${thaiFirstName}</arg>
<arg>${thaiLastName}</arg>
<arg>${englishFirstName}</arg>
<arg>${englishLastName}</arg>
<status status="NOT RUN" starttime="20240212 09:04:51.747" endtime="20240212 09:04:51.747"/>
</kw>
<kw name="Sleep" library="BuiltIn">
<arg>2s</arg>
<doc>Pauses the test executed for the given time.</doc>
<status status="NOT RUN" starttime="20240212 09:04:51.747" endtime="20240212 09:04:51.747"/>
</kw>
<kw name="Click Element" library="SeleniumLibrary">
<arg>//*[@name="nIDNumber"]</arg>
<doc>Click the element identified by ``locator``.</doc>
<status status="NOT RUN" starttime="20240212 09:04:51.749" endtime="20240212 09:04:51.749"/>
</kw>
<kw name="Press Keys" library="SeleniumLibrary">
<arg>//*[@name="nIDNumber"]</arg>
<arg>CTRL+a+DELETE</arg>
<doc>Simulates the user pressing key(s) to an element or on the active browser.</doc>
<status status="NOT RUN" starttime="20240212 09:04:51.749" endtime="20240212 09:04:51.749"/>
</kw>
<kw name="Input Text" library="SeleniumLibrary">
<arg>//*[@name="nIDNumber"]</arg>
<arg>${CID_Excel}</arg>
<doc>Types the given ``text`` into the text field identified by ``locator``.</doc>
<status status="NOT RUN" starttime="20240212 09:04:51.749" endtime="20240212 09:04:51.749"/>
</kw>
<kw name="Set Variable" library="BuiltIn">
<var>${Date of birth_Excel}</var>
<arg>1983-01-01 00:00:00</arg>
<doc>Returns the given values which can then be assigned to a variables.</doc>
<status status="NOT RUN" starttime="20240212 09:04:51.749" endtime="20240212 09:04:51.749"/>
</kw>
<kw name="Format Date From Excel" library="Keywords">
<var>${formatted_date}</var>
<arg>${Date of birth_Excel}</arg>
<status status="NOT RUN" starttime="20240212 09:04:51.749" endtime="20240212 09:04:51.749"/>
</kw>
<kw name="Log" library="BuiltIn">
<arg>${formatted_date}</arg>
<doc>Logs the given message with the given level.</doc>
<status status="NOT RUN" starttime="20240212 09:04:51.750" endtime="20240212 09:04:51.750"/>
</kw>
<kw name="Press Keys" library="SeleniumLibrary">
<arg>//*[@name="birthDate"]</arg>
<arg>CTRL+a+DELETE</arg>
<doc>Simulates the user pressing key(s) to an element or on the active browser.</doc>
<status status="NOT RUN" starttime="20240212 09:04:51.750" endtime="20240212 09:04:51.750"/>
</kw>
<kw name="Input Text" library="SeleniumLibrary">
<arg>name=birthDate</arg>
<arg>${formatted_date}</arg>
<doc>Types the given ``text`` into the text field identified by ``locator``.</doc>
<status status="NOT RUN" starttime="20240212 09:04:51.750" endtime="20240212 09:04:51.750"/>
</kw>
<kw name="clil svae mockup data" library="Keywords">
<status status="NOT RUN" starttime="20240212 09:04:51.750" endtime="20240212 09:04:51.750"/>
</kw>
<kw name="Wait Until Element Is Visible" library="SeleniumLibrary">
<arg>//*[text()="Next"]</arg>
<doc>Waits until the element ``locator`` is visible.</doc>
<status status="NOT RUN" starttime="20240212 09:04:51.750" endtime="20240212 09:04:51.750"/>
</kw>
<kw name="Click Element" library="SeleniumLibrary">
<arg>//*[text()="Next"]</arg>
<doc>Click the element identified by ``locator``.</doc>
<status status="NOT RUN" starttime="20240212 09:04:51.750" endtime="20240212 09:04:51.750"/>
</kw>
<kw name="Wait Until Element Is Not Visible" library="SeleniumLibrary">
<arg>locator=//*[text()="Please wait"]</arg>
<doc>Waits until the element ``locator`` is not visible.</doc>
<status status="NOT RUN" starttime="20240212 09:04:51.750" endtime="20240212 09:04:51.750"/>
</kw>
<kw name="Sleep" library="BuiltIn">
<arg>7s</arg>
<doc>Pauses the test executed for the given time.</doc>
<status status="NOT RUN" starttime="20240212 09:04:51.751" endtime="20240212 09:04:51.751"/>
</kw>
<kw name="Wait Until Element Is Visible" library="SeleniumLibrary">
<arg>(//*[text()='Next'])[2]</arg>
<doc>Waits until the element ``locator`` is visible.</doc>
<status status="NOT RUN" starttime="20240212 09:04:51.751" endtime="20240212 09:04:51.751"/>
</kw>
<kw name="Click Element" library="SeleniumLibrary">
<arg>(//*[text()='Next'])[2]</arg>
<doc>Click the element identified by ``locator``.</doc>
<status status="NOT RUN" starttime="20240212 09:04:51.751" endtime="20240212 09:04:51.751"/>
</kw>
<kw name="Wait Until Element Is Not Visible" library="SeleniumLibrary">
<arg>locator=//*[text()="Please wait"]</arg>
<doc>Waits until the element ``locator`` is not visible.</doc>
<status status="NOT RUN" starttime="20240212 09:04:51.751" endtime="20240212 09:04:51.751"/>
</kw>
<kw name="Wait Until Element Is Visible" library="SeleniumLibrary">
<arg>//*[text()="Customer Photo"]</arg>
<doc>Waits until the element ``locator`` is visible.</doc>
<status status="NOT RUN" starttime="20240212 09:04:51.751" endtime="20240212 09:04:51.752"/>
</kw>
<kw name="Sleep" library="BuiltIn">
<arg>2s</arg>
<doc>Pauses the test executed for the given time.</doc>
<status status="NOT RUN" starttime="20240212 09:04:51.752" endtime="20240212 09:04:51.752"/>
</kw>
<kw name="Execute Javascript" library="SeleniumLibrary">
<arg>window.scrollTo(0, document.body.scrollHeight);</arg>
<doc>Executes the given JavaScript code with possible arguments.</doc>
<status status="NOT RUN" starttime="20240212 09:04:51.752" endtime="20240212 09:04:51.752"/>
</kw>
<kw name="Choose File" library="SeleniumLibrary">
<arg>id=file1</arg>
<arg>D:\\automate\\Setup\\test.jpg</arg>
<doc>Inputs the ``file_path`` into the file input field ``locator``.</doc>
<status status="NOT RUN" starttime="20240212 09:04:51.752" endtime="20240212 09:04:51.752"/>
</kw>
<kw name="Click Element" library="SeleniumLibrary">
<arg>//*[text()="Confirm"]</arg>
<doc>Click the element identified by ``locator``.</doc>
<status status="NOT RUN" starttime="20240212 09:04:51.752" endtime="20240212 09:04:51.752"/>
</kw>
<kw name="Click Element" library="SeleniumLibrary">
<arg>//*[text()="Yes"]</arg>
<doc>Click the element identified by ``locator``.</doc>
<status status="NOT RUN" starttime="20240212 09:04:51.752" endtime="20240212 09:04:51.753"/>
</kw>
<kw name="Wait Until Element Is Not Visible" library="SeleniumLibrary">
<arg>//*[text()="Please wait"]</arg>
<doc>Waits until the element ``locator`` is not visible.</doc>
<status status="NOT RUN" starttime="20240212 09:04:51.753" endtime="20240212 09:04:51.753"/>
</kw>
<kw name="Sleep" library="BuiltIn">
<arg>4s</arg>
<doc>Pauses the test executed for the given time.</doc>
<status status="NOT RUN" starttime="20240212 09:04:51.753" endtime="20240212 09:04:51.753"/>
</kw>
<kw name="Execute Javascript" library="SeleniumLibrary">
<arg>window.scrollBy(0, 300)</arg>
<doc>Executes the given JavaScript code with possible arguments.</doc>
<status status="NOT RUN" starttime="20240212 09:04:51.753" endtime="20240212 09:04:51.753"/>
</kw>
<kw name="Set Focus To Element" library="SeleniumLibrary">
<arg>//*[@class="MuiInputBase-input MuiOutlinedInput-input"]</arg>
<doc>Sets the focus to the element identified by ``locator``.</doc>
<status status="NOT RUN" starttime="20240212 09:04:51.753" endtime="20240212 09:04:51.753"/>
</kw>
<kw name="Wait Until Element Is Not Visible" library="SeleniumLibrary">
<arg>locator=//*[text()="Please wait"]</arg>
<doc>Waits until the element ``locator`` is not visible.</doc>
<status status="NOT RUN" starttime="20240212 09:04:51.753" endtime="20240212 09:04:51.754"/>
</kw>
<kw name="Sleep" library="BuiltIn">
<arg>1s</arg>
<doc>Pauses the test executed for the given time.</doc>
<status status="NOT RUN" starttime="20240212 09:04:51.754" endtime="20240212 09:04:51.754"/>
</kw>
<kw name="Wait Until Element Is Visible" library="SeleniumLibrary">
<arg>//*[@class="MuiInputBase-input MuiOutlinedInput-input"]</arg>
<doc>Waits until the element ``locator`` is visible.</doc>
<status status="NOT RUN" starttime="20240212 09:04:51.754" endtime="20240212 09:04:51.754"/>
</kw>
<kw name="Input Text" library="SeleniumLibrary">
<arg>//*[@class="MuiInputBase-input MuiOutlinedInput-input"]</arg>
<arg>${Phone number_Excel}</arg>
<doc>Types the given ``text`` into the text field identified by ``locator``.</doc>
<status status="NOT RUN" starttime="20240212 09:04:51.754" endtime="20240212 09:04:51.755"/>
</kw>
<kw name="Execute Javascript" library="SeleniumLibrary">
<arg>window.scrollBy(0, 300)</arg>
<doc>Executes the given JavaScript code with possible arguments.</doc>
<status status="NOT RUN" starttime="20240212 09:04:51.755" endtime="20240212 09:04:51.755"/>
</kw>
<kw name="Wait Until Element Is Not Visible" library="SeleniumLibrary">
<arg>//*[text()="Please wait"]</arg>
<doc>Waits until the element ``locator`` is not visible.</doc>
<status status="NOT RUN" starttime="20240212 09:04:51.755" endtime="20240212 09:04:51.755"/>
</kw>
<kw name="Wait Until Element Is Visible" library="SeleniumLibrary">
<arg>//*[text()="Next"]</arg>
<doc>Waits until the element ``locator`` is visible.</doc>
<status status="NOT RUN" starttime="20240212 09:04:51.755" endtime="20240212 09:04:51.755"/>
</kw>
<kw name="Click Element" library="SeleniumLibrary">
<arg>//*[text()="Next"]</arg>
<doc>Click the element identified by ``locator``.</doc>
<status status="NOT RUN" starttime="20240212 09:04:51.755" endtime="20240212 09:04:51.755"/>
</kw>
<kw name="Wait Until Element Is Visible" library="SeleniumLibrary">
<arg>//*[text()="skipOTP"]</arg>
<doc>Waits until the element ``locator`` is visible.</doc>
<status status="NOT RUN" starttime="20240212 09:04:51.755" endtime="20240212 09:04:51.756"/>
</kw>
<kw name="Click Element" library="SeleniumLibrary">
<arg>//*[text()="skipOTP"]</arg>
<doc>Click the element identified by ``locator``.</doc>
<status status="NOT RUN" starttime="20240212 09:04:51.756" endtime="20240212 09:04:51.756"/>
</kw>
<kw name="Wait Until Element Is Not Visible" library="SeleniumLibrary">
<arg>locator=//*[text()="Please wait"]</arg>
<doc>Waits until the element ``locator`` is not visible.</doc>
<status status="NOT RUN" starttime="20240212 09:04:51.756" endtime="20240212 09:04:51.756"/>
</kw>
<kw name="Run Keyword If" library="BuiltIn">
<arg>'${SELECTED_CARD}' == '${CARD_TYPE_CC}'</arg>
<arg>Select income</arg>
<doc>Runs the given keyword with the given arguments, if ``condition`` is true.</doc>
<status status="NOT RUN" starttime="20240212 09:04:51.756" endtime="20240212 09:04:51.756"/>
</kw>
<kw name="Wait Until Element Is Visible" library="SeleniumLibrary">
<arg>//*[@id="income"]</arg>
<doc>Waits until the element ``locator`` is visible.</doc>
<status status="NOT RUN" starttime="20240212 09:04:51.756" endtime="20240212 09:04:51.756"/>
</kw>
<kw name="Press Keys" library="SeleniumLibrary">
<arg>//*[@id="income"]</arg>
<arg>CTRL+a+DELETE</arg>
<doc>Simulates the user pressing key(s) to an element or on the active browser.</doc>
<status status="NOT RUN" starttime="20240212 09:04:51.757" endtime="20240212 09:04:51.757"/>
</kw>
<kw name="Input Text" library="SeleniumLibrary">
<arg>id=income</arg>
<arg>${Income_Excel}</arg>
<doc>Types the given ``text`` into the text field identified by ``locator``.</doc>
<status status="NOT RUN" starttime="20240212 09:04:51.757" endtime="20240212 09:04:51.757"/>
</kw>
<kw name="Click Element" library="SeleniumLibrary">
<arg>//*[text()="Calculate"]</arg>
<doc>Click the element identified by ``locator``.</doc>
<status status="NOT RUN" starttime="20240212 09:04:51.757" endtime="20240212 09:04:51.757"/>
</kw>
<kw name="Click Element If Visible" library="Keywords">
<arg>//*[text()="No thanks, next"]</arg>
<status status="NOT RUN" starttime="20240212 09:04:51.757" endtime="20240212 09:04:51.757"/>
</kw>
<kw name="Run Keyword If" library="BuiltIn">
<arg>'${SELECTED_CARD}' == '${CARD_TYPE_CC}'</arg>
<arg>Select Credit limit CC,SPC</arg>
<doc>Runs the given keyword with the given arguments, if ``condition`` is true.</doc>
<status status="NOT RUN" starttime="20240212 09:04:51.758" endtime="20240212 09:04:51.758"/>
</kw>
<kw name="Run Keyword If" library="BuiltIn">
<arg>'${SELECTED_CARD}' == '${CARD_TYPE_SPC}'</arg>
<arg>Select Credit limit CC,SPC</arg>
<doc>Runs the given keyword with the given arguments, if ``condition`` is true.</doc>
<status status="NOT RUN" starttime="20240212 09:04:51.758" endtime="20240212 09:04:51.758"/>
</kw>
<kw name="Run Keyword If" library="BuiltIn">
<arg>'${SELECTED_CARD}' == '${CARD_TYPE_SPL}'</arg>
<arg>Run Keywords</arg>
<arg>Execute JavaScript</arg>
<arg>window.scrollTo(0, document.body.scrollHeight / 2);</arg>
<arg>AND</arg>
<arg>Sleep</arg>
<arg>5s</arg>
<arg>AND</arg>
<arg>Drag And Drop By Offset</arg>
<arg>//span[contains(@class, 'MuiSlider-colorPrimary')]</arg>
<arg>50</arg>
<arg>0</arg>
<arg>AND</arg>
<arg>Click Element</arg>
<arg>//*[text()="${Select installment period (month)}"]</arg>
<arg>AND</arg>
<arg>Sleep</arg>
<arg>3s</arg>
<arg>AND</arg>
<arg>Execute JavaScript</arg>
<arg>window.scrollTo(0, document.body.scrollHeight)</arg>
<doc>Runs the given keyword with the given arguments, if ``condition`` is true.</doc>
<status status="NOT RUN" starttime="20240212 09:04:51.758" endtime="20240212 09:04:51.758"/>
</kw>
<kw name="Wait Until Element Is Visible" library="SeleniumLibrary">
<arg>locator=//*[text()="Next"]</arg>
<doc>Waits until the element ``locator`` is visible.</doc>
<status status="NOT RUN" starttime="20240212 09:04:51.758" endtime="20240212 09:04:51.758"/>
</kw>
<kw name="Sleep" library="BuiltIn">
<arg>1s</arg>
<doc>Pauses the test executed for the given time.</doc>
<status status="NOT RUN" starttime="20240212 09:04:51.758" endtime="20240212 09:04:51.759"/>
</kw>
<kw name="Click Element" library="SeleniumLibrary">
<arg>//*[text()="Next"]</arg>
<doc>Click the element identified by ``locator``.</doc>
<status status="NOT RUN" starttime="20240212 09:04:51.759" endtime="20240212 09:04:51.759"/>
</kw>
<kw name="Wait Until Element Is Not Visible" library="SeleniumLibrary">
<arg>locator=//*[text()="Please wait"]</arg>
<doc>Waits until the element ``locator`` is not visible.</doc>
<status status="NOT RUN" starttime="20240212 09:04:51.759" endtime="20240212 09:04:51.759"/>
</kw>
<kw name="Run Keyword And Return Status" library="BuiltIn">
<var>${status}</var>
<arg>Page Should Contain</arg>
<arg>Reference Loan Account</arg>
<doc>Runs the given keyword with given arguments and returns the status as a Boolean value.</doc>
<status status="NOT RUN" starttime="20240212 09:04:51.759" endtime="20240212 09:04:51.759"/>
</kw>
<kw name="Run Keyword If" library="BuiltIn">
<arg>${status}</arg>
<arg>Reference Loan SPL</arg>
<doc>Runs the given keyword with the given arguments, if ``condition`` is true.</doc>
<status status="NOT RUN" starttime="20240212 09:04:51.759" endtime="20240212 09:04:51.759"/>
</kw>
<kw name="Click Element" library="SeleniumLibrary">
<arg>//*[text()="Confirm"]</arg>
<doc>Click the element identified by ``locator``.</doc>
<status status="NOT RUN" starttime="20240212 09:04:51.760" endtime="20240212 09:04:51.760"/>
</kw>
<kw name="Wait Until Element Is Visible" library="SeleniumLibrary">
<arg>//*[text()="Current address"]</arg>
<doc>Waits until the element ``locator`` is visible.</doc>
<status status="NOT RUN" starttime="20240212 09:04:51.760" endtime="20240212 09:04:51.760"/>
</kw>
<kw name="Scroll Element Into View" library="SeleniumLibrary">
<arg>//*[text()="Current address"]</arg>
<doc>Scrolls the element identified by ``locator`` into view.</doc>
<status status="NOT RUN" starttime="20240212 09:04:51.760" endtime="20240212 09:04:51.760"/>
</kw>
<kw name="Wait Until Element Is Visible" library="SeleniumLibrary">
<arg>//*[@placeholder="Select education level"]</arg>
<doc>Waits until the element ``locator`` is visible.</doc>
<status status="NOT RUN" starttime="20240212 09:04:51.760" endtime="20240212 09:04:51.760"/>
</kw>
<kw name="Wait Until Element Is Visible" library="SeleniumLibrary">
<arg>//*[@placeholder="Select education level"]</arg>
<doc>Waits until the element ``locator`` is visible.</doc>
<status status="NOT RUN" starttime="20240212 09:04:51.761" endtime="20240212 09:04:51.761"/>
</kw>
<kw name="Click Element" library="SeleniumLibrary">
<arg>//*[@placeholder="Select education level"]</arg>
<doc>Click the element identified by ``locator``.</doc>
<status status="NOT RUN" starttime="20240212 09:04:51.761" endtime="20240212 09:04:51.761"/>
</kw>
<kw name="Wait Until Element Is Visible" library="SeleniumLibrary">
<arg>(//*[@placeholder="Select education level"])[2]</arg>
<doc>Waits until the element ``locator`` is visible.</doc>
<status status="NOT RUN" starttime="20240212 09:04:51.761" endtime="20240212 09:04:51.761"/>
</kw>
<kw name="Input Text" library="SeleniumLibrary">
<arg>(//*[@placeholder="Select education level"])[2]</arg>
<arg>BACHELOR'S DEGREE</arg>
<doc>Types the given ``text`` into the text field identified by ``locator``.</doc>
<status status="NOT RUN" starttime="20240212 09:04:51.761" endtime="20240212 09:04:51.761"/>
</kw>
<kw name="Click Element" library="SeleniumLibrary">
<arg>//*[text()="BACHELOR'S DEGREE"]</arg>
<doc>Click the element identified by ``locator``.</doc>
<status status="NOT RUN" starttime="20240212 09:04:51.761" endtime="20240212 09:04:51.761"/>
</kw>
<kw name="Click Element" library="SeleniumLibrary">
<arg>//*[@placeholder="Select marital status"]</arg>
<doc>Click the element identified by ``locator``.</doc>
<status status="NOT RUN" starttime="20240212 09:04:51.761" endtime="20240212 09:04:51.762"/>
</kw>
<kw name="Input Text" library="SeleniumLibrary">
<arg>(//*[@placeholder="Select marital status"])[2]</arg>
<arg>SINGLE</arg>
<doc>Types the given ``text`` into the text field identified by ``locator``.</doc>
<status status="NOT RUN" starttime="20240212 09:04:51.762" endtime="20240212 09:04:51.762"/>
</kw>
<kw name="Click Element" library="SeleniumLibrary">
<arg>//*[text()="SINGLE"]</arg>
<doc>Click the element identified by ``locator``.</doc>
<status status="NOT RUN" starttime="20240212 09:04:51.762" endtime="20240212 09:04:51.762"/>
</kw>
<kw name="Press Keys" library="SeleniumLibrary">
<arg>//*[@name="emailAddressForStatement"]</arg>
<arg>CTRL+a+DELETE</arg>
<doc>Simulates the user pressing key(s) to an element or on the active browser.</doc>
<status status="NOT RUN" starttime="20240212 09:04:51.762" endtime="20240212 09:04:51.762"/>
</kw>
<kw name="Input Text" library="SeleniumLibrary">
<arg>//*[@name="emailAddressForStatement"]</arg>
<arg>${Email_Excel}</arg>
<doc>Types the given ``text`` into the text field identified by ``locator``.</doc>
<status status="NOT RUN" starttime="20240212 09:04:51.762" endtime="20240212 09:04:51.762"/>
</kw>
<kw name="Execute Javascript" library="SeleniumLibrary">
<arg>window.scrollTo(0, document.body.scrollHeight)</arg>
<doc>Executes the given JavaScript code with possible arguments.</doc>
<status status="NOT RUN" starttime="20240212 09:04:51.762" endtime="20240212 09:04:51.762"/>
</kw>
<kw name="Click Element" library="SeleniumLibrary">
<arg>//*[text()="Use address as specified in National ID Card"]</arg>
<doc>Click the element identified by ``locator``.</doc>
<status status="NOT RUN" starttime="20240212 09:04:51.763" endtime="20240212 09:04:51.763"/>
</kw>
<kw name="Click Element" library="SeleniumLibrary">
<arg>//*[text()="National ID Card"]</arg>
<doc>Click the element identified by ``locator``.</doc>
<status status="NOT RUN" starttime="20240212 09:04:51.763" endtime="20240212 09:04:51.763"/>
</kw>
<kw name="Click Element" library="SeleniumLibrary">
<arg>//*[text()="Next"]</arg>
<doc>Click the element identified by ``locator``.</doc>
<status status="NOT RUN" starttime="20240212 09:04:51.763" endtime="20240212 09:04:51.763"/>
</kw>
<kw name="Wait Until Element Is Visible" library="SeleniumLibrary">
<arg>locator=//*[text()="skipOTP"]</arg>
<doc>Waits until the element ``locator`` is visible.</doc>
<status status="NOT RUN" starttime="20240212 09:04:51.763" endtime="20240212 09:04:51.763"/>
</kw>
<kw name="Click Element" library="SeleniumLibrary">
<arg>//*[text()="skipOTP"]</arg>
<doc>Click the element identified by ``locator``.</doc>
<status status="NOT RUN" starttime="20240212 09:04:51.763" endtime="20240212 09:04:51.763"/>
</kw>
<kw name="Wait Until Element Is Not Visible" library="SeleniumLibrary">
<arg>locator=//*[text()="Please wait"]</arg>
<doc>Waits until the element ``locator`` is not visible.</doc>
<status status="NOT RUN" starttime="20240212 09:04:51.764" endtime="20240212 09:04:51.764"/>
</kw>
<kw name="Wait Until Element Is Visible" library="SeleniumLibrary">
<arg>locator=(//*[@class="MuiIconButton-label"])[3]</arg>
<doc>Waits until the element ``locator`` is visible.</doc>
<status status="NOT RUN" starttime="20240212 09:04:51.764" endtime="20240212 09:04:51.764"/>
</kw>
<kw name="Click Element" library="SeleniumLibrary">
<arg>(//*[@class="MuiIconButton-label"])[3]</arg>
<doc>Click the element identified by ``locator``.</doc>
<status status="NOT RUN" starttime="20240212 09:04:51.764" endtime="20240212 09:04:51.764"/>
</kw>
<kw name="Click Element" library="SeleniumLibrary">
<arg>//*[@placeholder="Select occupation"]</arg>
<doc>Click the element identified by ``locator``.</doc>
<status status="NOT RUN" starttime="20240212 09:04:51.764" endtime="20240212 09:04:51.764"/>
</kw>
<kw name="Input Text" library="SeleniumLibrary">
<arg>//*[@placeholder="Search"]</arg>
<arg>Doctor</arg>
<doc>Types the given ``text`` into the text field identified by ``locator``.</doc>
<status status="NOT RUN" starttime="20240212 09:04:51.765" endtime="20240212 09:04:51.765"/>
</kw>
<kw name="Wait Until Element Is Visible" library="SeleniumLibrary">
<arg>locator=//*[text()="Doctor"]</arg>
<doc>Waits until the element ``locator`` is visible.</doc>
<status status="NOT RUN" starttime="20240212 09:04:51.765" endtime="20240212 09:04:51.765"/>
</kw>
<kw name="Click Element" library="SeleniumLibrary">
<arg>//*[text()="Doctor"]</arg>
<doc>Click the element identified by ``locator``.</doc>
<status status="NOT RUN" starttime="20240212 09:04:51.765" endtime="20240212 09:04:51.765"/>
</kw>
<kw name="Input Text" library="SeleniumLibrary">
<arg>name=companyName</arg>
<arg>${Company name}</arg>
<doc>Types the given ``text`` into the text field identified by ``locator``.</doc>
<status status="NOT RUN" starttime="20240212 09:04:51.765" endtime="20240212 09:04:51.765"/>
</kw>
<kw name="Click Element" library="SeleniumLibrary">
<arg>//*[@placeholder="Select year(s) and month(s)"]</arg>
<doc>Click the element identified by ``locator``.</doc>
<status status="NOT RUN" starttime="20240212 09:04:51.766" endtime="20240212 09:04:51.766"/>
</kw>
<kw name="Click Plus Button 4 Times" library="Keywords">
<arg>//*[name()='path' and @d='M14 8H8V14H6V8H0V6H6V0H8V6H14V8Z']</arg>
<status status="NOT RUN" starttime="20240212 09:04:51.766" endtime="20240212 09:04:51.766"/>
</kw>
<kw name="Wait Until Element Is Visible" library="SeleniumLibrary">
<arg>//*[text()="OK"]</arg>
<doc>Waits until the element ``locator`` is visible.</doc>
<status status="NOT RUN" starttime="20240212 09:04:51.767" endtime="20240212 09:04:51.767"/>
</kw>
<kw name="Sleep" library="BuiltIn">
<arg>3s</arg>
<doc>Pauses the test executed for the given time.</doc>
<status status="NOT RUN" starttime="20240212 09:04:51.767" endtime="20240212 09:04:51.767"/>
</kw>
<kw name="Click Element" library="SeleniumLibrary">
<arg>//*[text()="OK"]</arg>
<doc>Click the element identified by ``locator``.</doc>
<status status="NOT RUN" starttime="20240212 09:04:51.767" endtime="20240212 09:04:51.767"/>
</kw>
<kw name="Wait Until Element Is Not Visible" library="SeleniumLibrary">
<arg>//*[text()="Please wait"]</arg>
<doc>Waits until the element ``locator`` is not visible.</doc>
<status status="NOT RUN" starttime="20240212 09:04:51.767" endtime="20240212 09:04:51.768"/>
</kw>
<kw name="Execute Javascript" library="SeleniumLibrary">
<arg>window.scrollTo(0, document.body.scrollHeight)</arg>
<doc>Executes the given JavaScript code with possible arguments.</doc>
<status status="NOT RUN" starttime="20240212 09:04:51.768" endtime="20240212 09:04:51.768"/>
</kw>
<kw name="Input Text" library="SeleniumLibrary">
<arg>//*[@name="mobileNo"]</arg>
<arg>${PhoneNumber}</arg>
<doc>Types the given ``text`` into the text field identified by ``locator``.</doc>
<status status="NOT RUN" starttime="20240212 09:04:51.768" endtime="20240212 09:04:51.768"/>
</kw>
<kw name="Click Element" library="SeleniumLibrary">
<arg>//*[@placeholder="Input work address"]</arg>
<doc>Click the element identified by ``locator``.</doc>
<status status="NOT RUN" starttime="20240212 09:04:51.769" endtime="20240212 09:04:51.769"/>
</kw>
<kw name="Wait Until Element Is Visible" library="SeleniumLibrary">
<arg>//*[text()="Use address as specified in National ID Card"]</arg>
<doc>Waits until the element ``locator`` is visible.</doc>
<status status="NOT RUN" starttime="20240212 09:04:51.769" endtime="20240212 09:04:51.769"/>
</kw>
<kw name="Sleep" library="BuiltIn">
<arg>3s</arg>
<doc>Pauses the test executed for the given time.</doc>
<status status="NOT RUN" starttime="20240212 09:04:51.769" endtime="20240212 09:04:51.771"/>
</kw>
<kw name="Click Element" library="SeleniumLibrary">
<arg>//*[text()="Use address as specified in National ID Card"]</arg>
<doc>Click the element identified by ``locator``.</doc>
<status status="NOT RUN" starttime="20240212 09:04:51.771" endtime="20240212 09:04:51.771"/>
</kw>
<kw name="Execute Javascript" library="SeleniumLibrary">
<arg>window.scrollTo(0, document.body.scrollHeight)</arg>
<doc>Executes the given JavaScript code with possible arguments.</doc>
<status status="NOT RUN" starttime="20240212 09:04:51.771" endtime="20240212 09:04:51.771"/>
</kw>
<kw name="Click Element" library="SeleniumLibrary">
<arg>//*[text()="Save"]</arg>
<doc>Click the element identified by ``locator``.</doc>
<status status="NOT RUN" starttime="20240212 09:04:51.772" endtime="20240212 09:04:51.772"/>
</kw>
<kw name="Run Keyword If" library="BuiltIn">
<arg>'${SELECTED_CARD}' == '${CARD_TYPE_CC}'</arg>
<arg>Click Element</arg>
<arg>//*[text()="Next"]</arg>
<doc>Runs the given keyword with the given arguments, if ``condition`` is true.</doc>
<status status="NOT RUN" starttime="20240212 09:04:51.772" endtime="20240212 09:04:51.772"/>
</kw>
<kw name="Run Keyword If" library="BuiltIn">
<arg>'${SELECTED_CARD}' == '${CARD_TYPE_SPC}'</arg>
<arg>Add detail spc</arg>
<doc>Runs the given keyword with the given arguments, if ``condition`` is true.</doc>
<status status="NOT RUN" starttime="20240212 09:04:51.772" endtime="20240212 09:04:51.772"/>
</kw>
<kw name="Run Keyword If" library="BuiltIn">
<arg>'${SELECTED_CARD}' == '${CARD_TYPE_SPL}'</arg>
<arg>Add detail spl</arg>
<doc>Runs the given keyword with the given arguments, if ``condition`` is true.</doc>
<status status="NOT RUN" starttime="20240212 09:04:51.772" endtime="20240212 09:04:51.772"/>
</kw>
<kw name="Wait Until Element Is Not Visible" library="SeleniumLibrary">
<arg>locator=//*[text()="Please wait"]</arg>
<doc>Waits until the element ``locator`` is not visible.</doc>
<status status="NOT RUN" starttime="20240212 09:04:51.772" endtime="20240212 09:04:51.772"/>
</kw>
<kw name="Sleep" library="BuiltIn">
<arg>1s</arg>
<doc>Pauses the test executed for the given time.</doc>
<status status="NOT RUN" starttime="20240212 09:04:51.772" endtime="20240212 09:04:51.772"/>
</kw>
<kw name="Wait Until Element Is Visible" library="SeleniumLibrary">
<arg>//*[text()="Continue"]</arg>
<doc>Waits until the element ``locator`` is visible.</doc>
<status status="NOT RUN" starttime="20240212 09:04:51.773" endtime="20240212 09:04:51.773"/>
</kw>
<kw name="Click Element" library="SeleniumLibrary">
<arg>//*[text()="Continue"]</arg>
<doc>Click the element identified by ``locator``.</doc>
<status status="NOT RUN" starttime="20240212 09:04:51.773" endtime="20240212 09:04:51.773"/>
</kw>
<kw name="Wait Until Element Is Not Visible" library="SeleniumLibrary">
<arg>//*[text()="Please wait"]</arg>
<doc>Waits until the element ``locator`` is not visible.</doc>
<status status="NOT RUN" starttime="20240212 09:04:51.773" endtime="20240212 09:04:51.773"/>
</kw>
<kw name="Run Keyword If" library="BuiltIn">
<arg>'${SELECTED_CARD}' == '${CARD_TYPE_SPL}'</arg>
<arg>Run Keywords</arg>
<arg>Wait Until Element Is Visible</arg>
<arg>//*[text()="SCB Account"]</arg>
<arg>AND</arg>
<arg>Click Element</arg>
<arg>//*[text()="SCB Account"]</arg>
<doc>Runs the given keyword with the given arguments, if ``condition`` is true.</doc>
<status status="NOT RUN" starttime="20240212 09:04:51.773" endtime="20240212 09:04:51.773"/>
</kw>
<kw name="Run Keyword If" library="BuiltIn">
<arg>'${SELECTED_CARD}' == '${CARD_TYPE_SPL}'</arg>
<arg>Select add account number or not</arg>
<doc>Runs the given keyword with the given arguments, if ``condition`` is true.</doc>
<status status="NOT RUN" starttime="20240212 09:04:51.773" endtime="20240212 09:04:51.773"/>
</kw>
<kw name="Wait Until Element Is Visible" library="SeleniumLibrary">
<arg>locator=//*[@alt="arrowdown"]</arg>
<doc>Waits until the element ``locator`` is visible.</doc>
<status status="NOT RUN" starttime="20240212 09:04:51.773" endtime="20240212 09:04:51.773"/>
</kw>
<kw name="Click Element" library="SeleniumLibrary">
<arg>//*[@alt="arrowdown"]</arg>
<doc>Click the element identified by ``locator``.</doc>
<status status="NOT RUN" starttime="20240212 09:04:51.774" endtime="20240212 09:04:51.774"/>
</kw>
<kw name="Sleep" library="BuiltIn">
<arg>2s</arg>
<doc>Pauses the test executed for the given time.</doc>
<status status="NOT RUN" starttime="20240212 09:04:51.774" endtime="20240212 09:04:51.774"/>
</kw>
<kw name="Click Element" library="SeleniumLibrary">
<arg>//*[text()="Accept"]</arg>
<doc>Click the element identified by ``locator``.</doc>
<status status="NOT RUN" starttime="20240212 09:04:51.774" endtime="20240212 09:04:51.774"/>
</kw>
<kw name="Click Element" library="SeleniumLibrary">
<arg>//*[text()="skipOTP"]</arg>
<doc>Click the element identified by ``locator``.</doc>
<status status="NOT RUN" starttime="20240212 09:04:51.774" endtime="20240212 09:04:51.774"/>
</kw>
<kw name="Wait Until Element Is Not Visible" library="SeleniumLibrary">
<arg>//*[text()="Please wait"]</arg>
<doc>Waits until the element ``locator`` is not visible.</doc>
<status status="NOT RUN" starttime="20240212 09:04:51.775" endtime="20240212 09:04:51.775"/>
</kw>
<kw name="Execute Javascript" library="SeleniumLibrary">
<arg>window.scrollTo(0, document.body.scrollHeight)</arg>
<doc>Executes the given JavaScript code with possible arguments.</doc>
<status status="NOT RUN" starttime="20240212 09:04:51.775" endtime="20240212 09:04:51.775"/>
</kw>
<kw name="Click Element" library="SeleniumLibrary">
<arg>(//*[@class="MuiButton-label"])[2]</arg>
<doc>Click the element identified by ``locator``.</doc>
<status status="NOT RUN" starttime="20240212 09:04:51.775" endtime="20240212 09:04:51.775"/>
</kw>
<kw name="Wait Until Element Is Not Visible" library="SeleniumLibrary">
<arg>//*[text()="Please wait"]</arg>
<doc>Waits until the element ``locator`` is not visible.</doc>
<status status="NOT RUN" starttime="20240212 09:04:51.775" endtime="20240212 09:04:51.775"/>
</kw>
<kw name="Scroll Element Into View" library="SeleniumLibrary">
<arg>//*[text()="Accept all"]</arg>
<doc>Scrolls the element identified by ``locator`` into view.</doc>
<status status="NOT RUN" starttime="20240212 09:04:51.775" endtime="20240212 09:04:51.775"/>
</kw>
<kw name="Click Element" library="SeleniumLibrary">
<arg>//*[text()="Accept all"]</arg>
<doc>Click the element identified by ``locator``.</doc>
<status status="NOT RUN" starttime="20240212 09:04:51.775" endtime="20240212 09:04:51.775"/>
</kw>
<kw name="Click Element" library="SeleniumLibrary">
<arg>//*[text()="I have read and agreed to the"]</arg>
<doc>Click the element identified by ``locator``.</doc>
<status status="NOT RUN" starttime="20240212 09:04:51.775" endtime="20240212 09:04:51.775"/>
</kw>
<kw name="Execute Javascript" library="SeleniumLibrary">
<arg>window.scrollTo(0, document.body.scrollHeight)</arg>
<doc>Executes the given JavaScript code with possible arguments.</doc>
<status status="NOT RUN" starttime="20240212 09:04:51.776" endtime="20240212 09:04:51.776"/>
</kw>
<kw name="Click Element" library="SeleniumLibrary">
<arg>//*[text()="Next"]</arg>
<doc>Click the element identified by ``locator``.</doc>
<status status="NOT RUN" starttime="20240212 09:04:51.776" endtime="20240212 09:04:51.776"/>
</kw>
<kw name="Wait Until Element Is Not Visible" library="SeleniumLibrary">
<arg>//*[text()="Please wait"]</arg>
<doc>Waits until the element ``locator`` is not visible.</doc>
<status status="NOT RUN" starttime="20240212 09:04:51.776" endtime="20240212 09:04:51.776"/>
</kw>
<kw name="Wait Until Element Is Visible" library="SeleniumLibrary">
<arg>locator=//*[@name="ReferralCode1"]</arg>
<doc>Waits until the element ``locator`` is visible.</doc>
<status status="NOT RUN" starttime="20240212 09:04:51.776" endtime="20240212 09:04:51.776"/>
</kw>
<kw name="Input Text" library="SeleniumLibrary">
<arg>//*[@name="ReferralCode1"]</arg>
<arg>${Sales code 1_uat}</arg>
<doc>Types the given ``text`` into the text field identified by ``locator``.</doc>
<status status="NOT RUN" starttime="20240212 09:04:51.776" endtime="20240212 09:04:51.776"/>
</kw>
<kw name="Sleep" library="BuiltIn">
<arg>4s</arg>
<doc>Pauses the test executed for the given time.</doc>
<status status="NOT RUN" starttime="20240212 09:04:51.776" endtime="20240212 09:04:51.777"/>
</kw>
<kw name="Next" library="Keywords">
<status status="NOT RUN" starttime="20240212 09:04:51.777" endtime="20240212 09:04:51.777"/>
</kw>
<kw name="Wait Until Element Is Not Visible" library="SeleniumLibrary">
<arg>//*[text()="Please wait"]</arg>
<doc>Waits until the element ``locator`` is not visible.</doc>
<status status="NOT RUN" starttime="20240212 09:04:51.777" endtime="20240212 09:04:51.777"/>
</kw>
<kw name="Execute Javascript" library="SeleniumLibrary">
<arg>window.scrollTo(0, document.body.scrollHeight)</arg>
<doc>Executes the given JavaScript code with possible arguments.</doc>
<status status="NOT RUN" starttime="20240212 09:04:51.777" endtime="20240212 09:04:51.777"/>
</kw>
<kw name="Click Element" library="SeleniumLibrary">
<arg>//*[text()="Confirm application"]</arg>
<doc>Click the element identified by ``locator``.</doc>
<status status="NOT RUN" starttime="20240212 09:04:51.777" endtime="20240212 09:04:51.777"/>
</kw>
<kw name="Wait Until Element Is Visible" library="SeleniumLibrary">
<arg>//*[text()="skipOTP"]</arg>
<doc>Waits until the element ``locator`` is visible.</doc>
<status status="NOT RUN" starttime="20240212 09:04:51.778" endtime="20240212 09:04:51.778"/>
</kw>
<kw name="Click Element" library="SeleniumLibrary">
<arg>//*[text()="skipOTP"]</arg>
<doc>Click the element identified by ``locator``.</doc>
<status status="NOT RUN" starttime="20240212 09:04:51.778" endtime="20240212 09:04:51.778"/>
</kw>
<kw name="Wait Until Element Is Not Visible" library="SeleniumLibrary">
<arg>//*[text()="Application is being processed,please wait a few minutes"]</arg>
<arg>200s</arg>
<doc>Waits until the element ``locator`` is not visible.</doc>
<status status="NOT RUN" starttime="20240212 09:04:51.778" endtime="20240212 09:04:51.778"/>
</kw>
<kw name="Wait Until Element Is Visible" library="SeleniumLibrary">
<arg>//*[text()="Submit document via Sale Tablet"]</arg>
<doc>Waits until the element ``locator`` is visible.</doc>
<status status="NOT RUN" starttime="20240212 09:04:51.778" endtime="20240212 09:04:51.778"/>
</kw>
<kw name="Click Element" library="SeleniumLibrary">
<arg>//*[text()="Submit document via Sale Tablet"]</arg>
<doc>Click the element identified by ``locator``.</doc>
<status status="NOT RUN" starttime="20240212 09:04:51.778" endtime="20240212 09:04:51.778"/>
</kw>
<kw name="Wait Until Element Is Visible" library="SeleniumLibrary">
<arg>//*[text()="Upload"]</arg>
<doc>Waits until the element ``locator`` is visible.</doc>
<status status="NOT RUN" starttime="20240212 09:04:51.779" endtime="20240212 09:04:51.779"/>
</kw>
<kw name="Sleep" library="BuiltIn">
<arg>3s</arg>
<doc>Pauses the test executed for the given time.</doc>
<status status="NOT RUN" starttime="20240212 09:04:51.779" endtime="20240212 09:04:51.779"/>
</kw>
<kw name="Click Element" library="SeleniumLibrary">
<arg>//*[text()="Upload"]</arg>
<doc>Click the element identified by ``locator``.</doc>
<status status="NOT RUN" starttime="20240212 09:04:51.779" endtime="20240212 09:04:51.779"/>
</kw>
<kw name="Wait Until Element Is Not Visible" library="SeleniumLibrary">
<arg>//*[text()="Please wait"]</arg>
<doc>Waits until the element ``locator`` is not visible.</doc>
<status status="NOT RUN" starttime="20240212 09:04:51.779" endtime="20240212 09:04:51.779"/>
</kw>
<kw name="Wait Until Element Is Visible" library="SeleniumLibrary">
<arg>//*[text()="Add photo"]</arg>
<doc>Waits until the element ``locator`` is visible.</doc>
<status status="NOT RUN" starttime="20240212 09:04:51.779" endtime="20240212 09:04:51.779"/>
</kw>
<kw name="Sleep" library="BuiltIn">
<arg>5s</arg>
<doc>Pauses the test executed for the given time.</doc>
<status status="NOT RUN" starttime="20240212 09:04:51.779" endtime="20240212 09:04:51.779"/>
</kw>
<kw name="Click Element" library="SeleniumLibrary">
<arg>//*[text()="Add photo"]</arg>
<doc>Click the element identified by ``locator``.</doc>
<status status="NOT RUN" starttime="20240212 09:04:51.779" endtime="20240212 09:04:51.779"/>
</kw>
<kw name="Sleep" library="BuiltIn">
<arg>2s</arg>
<doc>Pauses the test executed for the given time.</doc>
<status status="NOT RUN" starttime="20240212 09:04:51.780" endtime="20240212 09:04:51.780"/>
</kw>
<kw name="Choose File" library="SeleniumLibrary">
<arg>xpath=//*[@id="selectImage"]</arg>
<arg>D:\\automate\\Setup\\test.jpg</arg>
<doc>Inputs the ``file_path`` into the file input field ``locator``.</doc>
<status status="NOT RUN" starttime="20240212 09:04:51.780" endtime="20240212 09:04:51.780"/>
</kw>
<kw name="Sleep" library="BuiltIn">
<arg>3s</arg>
<doc>Pauses the test executed for the given time.</doc>
<status status="NOT RUN" starttime="20240212 09:04:51.780" endtime="20240212 09:04:51.780"/>
</kw>
<kw name="Wait Until Element Is Not Visible" library="SeleniumLibrary">
<arg>locator=//*[text()="Please wait"]</arg>
<doc>Waits until the element ``locator`` is not visible.</doc>
<status status="NOT RUN" starttime="20240212 09:04:51.780" endtime="20240212 09:04:51.780"/>
</kw>
<kw name="Sleep" library="BuiltIn">
<arg>1s</arg>
<doc>Pauses the test executed for the given time.</doc>
<status status="NOT RUN" starttime="20240212 09:04:51.782" endtime="20240212 09:04:51.782"/>
</kw>
<kw name="Execute Javascript" library="SeleniumLibrary">
<arg>window.scrollTo(0, document.body.scrollHeight)</arg>
<doc>Executes the given JavaScript code with possible arguments.</doc>
<status status="NOT RUN" starttime="20240212 09:04:51.782" endtime="20240212 09:04:51.782"/>
</kw>
<kw name="Sleep" library="BuiltIn">
<arg>5s</arg>
<doc>Pauses the test executed for the given time.</doc>
<status status="NOT RUN" starttime="20240212 09:04:51.782" endtime="20240212 09:04:51.782"/>
</kw>
<kw name="Wait Until Element Is Visible" library="SeleniumLibrary">
<arg>locator=//*[text()="Done"]</arg>
<doc>Waits until the element ``locator`` is visible.</doc>
<status status="NOT RUN" starttime="20240212 09:04:51.782" endtime="20240212 09:04:51.782"/>
</kw>
<kw name="Sleep" library="BuiltIn">
<arg>3s</arg>
<doc>Pauses the test executed for the given time.</doc>
<status status="NOT RUN" starttime="20240212 09:04:51.782" endtime="20240212 09:04:51.782"/>
</kw>
<kw name="Click Element" library="SeleniumLibrary">
<arg>//*[text()="Done"]</arg>
<doc>Click the element identified by ``locator``.</doc>
<status status="NOT RUN" starttime="20240212 09:04:51.782" endtime="20240212 09:04:51.783"/>
</kw>
<kw name="Sleep" library="BuiltIn">
<arg>10s</arg>
<doc>Pauses the test executed for the given time.</doc>
<status status="NOT RUN" starttime="20240212 09:04:51.783" endtime="20240212 09:04:51.783"/>
</kw>
<kw name="Wait Until Element Is Not Visible" library="SeleniumLibrary">
<arg>//*[text()="Please wait"]</arg>
<doc>Waits until the element ``locator`` is not visible.</doc>
<status status="NOT RUN" starttime="20240212 09:04:51.783" endtime="20240212 09:04:51.783"/>
</kw>
<kw name="Sleep" library="BuiltIn">
<arg>4s</arg>
<doc>Pauses the test executed for the given time.</doc>
<status status="NOT RUN" starttime="20240212 09:04:51.784" endtime="20240212 09:04:51.784"/>
</kw>
<kw name="Execute Javascript" library="SeleniumLibrary">
<arg>window.scrollTo(0, document.body.scrollHeight)</arg>
<doc>Executes the given JavaScript code with possible arguments.</doc>
<status status="NOT RUN" starttime="20240212 09:04:51.784" endtime="20240212 09:04:51.784"/>
</kw>
<kw name="Sleep" library="BuiltIn">
<arg>5s</arg>
<doc>Pauses the test executed for the given time.</doc>
<status status="NOT RUN" starttime="20240212 09:04:51.784" endtime="20240212 09:04:51.784"/>
</kw>
<kw name="Run Keyword And Return Status" library="BuiltIn">
<var>${status1}</var>
<arg>Wait Until Element Is Visible</arg>
<arg>//*[@id="5"]//div[text()="Upload"]</arg>
<arg>1s</arg>
<doc>Runs the given keyword with given arguments and returns the status as a Boolean value.</doc>
<status status="NOT RUN" starttime="20240212 09:04:51.784" endtime="20240212 09:04:51.784"/>
</kw>
<kw name="Run Keyword If" library="BuiltIn">
<arg>${status1}</arg>
<arg>Run Keywords</arg>
<arg>Wait Until Element Is Visible</arg>
<arg>//*[@id="5"]//div[text()="Upload"]</arg>
<arg>AND</arg>
<arg>Click Element</arg>
<arg>//*[@id="5"]//div[text()="Upload"]</arg>
<arg>AND</arg>
<arg>Upload picture</arg>
<doc>Runs the given keyword with the given arguments, if ``condition`` is true.</doc>
<status status="NOT RUN" starttime="20240212 09:04:51.785" endtime="20240212 09:04:51.785"/>
</kw>
<kw name="Run Keyword And Return Status" library="BuiltIn">
<var>${status2}</var>
<arg>Wait Until Element Is Visible</arg>
<arg>//*[@id="6"]//div[text()="Upload"]</arg>
<arg>1s</arg>
<doc>Runs the given keyword with given arguments and returns the status as a Boolean value.</doc>
<status status="NOT RUN" starttime="20240212 09:04:51.785" endtime="20240212 09:04:51.785"/>
</kw>
<kw name="Run Keyword If" library="BuiltIn">
<arg>${status2}</arg>
<arg>Run Keywords</arg>
<arg>Wait Until Element Is Visible</arg>
<arg>//*[@id="6"]//div[text()="Upload"]</arg>
<arg>5s</arg>
<arg>AND</arg>
<arg>Click Element</arg>
<arg>//*[@id="6"]//div[text()="Upload"]</arg>
<arg>AND</arg>
<arg>Upload picture</arg>
<doc>Runs the given keyword with the given arguments, if ``condition`` is true.</doc>
<status status="NOT RUN" starttime="20240212 09:04:51.785" endtime="20240212 09:04:51.785"/>
</kw>
<kw name="Run Keyword And Return Status" library="BuiltIn">
<var>${status3}</var>
<arg>Wait Until Element Is Visible</arg>
<arg>//*[@id="7"]//div[text()="Upload"]</arg>
<arg>1s</arg>
<doc>Runs the given keyword with given arguments and returns the status as a Boolean value.</doc>
<status status="NOT RUN" starttime="20240212 09:04:51.785" endtime="20240212 09:04:51.785"/>
</kw>
<kw name="Run Keyword If" library="BuiltIn">
<arg>${status3}</arg>
<arg>Run Keywords</arg>
<arg>Wait Until Element Is Visible</arg>
<arg>//*[@id="7"]//div[text()="Upload"]</arg>
<arg>AND</arg>
<arg>Click Element</arg>
<arg>//*[@id="7"]//div[text()="Upload"]</arg>
<arg>AND</arg>
<arg>Upload picture</arg>
<doc>Runs the given keyword with the given arguments, if ``condition`` is true.</doc>
<status status="NOT RUN" starttime="20240212 09:04:51.786" endtime="20240212 09:04:51.786"/>
</kw>
<kw name="Wait Until Element Is Visible" library="SeleniumLibrary">
<arg>//*[text()="Submit document"]</arg>
<doc>Waits until the element ``locator`` is visible.</doc>
<status status="NOT RUN" starttime="20240212 09:04:51.786" endtime="20240212 09:04:51.786"/>
</kw>
<kw name="Click Element" library="SeleniumLibrary">
<arg>//*[text()="Submit document"]</arg>
<doc>Click the element identified by ``locator``.</doc>
<status status="NOT RUN" starttime="20240212 09:04:51.786" endtime="20240212 09:04:51.786"/>
</kw>
<kw name="Click Element" library="SeleniumLibrary">
<arg>//*[text()="Confirm"]</arg>
<doc>Click the element identified by ``locator``.</doc>
<status status="NOT RUN" starttime="20240212 09:04:51.786" endtime="20240212 09:04:51.786"/>
</kw>
<kw name="Wait Until Element Is Visible" library="SeleniumLibrary">
<arg>xpath=//*[text()="Back to home page"]</arg>
<doc>Waits until the element ``locator`` is visible.</doc>
<status status="NOT RUN" starttime="20240212 09:04:51.786" endtime="20240212 09:04:51.786"/>
</kw>
<kw name="Input Ref no" library="Keywords">
<arg>${ROW}</arg>
<status status="NOT RUN" starttime="20240212 09:04:51.787" endtime="20240212 09:04:51.787"/>
</kw>
<kw name="Scroll Element Into View" library="SeleniumLibrary">
<arg>xpath=//*[text()="Back to home page"]</arg>
<doc>Scrolls the element identified by ``locator`` into view.</doc>
<status status="NOT RUN" starttime="20240212 09:04:51.787" endtime="20240212 09:04:51.787"/>
</kw>
<kw name="Click Element" library="SeleniumLibrary">
<arg>xpath=//*[text()="Back to home page"]</arg>
<doc>Click the element identified by ``locator``.</doc>
<status status="NOT RUN" starttime="20240212 09:04:51.787" endtime="20240212 09:04:51.787"/>
</kw>
<kw name="Wait Until Element Is Not Visible" library="SeleniumLibrary">
<arg>locator=//*[text()="Please wait"]</arg>
<doc>Waits until the element ``locator`` is not visible.</doc>
<status status="NOT RUN" starttime="20240212 09:04:51.787" endtime="20240212 09:04:51.787"/>
</kw>
<status status="FAIL" starttime="20240212 09:04:05.429" endtime="20240212 09:04:51.788"/>
</iter>
<status status="FAIL" starttime="20240212 09:04:05.429" endtime="20240212 09:04:51.788"/>
</for>
<status status="FAIL" starttime="20240212 09:02:27.712" endtime="20240212 09:04:51.789">WebDriverException: Message: unknown error: net::ERR_CONNECTION_TIMED_OUT
  (Session info: chrome-headless-shell=121.0.6167.161)
Stacktrace:
	GetHandleVerifier [0x00007FF704632142+3514994]
	(No symbol) [0x00007FF704250CE2]
	(No symbol) [0x00007FF7040F76AA]
	(No symbol) [0x00007FF7040EFB39]
	(No symbol) [0x00007FF7040E25DD]
	(No symbol) [0x00007FF7040E16FD]
	(No symbol) [0x00007FF7040E0746]
	(No symbol) [0x00007FF7040E06EB]
	(No symbol) [0x00007FF7040DEE3D]
	(No symbol) [0x00007FF7040DF603]
	(No symbol) [0x00007FF7040FA0FD]
	(No symbol) [0x00007FF704182E01]
	(No symbol) [0x00007FF704165FEA]
	(No symbol) [0x00007FF7041828F6]
	(No symbol) [0x00007FF704165D93]
	(No symbol) [0x00007FF704134BDC]
	(No symbol) [0x00007FF704135C64]
	GetHandleVerifier [0x00007FF70465E16B+3695259]
	GetHandleVerifier [0x00007FF7046B6737+4057191]
	GetHandleVerifier [0x00007FF7046AE4E3+4023827]
	GetHandleVerifier [0x00007FF7043804F9+689705]
	(No symbol) [0x00007FF70425C048]
	(No symbol) [0x00007FF704258044]
	(No symbol) [0x00007FF7042581C9]
	(No symbol) [0x00007FF7042488C4]
	BaseThreadInitThunk [0x00007FFC6F42257D+29]
	RtlUserThreadStart [0x00007FFC714EAA58+40]
</status>
</test>
<status status="FAIL" starttime="20240212 09:02:25.111" endtime="20240212 09:04:51.798"/>
</suite>
<statistics>
<total>
<stat pass="0" fail="1" skip="0">All Tasks</stat>
</total>
<tag>
</tag>
<suite>
<stat pass="0" fail="1" skip="0" id="s1" name="Run Task">Run Task</stat>
</suite>
</statistics>
<errors>
<msg timestamp="20240212 09:02:27.708" level="ERROR">Error in file 'D:\automate\Onborad CC SPC SPL\1.Setting\Setting.robot' on line 15: Error in file 'D:\automate\Onborad CC SPC SPL\3.Task\Run task.robot' on line 128: Resource file with 'Tasks' section is invalid.</msg>
</errors>
</robot>
